WARNING - 2023-10-31 12:02:01 --> [DEPRECATED] Creation of dynamic property App\Controllers\Home::$staff is deprecated in APPPATH/Controllers/Home.php on line 16.
 1 SYSTEMPATH/CodeIgniter.php(904): App\Controllers\Home->__construct()
 2 SYSTEMPATH/CodeIgniter.php(488): CodeIgniter\CodeIgniter->createController()
 3 SYSTEMPATH/CodeIgniter.php(366): CodeIgniter\CodeIgniter->handleRequest(null, Object(Config\Cache), false)
 4 FCPATH/index.php(67): CodeIgniter\CodeIgniter->run()
INFO - 2023-10-31 12:02:01 --> Session: Class initialized using 'CodeIgniter\Session\Handlers\FileHandler' driver.
WARNING - 2023-10-31 12:02:01 --> [DEPRECATED] Creation of dynamic property App\Controllers\Home::$session is deprecated in APPPATH/Controllers/BaseController.php on line 57.
 1 SYSTEMPATH/CodeIgniter.php(905): App\Controllers\BaseController->initController(Object(CodeIgniter\HTTP\IncomingRequest), Object(CodeIgniter\HTTP\Response), Object(CodeIgniter\Log\Logger))
 2 SYSTEMPATH/CodeIgniter.php(488): CodeIgniter\CodeIgniter->createController()
 3 SYSTEMPATH/CodeIgniter.php(366): CodeIgniter\CodeIgniter->handleRequest(null, Object(Config\Cache), false)
 4 FCPATH/index.php(67): CodeIgniter\CodeIgniter->run()
WARNING - 2023-10-31 12:02:03 --> [DEPRECATED] Creation of dynamic property App\Controllers\Home::$staff is deprecated in APPPATH/Controllers/Home.php on line 16.
 1 SYSTEMPATH/CodeIgniter.php(904): App\Controllers\Home->__construct()
 2 SYSTEMPATH/CodeIgniter.php(488): CodeIgniter\CodeIgniter->createController()
 3 SYSTEMPATH/CodeIgniter.php(366): CodeIgniter\CodeIgniter->handleRequest(null, Object(Config\Cache), false)
 4 FCPATH/index.php(67): CodeIgniter\CodeIgniter->run()
INFO - 2023-10-31 12:02:03 --> Session: Class initialized using 'CodeIgniter\Session\Handlers\FileHandler' driver.
WARNING - 2023-10-31 12:02:03 --> [DEPRECATED] Creation of dynamic property App\Controllers\Home::$session is deprecated in APPPATH/Controllers/BaseController.php on line 57.
 1 SYSTEMPATH/CodeIgniter.php(905): App\Controllers\BaseController->initController(Object(CodeIgniter\HTTP\IncomingRequest), Object(CodeIgniter\HTTP\Response), Object(CodeIgniter\Log\Logger))
 2 SYSTEMPATH/CodeIgniter.php(488): CodeIgniter\CodeIgniter->createController()
 3 SYSTEMPATH/CodeIgniter.php(366): CodeIgniter\CodeIgniter->handleRequest(null, Object(Config\Cache), false)
 4 FCPATH/index.php(67): CodeIgniter\CodeIgniter->run()
WARNING - 2023-10-31 12:02:04 --> [DEPRECATED] Creation of dynamic property App\Controllers\admin::$model is deprecated in APPPATH/Controllers/admin.php on line 18.
 1 SYSTEMPATH/CodeIgniter.php(904): App\Controllers\admin->__construct()
 2 SYSTEMPATH/CodeIgniter.php(488): CodeIgniter\CodeIgniter->createController()
 3 SYSTEMPATH/CodeIgniter.php(366): CodeIgniter\CodeIgniter->handleRequest(null, Object(Config\Cache), false)
 4 FCPATH/index.php(67): CodeIgniter\CodeIgniter->run()
INFO - 2023-10-31 12:02:04 --> Session: Class initialized using 'CodeIgniter\Session\Handlers\FileHandler' driver.
WARNING - 2023-10-31 12:02:04 --> [DEPRECATED] Creation of dynamic property App\Controllers\admin::$session is deprecated in APPPATH/Controllers/BaseController.php on line 57.
 1 SYSTEMPATH/CodeIgniter.php(905): App\Controllers\BaseController->initController(Object(CodeIgniter\HTTP\IncomingRequest), Object(CodeIgniter\HTTP\Response), Object(CodeIgniter\Log\Logger))
 2 SYSTEMPATH/CodeIgniter.php(488): CodeIgniter\CodeIgniter->createController()
 3 SYSTEMPATH/CodeIgniter.php(366): CodeIgniter\CodeIgniter->handleRequest(null, Object(Config\Cache), false)
 4 FCPATH/index.php(67): CodeIgniter\CodeIgniter->run()
WARNING - 2023-10-31 12:02:11 --> [DEPRECATED] Creation of dynamic property App\Controllers\agentinvoice::$model is deprecated in APPPATH/Controllers/agentinvoice.php on line 21.
 1 SYSTEMPATH/CodeIgniter.php(904): App\Controllers\agentinvoice->__construct()
 2 SYSTEMPATH/CodeIgniter.php(488): CodeIgniter\CodeIgniter->createController()
 3 SYSTEMPATH/CodeIgniter.php(366): CodeIgniter\CodeIgniter->handleRequest(null, Object(Config\Cache), false)
 4 FCPATH/index.php(67): CodeIgniter\CodeIgniter->run()
WARNING - 2023-10-31 12:02:11 --> [DEPRECATED] Creation of dynamic property App\Controllers\agentinvoice::$agents is deprecated in APPPATH/Controllers/agentinvoice.php on line 22.
 1 SYSTEMPATH/CodeIgniter.php(904): App\Controllers\agentinvoice->__construct()
 2 SYSTEMPATH/CodeIgniter.php(488): CodeIgniter\CodeIgniter->createController()
 3 SYSTEMPATH/CodeIgniter.php(366): CodeIgniter\CodeIgniter->handleRequest(null, Object(Config\Cache), false)
 4 FCPATH/index.php(67): CodeIgniter\CodeIgniter->run()
WARNING - 2023-10-31 12:02:11 --> [DEPRECATED] Creation of dynamic property App\Controllers\agentinvoice::$commonModel is deprecated in APPPATH/Controllers/agentinvoice.php on line 23.
 1 SYSTEMPATH/CodeIgniter.php(904): App\Controllers\agentinvoice->__construct()
 2 SYSTEMPATH/CodeIgniter.php(488): CodeIgniter\CodeIgniter->createController()
 3 SYSTEMPATH/CodeIgniter.php(366): CodeIgniter\CodeIgniter->handleRequest(null, Object(Config\Cache), false)
 4 FCPATH/index.php(67): CodeIgniter\CodeIgniter->run()
WARNING - 2023-10-31 12:02:11 --> [DEPRECATED] Creation of dynamic property App\Controllers\agentinvoice::$payment is deprecated in APPPATH/Controllers/agentinvoice.php on line 24.
 1 SYSTEMPATH/CodeIgniter.php(904): App\Controllers\agentinvoice->__construct()
 2 SYSTEMPATH/CodeIgniter.php(488): CodeIgniter\CodeIgniter->createController()
 3 SYSTEMPATH/CodeIgniter.php(366): CodeIgniter\CodeIgniter->handleRequest(null, Object(Config\Cache), false)
 4 FCPATH/index.php(67): CodeIgniter\CodeIgniter->run()
INFO - 2023-10-31 12:02:11 --> Session: Class initialized using 'CodeIgniter\Session\Handlers\FileHandler' driver.
WARNING - 2023-10-31 12:02:11 --> [DEPRECATED] Creation of dynamic property App\Controllers\agentinvoice::$session is deprecated in APPPATH/Controllers/BaseController.php on line 57.
 1 SYSTEMPATH/CodeIgniter.php(905): App\Controllers\BaseController->initController(Object(CodeIgniter\HTTP\IncomingRequest), Object(CodeIgniter\HTTP\Response), Object(CodeIgniter\Log\Logger))
 2 SYSTEMPATH/CodeIgniter.php(488): CodeIgniter\CodeIgniter->createController()
 3 SYSTEMPATH/CodeIgniter.php(366): CodeIgniter\CodeIgniter->handleRequest(null, Object(Config\Cache), false)
 4 FCPATH/index.php(67): CodeIgniter\CodeIgniter->run()
WARNING - 2023-10-31 12:02:15 --> [DEPRECATED] Creation of dynamic property App\Controllers\Miscontroller::$model is deprecated in APPPATH/Controllers/Miscontroller.php on line 16.
 1 SYSTEMPATH/CodeIgniter.php(904): App\Controllers\Miscontroller->__construct()
 2 SYSTEMPATH/CodeIgniter.php(488): CodeIgniter\CodeIgniter->createController()
 3 SYSTEMPATH/CodeIgniter.php(366): CodeIgniter\CodeIgniter->handleRequest(null, Object(Config\Cache), false)
 4 FCPATH/index.php(67): CodeIgniter\CodeIgniter->run()
WARNING - 2023-10-31 12:02:15 --> [DEPRECATED] Creation of dynamic property App\Controllers\Miscontroller::$agents is deprecated in APPPATH/Controllers/Miscontroller.php on line 17.
 1 SYSTEMPATH/CodeIgniter.php(904): App\Controllers\Miscontroller->__construct()
 2 SYSTEMPATH/CodeIgniter.php(488): CodeIgniter\CodeIgniter->createController()
 3 SYSTEMPATH/CodeIgniter.php(366): CodeIgniter\CodeIgniter->handleRequest(null, Object(Config\Cache), false)
 4 FCPATH/index.php(67): CodeIgniter\CodeIgniter->run()
WARNING - 2023-10-31 12:02:15 --> [DEPRECATED] Creation of dynamic property App\Controllers\Miscontroller::$commonModel is deprecated in APPPATH/Controllers/Miscontroller.php on line 18.
 1 SYSTEMPATH/CodeIgniter.php(904): App\Controllers\Miscontroller->__construct()
 2 SYSTEMPATH/CodeIgniter.php(488): CodeIgniter\CodeIgniter->createController()
 3 SYSTEMPATH/CodeIgniter.php(366): CodeIgniter\CodeIgniter->handleRequest(null, Object(Config\Cache), false)
 4 FCPATH/index.php(67): CodeIgniter\CodeIgniter->run()
INFO - 2023-10-31 12:02:15 --> Session: Class initialized using 'CodeIgniter\Session\Handlers\FileHandler' driver.
WARNING - 2023-10-31 12:02:15 --> [DEPRECATED] Creation of dynamic property App\Controllers\Miscontroller::$session is deprecated in APPPATH/Controllers/BaseController.php on line 57.
 1 SYSTEMPATH/CodeIgniter.php(905): App\Controllers\BaseController->initController(Object(CodeIgniter\HTTP\IncomingRequest), Object(CodeIgniter\HTTP\Response), Object(CodeIgniter\Log\Logger))
 2 SYSTEMPATH/CodeIgniter.php(488): CodeIgniter\CodeIgniter->createController()
 3 SYSTEMPATH/CodeIgniter.php(366): CodeIgniter\CodeIgniter->handleRequest(null, Object(Config\Cache), false)
 4 FCPATH/index.php(67): CodeIgniter\CodeIgniter->run()
WARNING - 2023-10-31 12:02:32 --> [DEPRECATED] Creation of dynamic property App\Controllers\agentinvoice::$model is deprecated in APPPATH/Controllers/agentinvoice.php on line 21.
 1 SYSTEMPATH/CodeIgniter.php(904): App\Controllers\agentinvoice->__construct()
 2 SYSTEMPATH/CodeIgniter.php(488): CodeIgniter\CodeIgniter->createController()
 3 SYSTEMPATH/CodeIgniter.php(366): CodeIgniter\CodeIgniter->handleRequest(null, Object(Config\Cache), false)
 4 FCPATH/index.php(67): CodeIgniter\CodeIgniter->run()
WARNING - 2023-10-31 12:02:32 --> [DEPRECATED] Creation of dynamic property App\Controllers\agentinvoice::$agents is deprecated in APPPATH/Controllers/agentinvoice.php on line 22.
 1 SYSTEMPATH/CodeIgniter.php(904): App\Controllers\agentinvoice->__construct()
 2 SYSTEMPATH/CodeIgniter.php(488): CodeIgniter\CodeIgniter->createController()
 3 SYSTEMPATH/CodeIgniter.php(366): CodeIgniter\CodeIgniter->handleRequest(null, Object(Config\Cache), false)
 4 FCPATH/index.php(67): CodeIgniter\CodeIgniter->run()
WARNING - 2023-10-31 12:02:32 --> [DEPRECATED] Creation of dynamic property App\Controllers\agentinvoice::$commonModel is deprecated in APPPATH/Controllers/agentinvoice.php on line 23.
 1 SYSTEMPATH/CodeIgniter.php(904): App\Controllers\agentinvoice->__construct()
 2 SYSTEMPATH/CodeIgniter.php(488): CodeIgniter\CodeIgniter->createController()
 3 SYSTEMPATH/CodeIgniter.php(366): CodeIgniter\CodeIgniter->handleRequest(null, Object(Config\Cache), false)
 4 FCPATH/index.php(67): CodeIgniter\CodeIgniter->run()
WARNING - 2023-10-31 12:02:32 --> [DEPRECATED] Creation of dynamic property App\Controllers\agentinvoice::$payment is deprecated in APPPATH/Controllers/agentinvoice.php on line 24.
 1 SYSTEMPATH/CodeIgniter.php(904): App\Controllers\agentinvoice->__construct()
 2 SYSTEMPATH/CodeIgniter.php(488): CodeIgniter\CodeIgniter->createController()
 3 SYSTEMPATH/CodeIgniter.php(366): CodeIgniter\CodeIgniter->handleRequest(null, Object(Config\Cache), false)
 4 FCPATH/index.php(67): CodeIgniter\CodeIgniter->run()
INFO - 2023-10-31 12:02:32 --> Session: Class initialized using 'CodeIgniter\Session\Handlers\FileHandler' driver.
WARNING - 2023-10-31 12:02:32 --> [DEPRECATED] Creation of dynamic property App\Controllers\agentinvoice::$session is deprecated in APPPATH/Controllers/BaseController.php on line 57.
 1 SYSTEMPATH/CodeIgniter.php(905): App\Controllers\BaseController->initController(Object(CodeIgniter\HTTP\IncomingRequest), Object(CodeIgniter\HTTP\Response), Object(CodeIgniter\Log\Logger))
 2 SYSTEMPATH/CodeIgniter.php(488): CodeIgniter\CodeIgniter->createController()
 3 SYSTEMPATH/CodeIgniter.php(366): CodeIgniter\CodeIgniter->handleRequest(null, Object(Config\Cache), false)
 4 FCPATH/index.php(67): CodeIgniter\CodeIgniter->run()
WARNING - 2023-10-31 12:03:01 --> [DEPRECATED] Creation of dynamic property App\Controllers\agentinvoice::$model is deprecated in APPPATH/Controllers/agentinvoice.php on line 21.
 1 SYSTEMPATH/CodeIgniter.php(904): App\Controllers\agentinvoice->__construct()
 2 SYSTEMPATH/CodeIgniter.php(488): CodeIgniter\CodeIgniter->createController()
 3 SYSTEMPATH/CodeIgniter.php(366): CodeIgniter\CodeIgniter->handleRequest(null, Object(Config\Cache), false)
 4 FCPATH/index.php(67): CodeIgniter\CodeIgniter->run()
WARNING - 2023-10-31 12:03:01 --> [DEPRECATED] Creation of dynamic property App\Controllers\agentinvoice::$agents is deprecated in APPPATH/Controllers/agentinvoice.php on line 22.
 1 SYSTEMPATH/CodeIgniter.php(904): App\Controllers\agentinvoice->__construct()
 2 SYSTEMPATH/CodeIgniter.php(488): CodeIgniter\CodeIgniter->createController()
 3 SYSTEMPATH/CodeIgniter.php(366): CodeIgniter\CodeIgniter->handleRequest(null, Object(Config\Cache), false)
 4 FCPATH/index.php(67): CodeIgniter\CodeIgniter->run()
WARNING - 2023-10-31 12:03:01 --> [DEPRECATED] Creation of dynamic property App\Controllers\agentinvoice::$commonModel is deprecated in APPPATH/Controllers/agentinvoice.php on line 23.
 1 SYSTEMPATH/CodeIgniter.php(904): App\Controllers\agentinvoice->__construct()
 2 SYSTEMPATH/CodeIgniter.php(488): CodeIgniter\CodeIgniter->createController()
 3 SYSTEMPATH/CodeIgniter.php(366): CodeIgniter\CodeIgniter->handleRequest(null, Object(Config\Cache), false)
 4 FCPATH/index.php(67): CodeIgniter\CodeIgniter->run()
WARNING - 2023-10-31 12:03:01 --> [DEPRECATED] Creation of dynamic property App\Controllers\agentinvoice::$payment is deprecated in APPPATH/Controllers/agentinvoice.php on line 24.
 1 SYSTEMPATH/CodeIgniter.php(904): App\Controllers\agentinvoice->__construct()
 2 SYSTEMPATH/CodeIgniter.php(488): CodeIgniter\CodeIgniter->createController()
 3 SYSTEMPATH/CodeIgniter.php(366): CodeIgniter\CodeIgniter->handleRequest(null, Object(Config\Cache), false)
 4 FCPATH/index.php(67): CodeIgniter\CodeIgniter->run()
INFO - 2023-10-31 12:03:01 --> Session: Class initialized using 'CodeIgniter\Session\Handlers\FileHandler' driver.
WARNING - 2023-10-31 12:03:01 --> [DEPRECATED] Creation of dynamic property App\Controllers\agentinvoice::$session is deprecated in APPPATH/Controllers/BaseController.php on line 57.
 1 SYSTEMPATH/CodeIgniter.php(905): App\Controllers\BaseController->initController(Object(CodeIgniter\HTTP\IncomingRequest), Object(CodeIgniter\HTTP\Response), Object(CodeIgniter\Log\Logger))
 2 SYSTEMPATH/CodeIgniter.php(488): CodeIgniter\CodeIgniter->createController()
 3 SYSTEMPATH/CodeIgniter.php(366): CodeIgniter\CodeIgniter->handleRequest(null, Object(Config\Cache), false)
 4 FCPATH/index.php(67): CodeIgniter\CodeIgniter->run()
WARNING - 2023-10-31 12:03:03 --> [DEPRECATED] Creation of dynamic property App\Controllers\agentinvoice::$model is deprecated in APPPATH/Controllers/agentinvoice.php on line 21.
 1 SYSTEMPATH/CodeIgniter.php(904): App\Controllers\agentinvoice->__construct()
 2 SYSTEMPATH/CodeIgniter.php(488): CodeIgniter\CodeIgniter->createController()
 3 SYSTEMPATH/CodeIgniter.php(366): CodeIgniter\CodeIgniter->handleRequest(null, Object(Config\Cache), false)
 4 FCPATH/index.php(67): CodeIgniter\CodeIgniter->run()
WARNING - 2023-10-31 12:03:03 --> [DEPRECATED] Creation of dynamic property App\Controllers\agentinvoice::$agents is deprecated in APPPATH/Controllers/agentinvoice.php on line 22.
 1 SYSTEMPATH/CodeIgniter.php(904): App\Controllers\agentinvoice->__construct()
 2 SYSTEMPATH/CodeIgniter.php(488): CodeIgniter\CodeIgniter->createController()
 3 SYSTEMPATH/CodeIgniter.php(366): CodeIgniter\CodeIgniter->handleRequest(null, Object(Config\Cache), false)
 4 FCPATH/index.php(67): CodeIgniter\CodeIgniter->run()
WARNING - 2023-10-31 12:03:03 --> [DEPRECATED] Creation of dynamic property App\Controllers\agentinvoice::$commonModel is deprecated in APPPATH/Controllers/agentinvoice.php on line 23.
 1 SYSTEMPATH/CodeIgniter.php(904): App\Controllers\agentinvoice->__construct()
 2 SYSTEMPATH/CodeIgniter.php(488): CodeIgniter\CodeIgniter->createController()
 3 SYSTEMPATH/CodeIgniter.php(366): CodeIgniter\CodeIgniter->handleRequest(null, Object(Config\Cache), false)
 4 FCPATH/index.php(67): CodeIgniter\CodeIgniter->run()
WARNING - 2023-10-31 12:03:03 --> [DEPRECATED] Creation of dynamic property App\Controllers\agentinvoice::$payment is deprecated in APPPATH/Controllers/agentinvoice.php on line 24.
 1 SYSTEMPATH/CodeIgniter.php(904): App\Controllers\agentinvoice->__construct()
 2 SYSTEMPATH/CodeIgniter.php(488): CodeIgniter\CodeIgniter->createController()
 3 SYSTEMPATH/CodeIgniter.php(366): CodeIgniter\CodeIgniter->handleRequest(null, Object(Config\Cache), false)
 4 FCPATH/index.php(67): CodeIgniter\CodeIgniter->run()
INFO - 2023-10-31 12:03:03 --> Session: Class initialized using 'CodeIgniter\Session\Handlers\FileHandler' driver.
WARNING - 2023-10-31 12:03:03 --> [DEPRECATED] Creation of dynamic property App\Controllers\agentinvoice::$session is deprecated in APPPATH/Controllers/BaseController.php on line 57.
 1 SYSTEMPATH/CodeIgniter.php(905): App\Controllers\BaseController->initController(Object(CodeIgniter\HTTP\IncomingRequest), Object(CodeIgniter\HTTP\Response), Object(CodeIgniter\Log\Logger))
 2 SYSTEMPATH/CodeIgniter.php(488): CodeIgniter\CodeIgniter->createController()
 3 SYSTEMPATH/CodeIgniter.php(366): CodeIgniter\CodeIgniter->handleRequest(null, Object(Config\Cache), false)
 4 FCPATH/index.php(67): CodeIgniter\CodeIgniter->run()
WARNING - 2023-10-31 12:03:03 --> [DEPRECATED] Creation of dynamic property App\Controllers\agentinvoice::$generateInvoiceModel is deprecated in APPPATH/Controllers/agentinvoice.php on line 562.
 1 SYSTEMPATH/CodeIgniter.php(932): App\Controllers\agentinvoice->checkDataExists()
 2 SYSTEMPATH/CodeIgniter.php(497): CodeIgniter\CodeIgniter->runController(Object(App\Controllers\agentinvoice))
 3 SYSTEMPATH/CodeIgniter.php(366): CodeIgniter\CodeIgniter->handleRequest(null, Object(Config\Cache), false)
 4 FCPATH/index.php(67): CodeIgniter\CodeIgniter->run()
WARNING - 2023-10-31 12:03:06 --> [DEPRECATED] Creation of dynamic property App\Controllers\agentinvoice::$model is deprecated in APPPATH/Controllers/agentinvoice.php on line 21.
 1 SYSTEMPATH/CodeIgniter.php(904): App\Controllers\agentinvoice->__construct()
 2 SYSTEMPATH/CodeIgniter.php(488): CodeIgniter\CodeIgniter->createController()
 3 SYSTEMPATH/CodeIgniter.php(366): CodeIgniter\CodeIgniter->handleRequest(null, Object(Config\Cache), false)
 4 FCPATH/index.php(67): CodeIgniter\CodeIgniter->run()
WARNING - 2023-10-31 12:03:06 --> [DEPRECATED] Creation of dynamic property App\Controllers\agentinvoice::$agents is deprecated in APPPATH/Controllers/agentinvoice.php on line 22.
 1 SYSTEMPATH/CodeIgniter.php(904): App\Controllers\agentinvoice->__construct()
 2 SYSTEMPATH/CodeIgniter.php(488): CodeIgniter\CodeIgniter->createController()
 3 SYSTEMPATH/CodeIgniter.php(366): CodeIgniter\CodeIgniter->handleRequest(null, Object(Config\Cache), false)
 4 FCPATH/index.php(67): CodeIgniter\CodeIgniter->run()
WARNING - 2023-10-31 12:03:06 --> [DEPRECATED] Creation of dynamic property App\Controllers\agentinvoice::$commonModel is deprecated in APPPATH/Controllers/agentinvoice.php on line 23.
 1 SYSTEMPATH/CodeIgniter.php(904): App\Controllers\agentinvoice->__construct()
 2 SYSTEMPATH/CodeIgniter.php(488): CodeIgniter\CodeIgniter->createController()
 3 SYSTEMPATH/CodeIgniter.php(366): CodeIgniter\CodeIgniter->handleRequest(null, Object(Config\Cache), false)
 4 FCPATH/index.php(67): CodeIgniter\CodeIgniter->run()
WARNING - 2023-10-31 12:03:06 --> [DEPRECATED] Creation of dynamic property App\Controllers\agentinvoice::$payment is deprecated in APPPATH/Controllers/agentinvoice.php on line 24.
 1 SYSTEMPATH/CodeIgniter.php(904): App\Controllers\agentinvoice->__construct()
 2 SYSTEMPATH/CodeIgniter.php(488): CodeIgniter\CodeIgniter->createController()
 3 SYSTEMPATH/CodeIgniter.php(366): CodeIgniter\CodeIgniter->handleRequest(null, Object(Config\Cache), false)
 4 FCPATH/index.php(67): CodeIgniter\CodeIgniter->run()
INFO - 2023-10-31 12:03:06 --> Session: Class initialized using 'CodeIgniter\Session\Handlers\FileHandler' driver.
WARNING - 2023-10-31 12:03:06 --> [DEPRECATED] Creation of dynamic property App\Controllers\agentinvoice::$session is deprecated in APPPATH/Controllers/BaseController.php on line 57.
 1 SYSTEMPATH/CodeIgniter.php(905): App\Controllers\BaseController->initController(Object(CodeIgniter\HTTP\IncomingRequest), Object(CodeIgniter\HTTP\Response), Object(CodeIgniter\Log\Logger))
 2 SYSTEMPATH/CodeIgniter.php(488): CodeIgniter\CodeIgniter->createController()
 3 SYSTEMPATH/CodeIgniter.php(366): CodeIgniter\CodeIgniter->handleRequest(null, Object(Config\Cache), false)
 4 FCPATH/index.php(67): CodeIgniter\CodeIgniter->run()
WARNING - 2023-10-31 12:03:06 --> [DEPRECATED] Creation of dynamic property App\Controllers\agentinvoice::$invoiceModel is deprecated in APPPATH/Controllers/agentinvoice.php on line 541.
 1 SYSTEMPATH/CodeIgniter.php(932): App\Controllers\agentinvoice->getInvoiceData()
 2 SYSTEMPATH/CodeIgniter.php(497): CodeIgniter\CodeIgniter->runController(Object(App\Controllers\agentinvoice))
 3 SYSTEMPATH/CodeIgniter.php(366): CodeIgniter\CodeIgniter->handleRequest(null, Object(Config\Cache), false)
 4 FCPATH/index.php(67): CodeIgniter\CodeIgniter->run()
WARNING - 2023-10-31 12:03:07 --> [DEPRECATED] Creation of dynamic property App\Controllers\agentinvoice::$model is deprecated in APPPATH/Controllers/agentinvoice.php on line 21.
 1 SYSTEMPATH/CodeIgniter.php(904): App\Controllers\agentinvoice->__construct()
 2 SYSTEMPATH/CodeIgniter.php(488): CodeIgniter\CodeIgniter->createController()
 3 SYSTEMPATH/CodeIgniter.php(366): CodeIgniter\CodeIgniter->handleRequest(null, Object(Config\Cache), false)
 4 FCPATH/index.php(67): CodeIgniter\CodeIgniter->run()
WARNING - 2023-10-31 12:03:07 --> [DEPRECATED] Creation of dynamic property App\Controllers\agentinvoice::$agents is deprecated in APPPATH/Controllers/agentinvoice.php on line 22.
 1 SYSTEMPATH/CodeIgniter.php(904): App\Controllers\agentinvoice->__construct()
 2 SYSTEMPATH/CodeIgniter.php(488): CodeIgniter\CodeIgniter->createController()
 3 SYSTEMPATH/CodeIgniter.php(366): CodeIgniter\CodeIgniter->handleRequest(null, Object(Config\Cache), false)
 4 FCPATH/index.php(67): CodeIgniter\CodeIgniter->run()
WARNING - 2023-10-31 12:03:07 --> [DEPRECATED] Creation of dynamic property App\Controllers\agentinvoice::$commonModel is deprecated in APPPATH/Controllers/agentinvoice.php on line 23.
 1 SYSTEMPATH/CodeIgniter.php(904): App\Controllers\agentinvoice->__construct()
 2 SYSTEMPATH/CodeIgniter.php(488): CodeIgniter\CodeIgniter->createController()
 3 SYSTEMPATH/CodeIgniter.php(366): CodeIgniter\CodeIgniter->handleRequest(null, Object(Config\Cache), false)
 4 FCPATH/index.php(67): CodeIgniter\CodeIgniter->run()
WARNING - 2023-10-31 12:03:07 --> [DEPRECATED] Creation of dynamic property App\Controllers\agentinvoice::$payment is deprecated in APPPATH/Controllers/agentinvoice.php on line 24.
 1 SYSTEMPATH/CodeIgniter.php(904): App\Controllers\agentinvoice->__construct()
 2 SYSTEMPATH/CodeIgniter.php(488): CodeIgniter\CodeIgniter->createController()
 3 SYSTEMPATH/CodeIgniter.php(366): CodeIgniter\CodeIgniter->handleRequest(null, Object(Config\Cache), false)
 4 FCPATH/index.php(67): CodeIgniter\CodeIgniter->run()
INFO - 2023-10-31 12:03:07 --> Session: Class initialized using 'CodeIgniter\Session\Handlers\FileHandler' driver.
WARNING - 2023-10-31 12:03:07 --> [DEPRECATED] Creation of dynamic property App\Controllers\agentinvoice::$session is deprecated in APPPATH/Controllers/BaseController.php on line 57.
 1 SYSTEMPATH/CodeIgniter.php(905): App\Controllers\BaseController->initController(Object(CodeIgniter\HTTP\IncomingRequest), Object(CodeIgniter\HTTP\Response), Object(CodeIgniter\Log\Logger))
 2 SYSTEMPATH/CodeIgniter.php(488): CodeIgniter\CodeIgniter->createController()
 3 SYSTEMPATH/CodeIgniter.php(366): CodeIgniter\CodeIgniter->handleRequest(null, Object(Config\Cache), false)
 4 FCPATH/index.php(67): CodeIgniter\CodeIgniter->run()
WARNING - 2023-10-31 12:05:45 --> [DEPRECATED] Creation of dynamic property App\Controllers\agentinvoice::$model is deprecated in APPPATH/Controllers/agentinvoice.php on line 21.
 1 SYSTEMPATH/CodeIgniter.php(904): App\Controllers\agentinvoice->__construct()
 2 SYSTEMPATH/CodeIgniter.php(488): CodeIgniter\CodeIgniter->createController()
 3 SYSTEMPATH/CodeIgniter.php(366): CodeIgniter\CodeIgniter->handleRequest(null, Object(Config\Cache), false)
 4 FCPATH/index.php(67): CodeIgniter\CodeIgniter->run()
WARNING - 2023-10-31 12:05:45 --> [DEPRECATED] Creation of dynamic property App\Controllers\agentinvoice::$agents is deprecated in APPPATH/Controllers/agentinvoice.php on line 22.
 1 SYSTEMPATH/CodeIgniter.php(904): App\Controllers\agentinvoice->__construct()
 2 SYSTEMPATH/CodeIgniter.php(488): CodeIgniter\CodeIgniter->createController()
 3 SYSTEMPATH/CodeIgniter.php(366): CodeIgniter\CodeIgniter->handleRequest(null, Object(Config\Cache), false)
 4 FCPATH/index.php(67): CodeIgniter\CodeIgniter->run()
WARNING - 2023-10-31 12:05:45 --> [DEPRECATED] Creation of dynamic property App\Controllers\agentinvoice::$commonModel is deprecated in APPPATH/Controllers/agentinvoice.php on line 23.
 1 SYSTEMPATH/CodeIgniter.php(904): App\Controllers\agentinvoice->__construct()
 2 SYSTEMPATH/CodeIgniter.php(488): CodeIgniter\CodeIgniter->createController()
 3 SYSTEMPATH/CodeIgniter.php(366): CodeIgniter\CodeIgniter->handleRequest(null, Object(Config\Cache), false)
 4 FCPATH/index.php(67): CodeIgniter\CodeIgniter->run()
WARNING - 2023-10-31 12:05:45 --> [DEPRECATED] Creation of dynamic property App\Controllers\agentinvoice::$payment is deprecated in APPPATH/Controllers/agentinvoice.php on line 24.
 1 SYSTEMPATH/CodeIgniter.php(904): App\Controllers\agentinvoice->__construct()
 2 SYSTEMPATH/CodeIgniter.php(488): CodeIgniter\CodeIgniter->createController()
 3 SYSTEMPATH/CodeIgniter.php(366): CodeIgniter\CodeIgniter->handleRequest(null, Object(Config\Cache), false)
 4 FCPATH/index.php(67): CodeIgniter\CodeIgniter->run()
INFO - 2023-10-31 12:05:45 --> Session: Class initialized using 'CodeIgniter\Session\Handlers\FileHandler' driver.
WARNING - 2023-10-31 12:05:45 --> [DEPRECATED] Creation of dynamic property App\Controllers\agentinvoice::$session is deprecated in APPPATH/Controllers/BaseController.php on line 57.
 1 SYSTEMPATH/CodeIgniter.php(905): App\Controllers\BaseController->initController(Object(CodeIgniter\HTTP\IncomingRequest), Object(CodeIgniter\HTTP\Response), Object(CodeIgniter\Log\Logger))
 2 SYSTEMPATH/CodeIgniter.php(488): CodeIgniter\CodeIgniter->createController()
 3 SYSTEMPATH/CodeIgniter.php(366): CodeIgniter\CodeIgniter->handleRequest(null, Object(Config\Cache), false)
 4 FCPATH/index.php(67): CodeIgniter\CodeIgniter->run()
WARNING - 2023-10-31 12:05:45 --> [DEPRECATED] Creation of dynamic property App\Controllers\agentinvoice::$invoiceModel is deprecated in APPPATH/Controllers/agentinvoice.php on line 541.
 1 SYSTEMPATH/CodeIgniter.php(932): App\Controllers\agentinvoice->getInvoiceData()
 2 SYSTEMPATH/CodeIgniter.php(497): CodeIgniter\CodeIgniter->runController(Object(App\Controllers\agentinvoice))
 3 SYSTEMPATH/CodeIgniter.php(366): CodeIgniter\CodeIgniter->handleRequest(null, Object(Config\Cache), false)
 4 FCPATH/index.php(67): CodeIgniter\CodeIgniter->run()
WARNING - 2023-10-31 12:05:46 --> [DEPRECATED] Creation of dynamic property App\Controllers\agentinvoice::$model is deprecated in APPPATH/Controllers/agentinvoice.php on line 21.
 1 SYSTEMPATH/CodeIgniter.php(904): App\Controllers\agentinvoice->__construct()
 2 SYSTEMPATH/CodeIgniter.php(488): CodeIgniter\CodeIgniter->createController()
 3 SYSTEMPATH/CodeIgniter.php(366): CodeIgniter\CodeIgniter->handleRequest(null, Object(Config\Cache), false)
 4 FCPATH/index.php(67): CodeIgniter\CodeIgniter->run()
WARNING - 2023-10-31 12:05:46 --> [DEPRECATED] Creation of dynamic property App\Controllers\agentinvoice::$agents is deprecated in APPPATH/Controllers/agentinvoice.php on line 22.
 1 SYSTEMPATH/CodeIgniter.php(904): App\Controllers\agentinvoice->__construct()
 2 SYSTEMPATH/CodeIgniter.php(488): CodeIgniter\CodeIgniter->createController()
 3 SYSTEMPATH/CodeIgniter.php(366): CodeIgniter\CodeIgniter->handleRequest(null, Object(Config\Cache), false)
 4 FCPATH/index.php(67): CodeIgniter\CodeIgniter->run()
WARNING - 2023-10-31 12:05:46 --> [DEPRECATED] Creation of dynamic property App\Controllers\agentinvoice::$commonModel is deprecated in APPPATH/Controllers/agentinvoice.php on line 23.
 1 SYSTEMPATH/CodeIgniter.php(904): App\Controllers\agentinvoice->__construct()
 2 SYSTEMPATH/CodeIgniter.php(488): CodeIgniter\CodeIgniter->createController()
 3 SYSTEMPATH/CodeIgniter.php(366): CodeIgniter\CodeIgniter->handleRequest(null, Object(Config\Cache), false)
 4 FCPATH/index.php(67): CodeIgniter\CodeIgniter->run()
WARNING - 2023-10-31 12:05:46 --> [DEPRECATED] Creation of dynamic property App\Controllers\agentinvoice::$payment is deprecated in APPPATH/Controllers/agentinvoice.php on line 24.
 1 SYSTEMPATH/CodeIgniter.php(904): App\Controllers\agentinvoice->__construct()
 2 SYSTEMPATH/CodeIgniter.php(488): CodeIgniter\CodeIgniter->createController()
 3 SYSTEMPATH/CodeIgniter.php(366): CodeIgniter\CodeIgniter->handleRequest(null, Object(Config\Cache), false)
 4 FCPATH/index.php(67): CodeIgniter\CodeIgniter->run()
INFO - 2023-10-31 12:05:46 --> Session: Class initialized using 'CodeIgniter\Session\Handlers\FileHandler' driver.
WARNING - 2023-10-31 12:05:46 --> [DEPRECATED] Creation of dynamic property App\Controllers\agentinvoice::$session is deprecated in APPPATH/Controllers/BaseController.php on line 57.
 1 SYSTEMPATH/CodeIgniter.php(905): App\Controllers\BaseController->initController(Object(CodeIgniter\HTTP\IncomingRequest), Object(CodeIgniter\HTTP\Response), Object(CodeIgniter\Log\Logger))
 2 SYSTEMPATH/CodeIgniter.php(488): CodeIgniter\CodeIgniter->createController()
 3 SYSTEMPATH/CodeIgniter.php(366): CodeIgniter\CodeIgniter->handleRequest(null, Object(Config\Cache), false)
 4 FCPATH/index.php(67): CodeIgniter\CodeIgniter->run()
WARNING - 2023-10-31 12:06:53 --> [DEPRECATED] Creation of dynamic property App\Controllers\agentinvoice::$model is deprecated in APPPATH/Controllers/agentinvoice.php on line 21.
 1 SYSTEMPATH/CodeIgniter.php(904): App\Controllers\agentinvoice->__construct()
 2 SYSTEMPATH/CodeIgniter.php(488): CodeIgniter\CodeIgniter->createController()
 3 SYSTEMPATH/CodeIgniter.php(366): CodeIgniter\CodeIgniter->handleRequest(null, Object(Config\Cache), false)
 4 FCPATH/index.php(67): CodeIgniter\CodeIgniter->run()
WARNING - 2023-10-31 12:06:53 --> [DEPRECATED] Creation of dynamic property App\Controllers\agentinvoice::$agents is deprecated in APPPATH/Controllers/agentinvoice.php on line 22.
 1 SYSTEMPATH/CodeIgniter.php(904): App\Controllers\agentinvoice->__construct()
 2 SYSTEMPATH/CodeIgniter.php(488): CodeIgniter\CodeIgniter->createController()
 3 SYSTEMPATH/CodeIgniter.php(366): CodeIgniter\CodeIgniter->handleRequest(null, Object(Config\Cache), false)
 4 FCPATH/index.php(67): CodeIgniter\CodeIgniter->run()
WARNING - 2023-10-31 12:06:53 --> [DEPRECATED] Creation of dynamic property App\Controllers\agentinvoice::$commonModel is deprecated in APPPATH/Controllers/agentinvoice.php on line 23.
 1 SYSTEMPATH/CodeIgniter.php(904): App\Controllers\agentinvoice->__construct()
 2 SYSTEMPATH/CodeIgniter.php(488): CodeIgniter\CodeIgniter->createController()
 3 SYSTEMPATH/CodeIgniter.php(366): CodeIgniter\CodeIgniter->handleRequest(null, Object(Config\Cache), false)
 4 FCPATH/index.php(67): CodeIgniter\CodeIgniter->run()
WARNING - 2023-10-31 12:06:53 --> [DEPRECATED] Creation of dynamic property App\Controllers\agentinvoice::$payment is deprecated in APPPATH/Controllers/agentinvoice.php on line 24.
 1 SYSTEMPATH/CodeIgniter.php(904): App\Controllers\agentinvoice->__construct()
 2 SYSTEMPATH/CodeIgniter.php(488): CodeIgniter\CodeIgniter->createController()
 3 SYSTEMPATH/CodeIgniter.php(366): CodeIgniter\CodeIgniter->handleRequest(null, Object(Config\Cache), false)
 4 FCPATH/index.php(67): CodeIgniter\CodeIgniter->run()
INFO - 2023-10-31 12:06:53 --> Session: Class initialized using 'CodeIgniter\Session\Handlers\FileHandler' driver.
WARNING - 2023-10-31 12:06:53 --> [DEPRECATED] Creation of dynamic property App\Controllers\agentinvoice::$session is deprecated in APPPATH/Controllers/BaseController.php on line 57.
 1 SYSTEMPATH/CodeIgniter.php(905): App\Controllers\BaseController->initController(Object(CodeIgniter\HTTP\IncomingRequest), Object(CodeIgniter\HTTP\Response), Object(CodeIgniter\Log\Logger))
 2 SYSTEMPATH/CodeIgniter.php(488): CodeIgniter\CodeIgniter->createController()
 3 SYSTEMPATH/CodeIgniter.php(366): CodeIgniter\CodeIgniter->handleRequest(null, Object(Config\Cache), false)
 4 FCPATH/index.php(67): CodeIgniter\CodeIgniter->run()
WARNING - 2023-10-31 12:06:53 --> [DEPRECATED] Creation of dynamic property App\Controllers\agentinvoice::$invoiceModel is deprecated in APPPATH/Controllers/agentinvoice.php on line 541.
 1 SYSTEMPATH/CodeIgniter.php(932): App\Controllers\agentinvoice->getInvoiceData()
 2 SYSTEMPATH/CodeIgniter.php(497): CodeIgniter\CodeIgniter->runController(Object(App\Controllers\agentinvoice))
 3 SYSTEMPATH/CodeIgniter.php(366): CodeIgniter\CodeIgniter->handleRequest(null, Object(Config\Cache), false)
 4 FCPATH/index.php(67): CodeIgniter\CodeIgniter->run()
WARNING - 2023-10-31 12:06:54 --> [DEPRECATED] Creation of dynamic property App\Controllers\agentinvoice::$model is deprecated in APPPATH/Controllers/agentinvoice.php on line 21.
 1 SYSTEMPATH/CodeIgniter.php(904): App\Controllers\agentinvoice->__construct()
 2 SYSTEMPATH/CodeIgniter.php(488): CodeIgniter\CodeIgniter->createController()
 3 SYSTEMPATH/CodeIgniter.php(366): CodeIgniter\CodeIgniter->handleRequest(null, Object(Config\Cache), false)
 4 FCPATH/index.php(67): CodeIgniter\CodeIgniter->run()
WARNING - 2023-10-31 12:06:54 --> [DEPRECATED] Creation of dynamic property App\Controllers\agentinvoice::$agents is deprecated in APPPATH/Controllers/agentinvoice.php on line 22.
 1 SYSTEMPATH/CodeIgniter.php(904): App\Controllers\agentinvoice->__construct()
 2 SYSTEMPATH/CodeIgniter.php(488): CodeIgniter\CodeIgniter->createController()
 3 SYSTEMPATH/CodeIgniter.php(366): CodeIgniter\CodeIgniter->handleRequest(null, Object(Config\Cache), false)
 4 FCPATH/index.php(67): CodeIgniter\CodeIgniter->run()
WARNING - 2023-10-31 12:06:54 --> [DEPRECATED] Creation of dynamic property App\Controllers\agentinvoice::$commonModel is deprecated in APPPATH/Controllers/agentinvoice.php on line 23.
 1 SYSTEMPATH/CodeIgniter.php(904): App\Controllers\agentinvoice->__construct()
 2 SYSTEMPATH/CodeIgniter.php(488): CodeIgniter\CodeIgniter->createController()
 3 SYSTEMPATH/CodeIgniter.php(366): CodeIgniter\CodeIgniter->handleRequest(null, Object(Config\Cache), false)
 4 FCPATH/index.php(67): CodeIgniter\CodeIgniter->run()
WARNING - 2023-10-31 12:06:54 --> [DEPRECATED] Creation of dynamic property App\Controllers\agentinvoice::$payment is deprecated in APPPATH/Controllers/agentinvoice.php on line 24.
 1 SYSTEMPATH/CodeIgniter.php(904): App\Controllers\agentinvoice->__construct()
 2 SYSTEMPATH/CodeIgniter.php(488): CodeIgniter\CodeIgniter->createController()
 3 SYSTEMPATH/CodeIgniter.php(366): CodeIgniter\CodeIgniter->handleRequest(null, Object(Config\Cache), false)
 4 FCPATH/index.php(67): CodeIgniter\CodeIgniter->run()
INFO - 2023-10-31 12:06:54 --> Session: Class initialized using 'CodeIgniter\Session\Handlers\FileHandler' driver.
WARNING - 2023-10-31 12:06:54 --> [DEPRECATED] Creation of dynamic property App\Controllers\agentinvoice::$session is deprecated in APPPATH/Controllers/BaseController.php on line 57.
 1 SYSTEMPATH/CodeIgniter.php(905): App\Controllers\BaseController->initController(Object(CodeIgniter\HTTP\IncomingRequest), Object(CodeIgniter\HTTP\Response), Object(CodeIgniter\Log\Logger))
 2 SYSTEMPATH/CodeIgniter.php(488): CodeIgniter\CodeIgniter->createController()
 3 SYSTEMPATH/CodeIgniter.php(366): CodeIgniter\CodeIgniter->handleRequest(null, Object(Config\Cache), false)
 4 FCPATH/index.php(67): CodeIgniter\CodeIgniter->run()
WARNING - 2023-10-31 12:07:22 --> [DEPRECATED] Creation of dynamic property App\Controllers\agentinvoice::$model is deprecated in APPPATH/Controllers/agentinvoice.php on line 21.
 1 SYSTEMPATH/CodeIgniter.php(904): App\Controllers\agentinvoice->__construct()
 2 SYSTEMPATH/CodeIgniter.php(488): CodeIgniter\CodeIgniter->createController()
 3 SYSTEMPATH/CodeIgniter.php(366): CodeIgniter\CodeIgniter->handleRequest(null, Object(Config\Cache), false)
 4 FCPATH/index.php(67): CodeIgniter\CodeIgniter->run()
WARNING - 2023-10-31 12:07:22 --> [DEPRECATED] Creation of dynamic property App\Controllers\agentinvoice::$agents is deprecated in APPPATH/Controllers/agentinvoice.php on line 22.
 1 SYSTEMPATH/CodeIgniter.php(904): App\Controllers\agentinvoice->__construct()
 2 SYSTEMPATH/CodeIgniter.php(488): CodeIgniter\CodeIgniter->createController()
 3 SYSTEMPATH/CodeIgniter.php(366): CodeIgniter\CodeIgniter->handleRequest(null, Object(Config\Cache), false)
 4 FCPATH/index.php(67): CodeIgniter\CodeIgniter->run()
WARNING - 2023-10-31 12:07:22 --> [DEPRECATED] Creation of dynamic property App\Controllers\agentinvoice::$commonModel is deprecated in APPPATH/Controllers/agentinvoice.php on line 23.
 1 SYSTEMPATH/CodeIgniter.php(904): App\Controllers\agentinvoice->__construct()
 2 SYSTEMPATH/CodeIgniter.php(488): CodeIgniter\CodeIgniter->createController()
 3 SYSTEMPATH/CodeIgniter.php(366): CodeIgniter\CodeIgniter->handleRequest(null, Object(Config\Cache), false)
 4 FCPATH/index.php(67): CodeIgniter\CodeIgniter->run()
WARNING - 2023-10-31 12:07:22 --> [DEPRECATED] Creation of dynamic property App\Controllers\agentinvoice::$payment is deprecated in APPPATH/Controllers/agentinvoice.php on line 24.
 1 SYSTEMPATH/CodeIgniter.php(904): App\Controllers\agentinvoice->__construct()
 2 SYSTEMPATH/CodeIgniter.php(488): CodeIgniter\CodeIgniter->createController()
 3 SYSTEMPATH/CodeIgniter.php(366): CodeIgniter\CodeIgniter->handleRequest(null, Object(Config\Cache), false)
 4 FCPATH/index.php(67): CodeIgniter\CodeIgniter->run()
INFO - 2023-10-31 12:07:22 --> Session: Class initialized using 'CodeIgniter\Session\Handlers\FileHandler' driver.
WARNING - 2023-10-31 12:07:22 --> [DEPRECATED] Creation of dynamic property App\Controllers\agentinvoice::$session is deprecated in APPPATH/Controllers/BaseController.php on line 57.
 1 SYSTEMPATH/CodeIgniter.php(905): App\Controllers\BaseController->initController(Object(CodeIgniter\HTTP\IncomingRequest), Object(CodeIgniter\HTTP\Response), Object(CodeIgniter\Log\Logger))
 2 SYSTEMPATH/CodeIgniter.php(488): CodeIgniter\CodeIgniter->createController()
 3 SYSTEMPATH/CodeIgniter.php(366): CodeIgniter\CodeIgniter->handleRequest(null, Object(Config\Cache), false)
 4 FCPATH/index.php(67): CodeIgniter\CodeIgniter->run()
WARNING - 2023-10-31 12:07:27 --> [DEPRECATED] Creation of dynamic property App\Controllers\Miscontroller::$model is deprecated in APPPATH/Controllers/Miscontroller.php on line 16.
 1 SYSTEMPATH/CodeIgniter.php(904): App\Controllers\Miscontroller->__construct()
 2 SYSTEMPATH/CodeIgniter.php(488): CodeIgniter\CodeIgniter->createController()
 3 SYSTEMPATH/CodeIgniter.php(366): CodeIgniter\CodeIgniter->handleRequest(null, Object(Config\Cache), false)
 4 FCPATH/index.php(67): CodeIgniter\CodeIgniter->run()
WARNING - 2023-10-31 12:07:27 --> [DEPRECATED] Creation of dynamic property App\Controllers\Miscontroller::$agents is deprecated in APPPATH/Controllers/Miscontroller.php on line 17.
 1 SYSTEMPATH/CodeIgniter.php(904): App\Controllers\Miscontroller->__construct()
 2 SYSTEMPATH/CodeIgniter.php(488): CodeIgniter\CodeIgniter->createController()
 3 SYSTEMPATH/CodeIgniter.php(366): CodeIgniter\CodeIgniter->handleRequest(null, Object(Config\Cache), false)
 4 FCPATH/index.php(67): CodeIgniter\CodeIgniter->run()
WARNING - 2023-10-31 12:07:27 --> [DEPRECATED] Creation of dynamic property App\Controllers\Miscontroller::$commonModel is deprecated in APPPATH/Controllers/Miscontroller.php on line 18.
 1 SYSTEMPATH/CodeIgniter.php(904): App\Controllers\Miscontroller->__construct()
 2 SYSTEMPATH/CodeIgniter.php(488): CodeIgniter\CodeIgniter->createController()
 3 SYSTEMPATH/CodeIgniter.php(366): CodeIgniter\CodeIgniter->handleRequest(null, Object(Config\Cache), false)
 4 FCPATH/index.php(67): CodeIgniter\CodeIgniter->run()
INFO - 2023-10-31 12:07:27 --> Session: Class initialized using 'CodeIgniter\Session\Handlers\FileHandler' driver.
WARNING - 2023-10-31 12:07:27 --> [DEPRECATED] Creation of dynamic property App\Controllers\Miscontroller::$session is deprecated in APPPATH/Controllers/BaseController.php on line 57.
 1 SYSTEMPATH/CodeIgniter.php(905): App\Controllers\BaseController->initController(Object(CodeIgniter\HTTP\IncomingRequest), Object(CodeIgniter\HTTP\Response), Object(CodeIgniter\Log\Logger))
 2 SYSTEMPATH/CodeIgniter.php(488): CodeIgniter\CodeIgniter->createController()
 3 SYSTEMPATH/CodeIgniter.php(366): CodeIgniter\CodeIgniter->handleRequest(null, Object(Config\Cache), false)
 4 FCPATH/index.php(67): CodeIgniter\CodeIgniter->run()
WARNING - 2023-10-31 12:07:42 --> [DEPRECATED] Creation of dynamic property App\Controllers\agentinvoice::$model is deprecated in APPPATH/Controllers/agentinvoice.php on line 21.
 1 SYSTEMPATH/CodeIgniter.php(904): App\Controllers\agentinvoice->__construct()
 2 SYSTEMPATH/CodeIgniter.php(488): CodeIgniter\CodeIgniter->createController()
 3 SYSTEMPATH/CodeIgniter.php(366): CodeIgniter\CodeIgniter->handleRequest(null, Object(Config\Cache), false)
 4 FCPATH/index.php(67): CodeIgniter\CodeIgniter->run()
WARNING - 2023-10-31 12:07:42 --> [DEPRECATED] Creation of dynamic property App\Controllers\agentinvoice::$agents is deprecated in APPPATH/Controllers/agentinvoice.php on line 22.
 1 SYSTEMPATH/CodeIgniter.php(904): App\Controllers\agentinvoice->__construct()
 2 SYSTEMPATH/CodeIgniter.php(488): CodeIgniter\CodeIgniter->createController()
 3 SYSTEMPATH/CodeIgniter.php(366): CodeIgniter\CodeIgniter->handleRequest(null, Object(Config\Cache), false)
 4 FCPATH/index.php(67): CodeIgniter\CodeIgniter->run()
WARNING - 2023-10-31 12:07:42 --> [DEPRECATED] Creation of dynamic property App\Controllers\agentinvoice::$commonModel is deprecated in APPPATH/Controllers/agentinvoice.php on line 23.
 1 SYSTEMPATH/CodeIgniter.php(904): App\Controllers\agentinvoice->__construct()
 2 SYSTEMPATH/CodeIgniter.php(488): CodeIgniter\CodeIgniter->createController()
 3 SYSTEMPATH/CodeIgniter.php(366): CodeIgniter\CodeIgniter->handleRequest(null, Object(Config\Cache), false)
 4 FCPATH/index.php(67): CodeIgniter\CodeIgniter->run()
WARNING - 2023-10-31 12:07:42 --> [DEPRECATED] Creation of dynamic property App\Controllers\agentinvoice::$payment is deprecated in APPPATH/Controllers/agentinvoice.php on line 24.
 1 SYSTEMPATH/CodeIgniter.php(904): App\Controllers\agentinvoice->__construct()
 2 SYSTEMPATH/CodeIgniter.php(488): CodeIgniter\CodeIgniter->createController()
 3 SYSTEMPATH/CodeIgniter.php(366): CodeIgniter\CodeIgniter->handleRequest(null, Object(Config\Cache), false)
 4 FCPATH/index.php(67): CodeIgniter\CodeIgniter->run()
INFO - 2023-10-31 12:07:42 --> Session: Class initialized using 'CodeIgniter\Session\Handlers\FileHandler' driver.
WARNING - 2023-10-31 12:07:42 --> [DEPRECATED] Creation of dynamic property App\Controllers\agentinvoice::$session is deprecated in APPPATH/Controllers/BaseController.php on line 57.
 1 SYSTEMPATH/CodeIgniter.php(905): App\Controllers\BaseController->initController(Object(CodeIgniter\HTTP\IncomingRequest), Object(CodeIgniter\HTTP\Response), Object(CodeIgniter\Log\Logger))
 2 SYSTEMPATH/CodeIgniter.php(488): CodeIgniter\CodeIgniter->createController()
 3 SYSTEMPATH/CodeIgniter.php(366): CodeIgniter\CodeIgniter->handleRequest(null, Object(Config\Cache), false)
 4 FCPATH/index.php(67): CodeIgniter\CodeIgniter->run()
WARNING - 2023-10-31 12:07:43 --> [DEPRECATED] Creation of dynamic property App\Controllers\agentinvoice::$model is deprecated in APPPATH/Controllers/agentinvoice.php on line 21.
 1 SYSTEMPATH/CodeIgniter.php(904): App\Controllers\agentinvoice->__construct()
 2 SYSTEMPATH/CodeIgniter.php(488): CodeIgniter\CodeIgniter->createController()
 3 SYSTEMPATH/CodeIgniter.php(366): CodeIgniter\CodeIgniter->handleRequest(null, Object(Config\Cache), false)
 4 FCPATH/index.php(67): CodeIgniter\CodeIgniter->run()
WARNING - 2023-10-31 12:07:43 --> [DEPRECATED] Creation of dynamic property App\Controllers\agentinvoice::$agents is deprecated in APPPATH/Controllers/agentinvoice.php on line 22.
 1 SYSTEMPATH/CodeIgniter.php(904): App\Controllers\agentinvoice->__construct()
 2 SYSTEMPATH/CodeIgniter.php(488): CodeIgniter\CodeIgniter->createController()
 3 SYSTEMPATH/CodeIgniter.php(366): CodeIgniter\CodeIgniter->handleRequest(null, Object(Config\Cache), false)
 4 FCPATH/index.php(67): CodeIgniter\CodeIgniter->run()
WARNING - 2023-10-31 12:07:43 --> [DEPRECATED] Creation of dynamic property App\Controllers\agentinvoice::$commonModel is deprecated in APPPATH/Controllers/agentinvoice.php on line 23.
 1 SYSTEMPATH/CodeIgniter.php(904): App\Controllers\agentinvoice->__construct()
 2 SYSTEMPATH/CodeIgniter.php(488): CodeIgniter\CodeIgniter->createController()
 3 SYSTEMPATH/CodeIgniter.php(366): CodeIgniter\CodeIgniter->handleRequest(null, Object(Config\Cache), false)
 4 FCPATH/index.php(67): CodeIgniter\CodeIgniter->run()
WARNING - 2023-10-31 12:07:43 --> [DEPRECATED] Creation of dynamic property App\Controllers\agentinvoice::$payment is deprecated in APPPATH/Controllers/agentinvoice.php on line 24.
 1 SYSTEMPATH/CodeIgniter.php(904): App\Controllers\agentinvoice->__construct()
 2 SYSTEMPATH/CodeIgniter.php(488): CodeIgniter\CodeIgniter->createController()
 3 SYSTEMPATH/CodeIgniter.php(366): CodeIgniter\CodeIgniter->handleRequest(null, Object(Config\Cache), false)
 4 FCPATH/index.php(67): CodeIgniter\CodeIgniter->run()
INFO - 2023-10-31 12:07:43 --> Session: Class initialized using 'CodeIgniter\Session\Handlers\FileHandler' driver.
WARNING - 2023-10-31 12:07:43 --> [DEPRECATED] Creation of dynamic property App\Controllers\agentinvoice::$session is deprecated in APPPATH/Controllers/BaseController.php on line 57.
 1 SYSTEMPATH/CodeIgniter.php(905): App\Controllers\BaseController->initController(Object(CodeIgniter\HTTP\IncomingRequest), Object(CodeIgniter\HTTP\Response), Object(CodeIgniter\Log\Logger))
 2 SYSTEMPATH/CodeIgniter.php(488): CodeIgniter\CodeIgniter->createController()
 3 SYSTEMPATH/CodeIgniter.php(366): CodeIgniter\CodeIgniter->handleRequest(null, Object(Config\Cache), false)
 4 FCPATH/index.php(67): CodeIgniter\CodeIgniter->run()
WARNING - 2023-10-31 12:07:43 --> [DEPRECATED] Creation of dynamic property App\Controllers\agentinvoice::$generateInvoiceModel is deprecated in APPPATH/Controllers/agentinvoice.php on line 562.
 1 SYSTEMPATH/CodeIgniter.php(932): App\Controllers\agentinvoice->checkDataExists()
 2 SYSTEMPATH/CodeIgniter.php(497): CodeIgniter\CodeIgniter->runController(Object(App\Controllers\agentinvoice))
 3 SYSTEMPATH/CodeIgniter.php(366): CodeIgniter\CodeIgniter->handleRequest(null, Object(Config\Cache), false)
 4 FCPATH/index.php(67): CodeIgniter\CodeIgniter->run()
WARNING - 2023-10-31 12:08:30 --> [DEPRECATED] Creation of dynamic property App\Controllers\agentinvoice::$model is deprecated in APPPATH/Controllers/agentinvoice.php on line 21.
 1 SYSTEMPATH/CodeIgniter.php(904): App\Controllers\agentinvoice->__construct()
 2 SYSTEMPATH/CodeIgniter.php(488): CodeIgniter\CodeIgniter->createController()
 3 SYSTEMPATH/CodeIgniter.php(366): CodeIgniter\CodeIgniter->handleRequest(null, Object(Config\Cache), false)
 4 FCPATH/index.php(67): CodeIgniter\CodeIgniter->run()
WARNING - 2023-10-31 12:08:30 --> [DEPRECATED] Creation of dynamic property App\Controllers\agentinvoice::$agents is deprecated in APPPATH/Controllers/agentinvoice.php on line 22.
 1 SYSTEMPATH/CodeIgniter.php(904): App\Controllers\agentinvoice->__construct()
 2 SYSTEMPATH/CodeIgniter.php(488): CodeIgniter\CodeIgniter->createController()
 3 SYSTEMPATH/CodeIgniter.php(366): CodeIgniter\CodeIgniter->handleRequest(null, Object(Config\Cache), false)
 4 FCPATH/index.php(67): CodeIgniter\CodeIgniter->run()
WARNING - 2023-10-31 12:08:30 --> [DEPRECATED] Creation of dynamic property App\Controllers\agentinvoice::$commonModel is deprecated in APPPATH/Controllers/agentinvoice.php on line 23.
 1 SYSTEMPATH/CodeIgniter.php(904): App\Controllers\agentinvoice->__construct()
 2 SYSTEMPATH/CodeIgniter.php(488): CodeIgniter\CodeIgniter->createController()
 3 SYSTEMPATH/CodeIgniter.php(366): CodeIgniter\CodeIgniter->handleRequest(null, Object(Config\Cache), false)
 4 FCPATH/index.php(67): CodeIgniter\CodeIgniter->run()
WARNING - 2023-10-31 12:08:30 --> [DEPRECATED] Creation of dynamic property App\Controllers\agentinvoice::$payment is deprecated in APPPATH/Controllers/agentinvoice.php on line 24.
 1 SYSTEMPATH/CodeIgniter.php(904): App\Controllers\agentinvoice->__construct()
 2 SYSTEMPATH/CodeIgniter.php(488): CodeIgniter\CodeIgniter->createController()
 3 SYSTEMPATH/CodeIgniter.php(366): CodeIgniter\CodeIgniter->handleRequest(null, Object(Config\Cache), false)
 4 FCPATH/index.php(67): CodeIgniter\CodeIgniter->run()
INFO - 2023-10-31 12:08:30 --> Session: Class initialized using 'CodeIgniter\Session\Handlers\FileHandler' driver.
WARNING - 2023-10-31 12:08:30 --> [DEPRECATED] Creation of dynamic property App\Controllers\agentinvoice::$session is deprecated in APPPATH/Controllers/BaseController.php on line 57.
 1 SYSTEMPATH/CodeIgniter.php(905): App\Controllers\BaseController->initController(Object(CodeIgniter\HTTP\IncomingRequest), Object(CodeIgniter\HTTP\Response), Object(CodeIgniter\Log\Logger))
 2 SYSTEMPATH/CodeIgniter.php(488): CodeIgniter\CodeIgniter->createController()
 3 SYSTEMPATH/CodeIgniter.php(366): CodeIgniter\CodeIgniter->handleRequest(null, Object(Config\Cache), false)
 4 FCPATH/index.php(67): CodeIgniter\CodeIgniter->run()
WARNING - 2023-10-31 12:08:30 --> [DEPRECATED] Creation of dynamic property App\Controllers\agentinvoice::$invoiceModel is deprecated in APPPATH/Controllers/agentinvoice.php on line 541.
 1 SYSTEMPATH/CodeIgniter.php(932): App\Controllers\agentinvoice->getInvoiceData()
 2 SYSTEMPATH/CodeIgniter.php(497): CodeIgniter\CodeIgniter->runController(Object(App\Controllers\agentinvoice))
 3 SYSTEMPATH/CodeIgniter.php(366): CodeIgniter\CodeIgniter->handleRequest(null, Object(Config\Cache), false)
 4 FCPATH/index.php(67): CodeIgniter\CodeIgniter->run()
WARNING - 2023-10-31 12:08:31 --> [DEPRECATED] Creation of dynamic property App\Controllers\agentinvoice::$model is deprecated in APPPATH/Controllers/agentinvoice.php on line 21.
 1 SYSTEMPATH/CodeIgniter.php(904): App\Controllers\agentinvoice->__construct()
 2 SYSTEMPATH/CodeIgniter.php(488): CodeIgniter\CodeIgniter->createController()
 3 SYSTEMPATH/CodeIgniter.php(366): CodeIgniter\CodeIgniter->handleRequest(null, Object(Config\Cache), false)
 4 FCPATH/index.php(67): CodeIgniter\CodeIgniter->run()
WARNING - 2023-10-31 12:08:31 --> [DEPRECATED] Creation of dynamic property App\Controllers\agentinvoice::$agents is deprecated in APPPATH/Controllers/agentinvoice.php on line 22.
 1 SYSTEMPATH/CodeIgniter.php(904): App\Controllers\agentinvoice->__construct()
 2 SYSTEMPATH/CodeIgniter.php(488): CodeIgniter\CodeIgniter->createController()
 3 SYSTEMPATH/CodeIgniter.php(366): CodeIgniter\CodeIgniter->handleRequest(null, Object(Config\Cache), false)
 4 FCPATH/index.php(67): CodeIgniter\CodeIgniter->run()
WARNING - 2023-10-31 12:08:31 --> [DEPRECATED] Creation of dynamic property App\Controllers\agentinvoice::$commonModel is deprecated in APPPATH/Controllers/agentinvoice.php on line 23.
 1 SYSTEMPATH/CodeIgniter.php(904): App\Controllers\agentinvoice->__construct()
 2 SYSTEMPATH/CodeIgniter.php(488): CodeIgniter\CodeIgniter->createController()
 3 SYSTEMPATH/CodeIgniter.php(366): CodeIgniter\CodeIgniter->handleRequest(null, Object(Config\Cache), false)
 4 FCPATH/index.php(67): CodeIgniter\CodeIgniter->run()
WARNING - 2023-10-31 12:08:31 --> [DEPRECATED] Creation of dynamic property App\Controllers\agentinvoice::$payment is deprecated in APPPATH/Controllers/agentinvoice.php on line 24.
 1 SYSTEMPATH/CodeIgniter.php(904): App\Controllers\agentinvoice->__construct()
 2 SYSTEMPATH/CodeIgniter.php(488): CodeIgniter\CodeIgniter->createController()
 3 SYSTEMPATH/CodeIgniter.php(366): CodeIgniter\CodeIgniter->handleRequest(null, Object(Config\Cache), false)
 4 FCPATH/index.php(67): CodeIgniter\CodeIgniter->run()
INFO - 2023-10-31 12:08:31 --> Session: Class initialized using 'CodeIgniter\Session\Handlers\FileHandler' driver.
WARNING - 2023-10-31 12:08:31 --> [DEPRECATED] Creation of dynamic property App\Controllers\agentinvoice::$session is deprecated in APPPATH/Controllers/BaseController.php on line 57.
 1 SYSTEMPATH/CodeIgniter.php(905): App\Controllers\BaseController->initController(Object(CodeIgniter\HTTP\IncomingRequest), Object(CodeIgniter\HTTP\Response), Object(CodeIgniter\Log\Logger))
 2 SYSTEMPATH/CodeIgniter.php(488): CodeIgniter\CodeIgniter->createController()
 3 SYSTEMPATH/CodeIgniter.php(366): CodeIgniter\CodeIgniter->handleRequest(null, Object(Config\Cache), false)
 4 FCPATH/index.php(67): CodeIgniter\CodeIgniter->run()
WARNING - 2023-10-31 12:14:32 --> [DEPRECATED] Creation of dynamic property App\Controllers\agentinvoice::$model is deprecated in APPPATH/Controllers/agentinvoice.php on line 21.
 1 SYSTEMPATH/CodeIgniter.php(904): App\Controllers\agentinvoice->__construct()
 2 SYSTEMPATH/CodeIgniter.php(488): CodeIgniter\CodeIgniter->createController()
 3 SYSTEMPATH/CodeIgniter.php(366): CodeIgniter\CodeIgniter->handleRequest(null, Object(Config\Cache), false)
 4 FCPATH/index.php(67): CodeIgniter\CodeIgniter->run()
WARNING - 2023-10-31 12:14:32 --> [DEPRECATED] Creation of dynamic property App\Controllers\agentinvoice::$agents is deprecated in APPPATH/Controllers/agentinvoice.php on line 22.
 1 SYSTEMPATH/CodeIgniter.php(904): App\Controllers\agentinvoice->__construct()
 2 SYSTEMPATH/CodeIgniter.php(488): CodeIgniter\CodeIgniter->createController()
 3 SYSTEMPATH/CodeIgniter.php(366): CodeIgniter\CodeIgniter->handleRequest(null, Object(Config\Cache), false)
 4 FCPATH/index.php(67): CodeIgniter\CodeIgniter->run()
WARNING - 2023-10-31 12:14:32 --> [DEPRECATED] Creation of dynamic property App\Controllers\agentinvoice::$commonModel is deprecated in APPPATH/Controllers/agentinvoice.php on line 23.
 1 SYSTEMPATH/CodeIgniter.php(904): App\Controllers\agentinvoice->__construct()
 2 SYSTEMPATH/CodeIgniter.php(488): CodeIgniter\CodeIgniter->createController()
 3 SYSTEMPATH/CodeIgniter.php(366): CodeIgniter\CodeIgniter->handleRequest(null, Object(Config\Cache), false)
 4 FCPATH/index.php(67): CodeIgniter\CodeIgniter->run()
WARNING - 2023-10-31 12:14:32 --> [DEPRECATED] Creation of dynamic property App\Controllers\agentinvoice::$payment is deprecated in APPPATH/Controllers/agentinvoice.php on line 24.
 1 SYSTEMPATH/CodeIgniter.php(904): App\Controllers\agentinvoice->__construct()
 2 SYSTEMPATH/CodeIgniter.php(488): CodeIgniter\CodeIgniter->createController()
 3 SYSTEMPATH/CodeIgniter.php(366): CodeIgniter\CodeIgniter->handleRequest(null, Object(Config\Cache), false)
 4 FCPATH/index.php(67): CodeIgniter\CodeIgniter->run()
INFO - 2023-10-31 12:14:32 --> Session: Class initialized using 'CodeIgniter\Session\Handlers\FileHandler' driver.
WARNING - 2023-10-31 12:14:32 --> [DEPRECATED] Creation of dynamic property App\Controllers\agentinvoice::$session is deprecated in APPPATH/Controllers/BaseController.php on line 57.
 1 SYSTEMPATH/CodeIgniter.php(905): App\Controllers\BaseController->initController(Object(CodeIgniter\HTTP\IncomingRequest), Object(CodeIgniter\HTTP\Response), Object(CodeIgniter\Log\Logger))
 2 SYSTEMPATH/CodeIgniter.php(488): CodeIgniter\CodeIgniter->createController()
 3 SYSTEMPATH/CodeIgniter.php(366): CodeIgniter\CodeIgniter->handleRequest(null, Object(Config\Cache), false)
 4 FCPATH/index.php(67): CodeIgniter\CodeIgniter->run()
WARNING - 2023-10-31 12:14:39 --> [DEPRECATED] Creation of dynamic property App\Controllers\Miscontroller::$model is deprecated in APPPATH/Controllers/Miscontroller.php on line 16.
 1 SYSTEMPATH/CodeIgniter.php(904): App\Controllers\Miscontroller->__construct()
 2 SYSTEMPATH/CodeIgniter.php(488): CodeIgniter\CodeIgniter->createController()
 3 SYSTEMPATH/CodeIgniter.php(366): CodeIgniter\CodeIgniter->handleRequest(null, Object(Config\Cache), false)
 4 FCPATH/index.php(67): CodeIgniter\CodeIgniter->run()
WARNING - 2023-10-31 12:14:39 --> [DEPRECATED] Creation of dynamic property App\Controllers\Miscontroller::$agents is deprecated in APPPATH/Controllers/Miscontroller.php on line 17.
 1 SYSTEMPATH/CodeIgniter.php(904): App\Controllers\Miscontroller->__construct()
 2 SYSTEMPATH/CodeIgniter.php(488): CodeIgniter\CodeIgniter->createController()
 3 SYSTEMPATH/CodeIgniter.php(366): CodeIgniter\CodeIgniter->handleRequest(null, Object(Config\Cache), false)
 4 FCPATH/index.php(67): CodeIgniter\CodeIgniter->run()
WARNING - 2023-10-31 12:14:39 --> [DEPRECATED] Creation of dynamic property App\Controllers\Miscontroller::$commonModel is deprecated in APPPATH/Controllers/Miscontroller.php on line 18.
 1 SYSTEMPATH/CodeIgniter.php(904): App\Controllers\Miscontroller->__construct()
 2 SYSTEMPATH/CodeIgniter.php(488): CodeIgniter\CodeIgniter->createController()
 3 SYSTEMPATH/CodeIgniter.php(366): CodeIgniter\CodeIgniter->handleRequest(null, Object(Config\Cache), false)
 4 FCPATH/index.php(67): CodeIgniter\CodeIgniter->run()
INFO - 2023-10-31 12:14:39 --> Session: Class initialized using 'CodeIgniter\Session\Handlers\FileHandler' driver.
WARNING - 2023-10-31 12:14:39 --> [DEPRECATED] Creation of dynamic property App\Controllers\Miscontroller::$session is deprecated in APPPATH/Controllers/BaseController.php on line 57.
 1 SYSTEMPATH/CodeIgniter.php(905): App\Controllers\BaseController->initController(Object(CodeIgniter\HTTP\IncomingRequest), Object(CodeIgniter\HTTP\Response), Object(CodeIgniter\Log\Logger))
 2 SYSTEMPATH/CodeIgniter.php(488): CodeIgniter\CodeIgniter->createController()
 3 SYSTEMPATH/CodeIgniter.php(366): CodeIgniter\CodeIgniter->handleRequest(null, Object(Config\Cache), false)
 4 FCPATH/index.php(67): CodeIgniter\CodeIgniter->run()
WARNING - 2023-10-31 12:14:52 --> [DEPRECATED] Creation of dynamic property App\Controllers\agentinvoice::$model is deprecated in APPPATH/Controllers/agentinvoice.php on line 21.
 1 SYSTEMPATH/CodeIgniter.php(904): App\Controllers\agentinvoice->__construct()
 2 SYSTEMPATH/CodeIgniter.php(488): CodeIgniter\CodeIgniter->createController()
 3 SYSTEMPATH/CodeIgniter.php(366): CodeIgniter\CodeIgniter->handleRequest(null, Object(Config\Cache), false)
 4 FCPATH/index.php(67): CodeIgniter\CodeIgniter->run()
WARNING - 2023-10-31 12:14:52 --> [DEPRECATED] Creation of dynamic property App\Controllers\agentinvoice::$agents is deprecated in APPPATH/Controllers/agentinvoice.php on line 22.
 1 SYSTEMPATH/CodeIgniter.php(904): App\Controllers\agentinvoice->__construct()
 2 SYSTEMPATH/CodeIgniter.php(488): CodeIgniter\CodeIgniter->createController()
 3 SYSTEMPATH/CodeIgniter.php(366): CodeIgniter\CodeIgniter->handleRequest(null, Object(Config\Cache), false)
 4 FCPATH/index.php(67): CodeIgniter\CodeIgniter->run()
WARNING - 2023-10-31 12:14:52 --> [DEPRECATED] Creation of dynamic property App\Controllers\agentinvoice::$commonModel is deprecated in APPPATH/Controllers/agentinvoice.php on line 23.
 1 SYSTEMPATH/CodeIgniter.php(904): App\Controllers\agentinvoice->__construct()
 2 SYSTEMPATH/CodeIgniter.php(488): CodeIgniter\CodeIgniter->createController()
 3 SYSTEMPATH/CodeIgniter.php(366): CodeIgniter\CodeIgniter->handleRequest(null, Object(Config\Cache), false)
 4 FCPATH/index.php(67): CodeIgniter\CodeIgniter->run()
WARNING - 2023-10-31 12:14:52 --> [DEPRECATED] Creation of dynamic property App\Controllers\agentinvoice::$payment is deprecated in APPPATH/Controllers/agentinvoice.php on line 24.
 1 SYSTEMPATH/CodeIgniter.php(904): App\Controllers\agentinvoice->__construct()
 2 SYSTEMPATH/CodeIgniter.php(488): CodeIgniter\CodeIgniter->createController()
 3 SYSTEMPATH/CodeIgniter.php(366): CodeIgniter\CodeIgniter->handleRequest(null, Object(Config\Cache), false)
 4 FCPATH/index.php(67): CodeIgniter\CodeIgniter->run()
INFO - 2023-10-31 12:14:52 --> Session: Class initialized using 'CodeIgniter\Session\Handlers\FileHandler' driver.
WARNING - 2023-10-31 12:14:52 --> [DEPRECATED] Creation of dynamic property App\Controllers\agentinvoice::$session is deprecated in APPPATH/Controllers/BaseController.php on line 57.
 1 SYSTEMPATH/CodeIgniter.php(905): App\Controllers\BaseController->initController(Object(CodeIgniter\HTTP\IncomingRequest), Object(CodeIgniter\HTTP\Response), Object(CodeIgniter\Log\Logger))
 2 SYSTEMPATH/CodeIgniter.php(488): CodeIgniter\CodeIgniter->createController()
 3 SYSTEMPATH/CodeIgniter.php(366): CodeIgniter\CodeIgniter->handleRequest(null, Object(Config\Cache), false)
 4 FCPATH/index.php(67): CodeIgniter\CodeIgniter->run()
WARNING - 2023-10-31 12:14:53 --> [DEPRECATED] Creation of dynamic property App\Controllers\agentinvoice::$model is deprecated in APPPATH/Controllers/agentinvoice.php on line 21.
 1 SYSTEMPATH/CodeIgniter.php(904): App\Controllers\agentinvoice->__construct()
 2 SYSTEMPATH/CodeIgniter.php(488): CodeIgniter\CodeIgniter->createController()
 3 SYSTEMPATH/CodeIgniter.php(366): CodeIgniter\CodeIgniter->handleRequest(null, Object(Config\Cache), false)
 4 FCPATH/index.php(67): CodeIgniter\CodeIgniter->run()
WARNING - 2023-10-31 12:14:53 --> [DEPRECATED] Creation of dynamic property App\Controllers\agentinvoice::$agents is deprecated in APPPATH/Controllers/agentinvoice.php on line 22.
 1 SYSTEMPATH/CodeIgniter.php(904): App\Controllers\agentinvoice->__construct()
 2 SYSTEMPATH/CodeIgniter.php(488): CodeIgniter\CodeIgniter->createController()
 3 SYSTEMPATH/CodeIgniter.php(366): CodeIgniter\CodeIgniter->handleRequest(null, Object(Config\Cache), false)
 4 FCPATH/index.php(67): CodeIgniter\CodeIgniter->run()
WARNING - 2023-10-31 12:14:53 --> [DEPRECATED] Creation of dynamic property App\Controllers\agentinvoice::$commonModel is deprecated in APPPATH/Controllers/agentinvoice.php on line 23.
 1 SYSTEMPATH/CodeIgniter.php(904): App\Controllers\agentinvoice->__construct()
 2 SYSTEMPATH/CodeIgniter.php(488): CodeIgniter\CodeIgniter->createController()
 3 SYSTEMPATH/CodeIgniter.php(366): CodeIgniter\CodeIgniter->handleRequest(null, Object(Config\Cache), false)
 4 FCPATH/index.php(67): CodeIgniter\CodeIgniter->run()
WARNING - 2023-10-31 12:14:53 --> [DEPRECATED] Creation of dynamic property App\Controllers\agentinvoice::$payment is deprecated in APPPATH/Controllers/agentinvoice.php on line 24.
 1 SYSTEMPATH/CodeIgniter.php(904): App\Controllers\agentinvoice->__construct()
 2 SYSTEMPATH/CodeIgniter.php(488): CodeIgniter\CodeIgniter->createController()
 3 SYSTEMPATH/CodeIgniter.php(366): CodeIgniter\CodeIgniter->handleRequest(null, Object(Config\Cache), false)
 4 FCPATH/index.php(67): CodeIgniter\CodeIgniter->run()
INFO - 2023-10-31 12:14:53 --> Session: Class initialized using 'CodeIgniter\Session\Handlers\FileHandler' driver.
WARNING - 2023-10-31 12:14:53 --> [DEPRECATED] Creation of dynamic property App\Controllers\agentinvoice::$session is deprecated in APPPATH/Controllers/BaseController.php on line 57.
 1 SYSTEMPATH/CodeIgniter.php(905): App\Controllers\BaseController->initController(Object(CodeIgniter\HTTP\IncomingRequest), Object(CodeIgniter\HTTP\Response), Object(CodeIgniter\Log\Logger))
 2 SYSTEMPATH/CodeIgniter.php(488): CodeIgniter\CodeIgniter->createController()
 3 SYSTEMPATH/CodeIgniter.php(366): CodeIgniter\CodeIgniter->handleRequest(null, Object(Config\Cache), false)
 4 FCPATH/index.php(67): CodeIgniter\CodeIgniter->run()
WARNING - 2023-10-31 12:14:53 --> [DEPRECATED] Creation of dynamic property App\Controllers\agentinvoice::$generateInvoiceModel is deprecated in APPPATH/Controllers/agentinvoice.php on line 562.
 1 SYSTEMPATH/CodeIgniter.php(932): App\Controllers\agentinvoice->checkDataExists()
 2 SYSTEMPATH/CodeIgniter.php(497): CodeIgniter\CodeIgniter->runController(Object(App\Controllers\agentinvoice))
 3 SYSTEMPATH/CodeIgniter.php(366): CodeIgniter\CodeIgniter->handleRequest(null, Object(Config\Cache), false)
 4 FCPATH/index.php(67): CodeIgniter\CodeIgniter->run()
WARNING - 2023-10-31 12:14:57 --> [DEPRECATED] Creation of dynamic property App\Controllers\agentinvoice::$model is deprecated in APPPATH/Controllers/agentinvoice.php on line 21.
 1 SYSTEMPATH/CodeIgniter.php(904): App\Controllers\agentinvoice->__construct()
 2 SYSTEMPATH/CodeIgniter.php(488): CodeIgniter\CodeIgniter->createController()
 3 SYSTEMPATH/CodeIgniter.php(366): CodeIgniter\CodeIgniter->handleRequest(null, Object(Config\Cache), false)
 4 FCPATH/index.php(67): CodeIgniter\CodeIgniter->run()
WARNING - 2023-10-31 12:14:57 --> [DEPRECATED] Creation of dynamic property App\Controllers\agentinvoice::$agents is deprecated in APPPATH/Controllers/agentinvoice.php on line 22.
 1 SYSTEMPATH/CodeIgniter.php(904): App\Controllers\agentinvoice->__construct()
 2 SYSTEMPATH/CodeIgniter.php(488): CodeIgniter\CodeIgniter->createController()
 3 SYSTEMPATH/CodeIgniter.php(366): CodeIgniter\CodeIgniter->handleRequest(null, Object(Config\Cache), false)
 4 FCPATH/index.php(67): CodeIgniter\CodeIgniter->run()
WARNING - 2023-10-31 12:14:57 --> [DEPRECATED] Creation of dynamic property App\Controllers\agentinvoice::$commonModel is deprecated in APPPATH/Controllers/agentinvoice.php on line 23.
 1 SYSTEMPATH/CodeIgniter.php(904): App\Controllers\agentinvoice->__construct()
 2 SYSTEMPATH/CodeIgniter.php(488): CodeIgniter\CodeIgniter->createController()
 3 SYSTEMPATH/CodeIgniter.php(366): CodeIgniter\CodeIgniter->handleRequest(null, Object(Config\Cache), false)
 4 FCPATH/index.php(67): CodeIgniter\CodeIgniter->run()
WARNING - 2023-10-31 12:14:57 --> [DEPRECATED] Creation of dynamic property App\Controllers\agentinvoice::$payment is deprecated in APPPATH/Controllers/agentinvoice.php on line 24.
 1 SYSTEMPATH/CodeIgniter.php(904): App\Controllers\agentinvoice->__construct()
 2 SYSTEMPATH/CodeIgniter.php(488): CodeIgniter\CodeIgniter->createController()
 3 SYSTEMPATH/CodeIgniter.php(366): CodeIgniter\CodeIgniter->handleRequest(null, Object(Config\Cache), false)
 4 FCPATH/index.php(67): CodeIgniter\CodeIgniter->run()
INFO - 2023-10-31 12:14:57 --> Session: Class initialized using 'CodeIgniter\Session\Handlers\FileHandler' driver.
WARNING - 2023-10-31 12:14:57 --> [DEPRECATED] Creation of dynamic property App\Controllers\agentinvoice::$session is deprecated in APPPATH/Controllers/BaseController.php on line 57.
 1 SYSTEMPATH/CodeIgniter.php(905): App\Controllers\BaseController->initController(Object(CodeIgniter\HTTP\IncomingRequest), Object(CodeIgniter\HTTP\Response), Object(CodeIgniter\Log\Logger))
 2 SYSTEMPATH/CodeIgniter.php(488): CodeIgniter\CodeIgniter->createController()
 3 SYSTEMPATH/CodeIgniter.php(366): CodeIgniter\CodeIgniter->handleRequest(null, Object(Config\Cache), false)
 4 FCPATH/index.php(67): CodeIgniter\CodeIgniter->run()
WARNING - 2023-10-31 12:14:57 --> [DEPRECATED] Creation of dynamic property App\Controllers\agentinvoice::$invoiceModel is deprecated in APPPATH/Controllers/agentinvoice.php on line 541.
 1 SYSTEMPATH/CodeIgniter.php(932): App\Controllers\agentinvoice->getInvoiceData()
 2 SYSTEMPATH/CodeIgniter.php(497): CodeIgniter\CodeIgniter->runController(Object(App\Controllers\agentinvoice))
 3 SYSTEMPATH/CodeIgniter.php(366): CodeIgniter\CodeIgniter->handleRequest(null, Object(Config\Cache), false)
 4 FCPATH/index.php(67): CodeIgniter\CodeIgniter->run()
WARNING - 2023-10-31 12:14:59 --> [DEPRECATED] Creation of dynamic property App\Controllers\agentinvoice::$model is deprecated in APPPATH/Controllers/agentinvoice.php on line 21.
 1 SYSTEMPATH/CodeIgniter.php(904): App\Controllers\agentinvoice->__construct()
 2 SYSTEMPATH/CodeIgniter.php(488): CodeIgniter\CodeIgniter->createController()
 3 SYSTEMPATH/CodeIgniter.php(366): CodeIgniter\CodeIgniter->handleRequest(null, Object(Config\Cache), false)
 4 FCPATH/index.php(67): CodeIgniter\CodeIgniter->run()
WARNING - 2023-10-31 12:14:59 --> [DEPRECATED] Creation of dynamic property App\Controllers\agentinvoice::$agents is deprecated in APPPATH/Controllers/agentinvoice.php on line 22.
 1 SYSTEMPATH/CodeIgniter.php(904): App\Controllers\agentinvoice->__construct()
 2 SYSTEMPATH/CodeIgniter.php(488): CodeIgniter\CodeIgniter->createController()
 3 SYSTEMPATH/CodeIgniter.php(366): CodeIgniter\CodeIgniter->handleRequest(null, Object(Config\Cache), false)
 4 FCPATH/index.php(67): CodeIgniter\CodeIgniter->run()
WARNING - 2023-10-31 12:14:59 --> [DEPRECATED] Creation of dynamic property App\Controllers\agentinvoice::$commonModel is deprecated in APPPATH/Controllers/agentinvoice.php on line 23.
 1 SYSTEMPATH/CodeIgniter.php(904): App\Controllers\agentinvoice->__construct()
 2 SYSTEMPATH/CodeIgniter.php(488): CodeIgniter\CodeIgniter->createController()
 3 SYSTEMPATH/CodeIgniter.php(366): CodeIgniter\CodeIgniter->handleRequest(null, Object(Config\Cache), false)
 4 FCPATH/index.php(67): CodeIgniter\CodeIgniter->run()
WARNING - 2023-10-31 12:14:59 --> [DEPRECATED] Creation of dynamic property App\Controllers\agentinvoice::$payment is deprecated in APPPATH/Controllers/agentinvoice.php on line 24.
 1 SYSTEMPATH/CodeIgniter.php(904): App\Controllers\agentinvoice->__construct()
 2 SYSTEMPATH/CodeIgniter.php(488): CodeIgniter\CodeIgniter->createController()
 3 SYSTEMPATH/CodeIgniter.php(366): CodeIgniter\CodeIgniter->handleRequest(null, Object(Config\Cache), false)
 4 FCPATH/index.php(67): CodeIgniter\CodeIgniter->run()
INFO - 2023-10-31 12:14:59 --> Session: Class initialized using 'CodeIgniter\Session\Handlers\FileHandler' driver.
WARNING - 2023-10-31 12:14:59 --> [DEPRECATED] Creation of dynamic property App\Controllers\agentinvoice::$session is deprecated in APPPATH/Controllers/BaseController.php on line 57.
 1 SYSTEMPATH/CodeIgniter.php(905): App\Controllers\BaseController->initController(Object(CodeIgniter\HTTP\IncomingRequest), Object(CodeIgniter\HTTP\Response), Object(CodeIgniter\Log\Logger))
 2 SYSTEMPATH/CodeIgniter.php(488): CodeIgniter\CodeIgniter->createController()
 3 SYSTEMPATH/CodeIgniter.php(366): CodeIgniter\CodeIgniter->handleRequest(null, Object(Config\Cache), false)
 4 FCPATH/index.php(67): CodeIgniter\CodeIgniter->run()
