WARNING - 2023-12-15 10:50:59 --> [DEPRECATED] Creation of dynamic property App\Controllers\Miscontroller::$model is deprecated in APPPATH/Controllers/Miscontroller.php on line 16.
 1 SYSTEMPATH/CodeIgniter.php(904): App\Controllers\Miscontroller->__construct()
 2 SYSTEMPATH/CodeIgniter.php(488): CodeIgniter\CodeIgniter->createController()
 3 SYSTEMPATH/CodeIgniter.php(366): CodeIgniter\CodeIgniter->handleRequest(null, Object(Config\Cache), false)
 4 FCPATH/index.php(67): CodeIgniter\CodeIgniter->run()
WARNING - 2023-12-15 10:50:59 --> [DEPRECATED] Creation of dynamic property App\Controllers\Miscontroller::$agents is deprecated in APPPATH/Controllers/Miscontroller.php on line 17.
 1 SYSTEMPATH/CodeIgniter.php(904): App\Controllers\Miscontroller->__construct()
 2 SYSTEMPATH/CodeIgniter.php(488): CodeIgniter\CodeIgniter->createController()
 3 SYSTEMPATH/CodeIgniter.php(366): CodeIgniter\CodeIgniter->handleRequest(null, Object(Config\Cache), false)
 4 FCPATH/index.php(67): CodeIgniter\CodeIgniter->run()
WARNING - 2023-12-15 10:50:59 --> [DEPRECATED] Creation of dynamic property App\Controllers\Miscontroller::$commonModel is deprecated in APPPATH/Controllers/Miscontroller.php on line 18.
 1 SYSTEMPATH/CodeIgniter.php(904): App\Controllers\Miscontroller->__construct()
 2 SYSTEMPATH/CodeIgniter.php(488): CodeIgniter\CodeIgniter->createController()
 3 SYSTEMPATH/CodeIgniter.php(366): CodeIgniter\CodeIgniter->handleRequest(null, Object(Config\Cache), false)
 4 FCPATH/index.php(67): CodeIgniter\CodeIgniter->run()
INFO - 2023-12-15 10:50:59 --> Session: Class initialized using 'CodeIgniter\Session\Handlers\FileHandler' driver.
WARNING - 2023-12-15 10:50:59 --> [DEPRECATED] Creation of dynamic property App\Controllers\Miscontroller::$session is deprecated in APPPATH/Controllers/BaseController.php on line 57.
 1 SYSTEMPATH/CodeIgniter.php(905): App\Controllers\BaseController->initController(Object(CodeIgniter\HTTP\IncomingRequest), Object(CodeIgniter\HTTP\Response), Object(CodeIgniter\Log\Logger))
 2 SYSTEMPATH/CodeIgniter.php(488): CodeIgniter\CodeIgniter->createController()
 3 SYSTEMPATH/CodeIgniter.php(366): CodeIgniter\CodeIgniter->handleRequest(null, Object(Config\Cache), false)
 4 FCPATH/index.php(67): CodeIgniter\CodeIgniter->run()
