ERROR - 2024-02-24 05:19:32 --> Database query error: SELECT *
FROM `agent_master`
WHERE `email` = 'r'
ERROR - 2024-02-24 05:19:32 --> Database query error: SELECT *
FROM `agent_master`
WHERE `email` = 'renuk'
ERROR - 2024-02-24 05:19:33 --> Database query error: SELECT *
FROM `agent_master`
WHERE `email` = 're'
ERROR - 2024-02-24 05:19:33 --> Database query error: SELECT *
FROM `agent_master`
WHERE `email` = 'renuka.'
ERROR - 2024-02-24 05:19:33 --> Database query error: SELECT *
FROM `agent_master`
WHERE `email` = 'renuka.gla'
ERROR - 2024-02-24 05:19:33 --> Database query error: SELECT *
FROM `agent_master`
WHERE `email` = 'renu'
ERROR - 2024-02-24 05:19:33 --> Database query error: SELECT *
FROM `agent_master`
WHERE `email` = 'renuka.glansa@gmail'
ERROR - 2024-02-24 05:19:33 --> Database query error: SELECT *
FROM `agent_master`
WHERE `email` = 'ren'
ERROR - 2024-02-24 05:19:33 --> Database query error: SELECT *
FROM `agent_master`
WHERE `email` = 'renuka'
ERROR - 2024-02-24 05:19:34 --> Database query error: SELECT *
FROM `agent_master`
WHERE `email` = 'renuka.glansa@'
ERROR - 2024-02-24 05:19:34 --> Database query error: SELECT *
FROM `agent_master`
WHERE `email` = 'renuka.glansa@gmail.co'
ERROR - 2024-02-24 05:19:34 --> Database query error: SELECT *
FROM `agent_master`
WHERE `email` = 'renuka.glansa@g'
ERROR - 2024-02-24 05:19:34 --> Database query error: SELECT *
FROM `agent_master`
WHERE `email` = 'renuka.glansa@gmail.c'
ERROR - 2024-02-24 05:19:34 --> Database query error: SELECT *
FROM `agent_master`
WHERE `email` = 'renuka.glansa@gmai'
ERROR - 2024-02-24 05:19:35 --> Database query error: SELECT *
FROM `agent_master`
WHERE `email` = 'renuka.glans'
ERROR - 2024-02-24 05:19:35 --> Database query error: SELECT *
FROM `agent_master`
WHERE `email` = 'renuka.glan'
ERROR - 2024-02-24 05:19:35 --> Database query error: SELECT *
FROM `agent_master`
WHERE `email` = 'renuka.glansa'
ERROR - 2024-02-24 05:19:35 --> Database query error: SELECT *
FROM `agent_master`
WHERE `email` = 'renuka.glansa@gm'
ERROR - 2024-02-24 05:19:35 --> Database query error: SELECT *
FROM `agent_master`
WHERE `email` = 'renuka.gl'
ERROR - 2024-02-24 05:19:35 --> Database query error: SELECT *
FROM `agent_master`
WHERE `email` = 'renuka.glansa@gmail.com'
ERROR - 2024-02-24 05:19:35 --> Database query error: SELECT *
FROM `agent_master`
WHERE `email` = 'renuka.glansa@gmail.'
ERROR - 2024-02-24 05:19:35 --> Database query error: SELECT *
FROM `agent_master`
WHERE `email` = 'renuka.g'
ERROR - 2024-02-24 05:19:35 --> Database query error: SELECT *
FROM `agent_master`
WHERE `email` = 'renuka.glansa@gma'
