CRITICAL - 2023-07-04 19:11:10 --> Undefined variable $thisobj
in APPPATH\Views\layouts\dashboard_layout.php on line 193.
 1 APPPATH\Views\layouts\dashboard_layout.php(193): CodeIgniter\Debug\Exceptions->errorHandler(2, 'Undefined variable $thisobj', 'C:\\xampp\\htdocs\\finex\\app\\Views\\layouts\\dashboard_layout.php', 193)
 2 SYSTEMPATH\View\View.php(224): include('C:\\xampp\\htdocs\\finex\\app\\Views\\layouts\\dashboard_layout.php')
 3 SYSTEMPATH\View\View.php(227): CodeIgniter\View\View->CodeIgniter\View\{closure}()
 4 SYSTEMPATH\View\View.php(240): CodeIgniter\View\View->render('layouts/dashboard_layout', [], true)
 5 SYSTEMPATH\Common.php(1180): CodeIgniter\View\View->render('dashboard/index', [], true)
 6 APPPATH\Controllers\admin.php(12): view('dashboard/index', [...])
 7 SYSTEMPATH\CodeIgniter.php(932): App\Controllers\admin->index()
 8 SYSTEMPATH\CodeIgniter.php(497): CodeIgniter\CodeIgniter->runController(Object(App\Controllers\admin))
 9 SYSTEMPATH\CodeIgniter.php(366): CodeIgniter\CodeIgniter->handleRequest(null, Object(Config\Cache), false)
10 FCPATH\index.php(67): CodeIgniter\CodeIgniter->run()
CRITICAL - 2023-07-04 19:46:08 --> Array to string conversion
in APPPATH\Config\Routes.php on line 37.
 1 APPPATH\Config\Routes.php(37): CodeIgniter\Debug\Exceptions->errorHandler(2, 'Array to string conversion', 'C:\\xampp\\htdocs\\finex\\app\\Config\\Routes.php', 37)
 2 SYSTEMPATH\Router\RouteCollection.php(678): CodeIgniter\Router\RouteCollection->Config\{closure}(Object(CodeIgniter\Router\RouteCollection))
 3 APPPATH\Config\Routes.php(35): CodeIgniter\Router\RouteCollection->group('admin', Object(Closure))
 4 SYSTEMPATH\Router\RouteCollection.php(267): require('C:\\xampp\\htdocs\\finex\\app\\Config\\Routes.php')
 5 SYSTEMPATH\CodeIgniter.php(800): CodeIgniter\Router\RouteCollection->loadRoutes()
 6 SYSTEMPATH\CodeIgniter.php(447): CodeIgniter\CodeIgniter->tryToRouteIt(null)
 7 SYSTEMPATH\CodeIgniter.php(366): CodeIgniter\CodeIgniter->handleRequest(null, Object(Config\Cache), false)
 8 FCPATH\index.php(67): CodeIgniter\CodeIgniter->run()
CRITICAL - 2023-07-04 19:46:13 --> Array to string conversion
in APPPATH\Config\Routes.php on line 37.
 1 APPPATH\Config\Routes.php(37): CodeIgniter\Debug\Exceptions->errorHandler(2, 'Array to string conversion', 'C:\\xampp\\htdocs\\finex\\app\\Config\\Routes.php', 37)
 2 SYSTEMPATH\Router\RouteCollection.php(678): CodeIgniter\Router\RouteCollection->Config\{closure}(Object(CodeIgniter\Router\RouteCollection))
 3 APPPATH\Config\Routes.php(35): CodeIgniter\Router\RouteCollection->group('admin', Object(Closure))
 4 SYSTEMPATH\Router\RouteCollection.php(267): require('C:\\xampp\\htdocs\\finex\\app\\Config\\Routes.php')
 5 SYSTEMPATH\CodeIgniter.php(800): CodeIgniter\Router\RouteCollection->loadRoutes()
 6 SYSTEMPATH\CodeIgniter.php(447): CodeIgniter\CodeIgniter->tryToRouteIt(null)
 7 SYSTEMPATH\CodeIgniter.php(366): CodeIgniter\CodeIgniter->handleRequest(null, Object(Config\Cache), false)
 8 FCPATH\index.php(67): CodeIgniter\CodeIgniter->run()
CRITICAL - 2023-07-04 19:46:52 --> Array to string conversion
in APPPATH\Config\Routes.php on line 37.
 1 APPPATH\Config\Routes.php(37): CodeIgniter\Debug\Exceptions->errorHandler(2, 'Array to string conversion', 'C:\\xampp\\htdocs\\finex\\app\\Config\\Routes.php', 37)
 2 SYSTEMPATH\Router\RouteCollection.php(678): CodeIgniter\Router\RouteCollection->Config\{closure}(Object(CodeIgniter\Router\RouteCollection))
 3 APPPATH\Config\Routes.php(35): CodeIgniter\Router\RouteCollection->group('admin', Object(Closure))
 4 SYSTEMPATH\Router\RouteCollection.php(267): require('C:\\xampp\\htdocs\\finex\\app\\Config\\Routes.php')
 5 SYSTEMPATH\CodeIgniter.php(800): CodeIgniter\Router\RouteCollection->loadRoutes()
 6 SYSTEMPATH\CodeIgniter.php(447): CodeIgniter\CodeIgniter->tryToRouteIt(null)
 7 SYSTEMPATH\CodeIgniter.php(366): CodeIgniter\CodeIgniter->handleRequest(null, Object(Config\Cache), false)
 8 FCPATH\index.php(67): CodeIgniter\CodeIgniter->run()
CRITICAL - 2023-07-04 19:52:34 --> Array to string conversion
in APPPATH\Config\Routes.php on line 37.
 1 APPPATH\Config\Routes.php(37): CodeIgniter\Debug\Exceptions->errorHandler(2, 'Array to string conversion', 'C:\\xampp\\htdocs\\finex\\app\\Config\\Routes.php', 37)
 2 SYSTEMPATH\Router\RouteCollection.php(678): CodeIgniter\Router\RouteCollection->Config\{closure}(Object(CodeIgniter\Router\RouteCollection))
 3 APPPATH\Config\Routes.php(35): CodeIgniter\Router\RouteCollection->group('admin', Object(Closure))
 4 SYSTEMPATH\Router\RouteCollection.php(267): require('C:\\xampp\\htdocs\\finex\\app\\Config\\Routes.php')
 5 SYSTEMPATH\CodeIgniter.php(800): CodeIgniter\Router\RouteCollection->loadRoutes()
 6 SYSTEMPATH\CodeIgniter.php(447): CodeIgniter\CodeIgniter->tryToRouteIt(null)
 7 SYSTEMPATH\CodeIgniter.php(366): CodeIgniter\CodeIgniter->handleRequest(null, Object(Config\Cache), false)
 8 FCPATH\index.php(67): CodeIgniter\CodeIgniter->run()
CRITICAL - 2023-07-04 19:52:41 --> Array to string conversion
in APPPATH\Config\Routes.php on line 37.
 1 APPPATH\Config\Routes.php(37): CodeIgniter\Debug\Exceptions->errorHandler(2, 'Array to string conversion', 'C:\\xampp\\htdocs\\finex\\app\\Config\\Routes.php', 37)
 2 SYSTEMPATH\Router\RouteCollection.php(678): CodeIgniter\Router\RouteCollection->Config\{closure}(Object(CodeIgniter\Router\RouteCollection))
 3 APPPATH\Config\Routes.php(35): CodeIgniter\Router\RouteCollection->group('admin', Object(Closure))
 4 SYSTEMPATH\Router\RouteCollection.php(267): require('C:\\xampp\\htdocs\\finex\\app\\Config\\Routes.php')
 5 SYSTEMPATH\CodeIgniter.php(800): CodeIgniter\Router\RouteCollection->loadRoutes()
 6 SYSTEMPATH\CodeIgniter.php(447): CodeIgniter\CodeIgniter->tryToRouteIt(null)
 7 SYSTEMPATH\CodeIgniter.php(366): CodeIgniter\CodeIgniter->handleRequest(null, Object(Config\Cache), false)
 8 FCPATH\index.php(67): CodeIgniter\CodeIgniter->run()
CRITICAL - 2023-07-04 20:05:36 --> Invalid file: "../layouts/dashboard_layout.php"
in SYSTEMPATH\Exceptions\FrameworkException.php on line 33.
 1 SYSTEMPATH\View\View.php(212): CodeIgniter\Exceptions\FrameworkException::forInvalidFile('../layouts/dashboard_layout.php')
 2 SYSTEMPATH\View\View.php(240): CodeIgniter\View\View->render('../layouts/dashboard_layout', [], true)
 3 SYSTEMPATH\Common.php(1180): CodeIgniter\View\View->render('dashboard/home', [], true)
 4 APPPATH\Controllers\admin.php(12): view('dashboard/home', [...])
 5 SYSTEMPATH\CodeIgniter.php(932): App\Controllers\admin->index()
 6 SYSTEMPATH\CodeIgniter.php(497): CodeIgniter\CodeIgniter->runController(Object(App\Controllers\admin))
 7 SYSTEMPATH\CodeIgniter.php(366): CodeIgniter\CodeIgniter->handleRequest(null, Object(Config\Cache), false)
 8 FCPATH\index.php(67): CodeIgniter\CodeIgniter->run()
CRITICAL - 2023-07-04 20:08:09 --> Invalid file: "dashboard/index.php"
in SYSTEMPATH\Exceptions\FrameworkException.php on line 33.
 1 SYSTEMPATH\View\View.php(212): CodeIgniter\Exceptions\FrameworkException::forInvalidFile('dashboard/index.php')
 2 SYSTEMPATH\Common.php(1180): CodeIgniter\View\View->render('dashboard/index', [], true)
 3 APPPATH\Controllers\admin.php(12): view('dashboard/index', [...])
 4 SYSTEMPATH\CodeIgniter.php(932): App\Controllers\admin->index()
 5 SYSTEMPATH\CodeIgniter.php(497): CodeIgniter\CodeIgniter->runController(Object(App\Controllers\admin))
 6 SYSTEMPATH\CodeIgniter.php(366): CodeIgniter\CodeIgniter->handleRequest(null, Object(Config\Cache), false)
 7 FCPATH\index.php(67): CodeIgniter\CodeIgniter->run()
CRITICAL - 2023-07-04 20:08:18 --> Invalid file: "dashboard/index.php"
in SYSTEMPATH\Exceptions\FrameworkException.php on line 33.
 1 SYSTEMPATH\View\View.php(212): CodeIgniter\Exceptions\FrameworkException::forInvalidFile('dashboard/index.php')
 2 SYSTEMPATH\Common.php(1180): CodeIgniter\View\View->render('dashboard/index', [], true)
 3 APPPATH\Controllers\admin.php(12): view('dashboard/index', [...])
 4 SYSTEMPATH\CodeIgniter.php(932): App\Controllers\admin->index()
 5 SYSTEMPATH\CodeIgniter.php(497): CodeIgniter\CodeIgniter->runController(Object(App\Controllers\admin))
 6 SYSTEMPATH\CodeIgniter.php(366): CodeIgniter\CodeIgniter->handleRequest(null, Object(Config\Cache), false)
 7 FCPATH\index.php(67): CodeIgniter\CodeIgniter->run()
CRITICAL - 2023-07-04 20:08:44 --> Invalid file: "dashboard/index.php"
in SYSTEMPATH\Exceptions\FrameworkException.php on line 33.
 1 SYSTEMPATH\View\View.php(212): CodeIgniter\Exceptions\FrameworkException::forInvalidFile('dashboard/index.php')
 2 SYSTEMPATH\Common.php(1180): CodeIgniter\View\View->render('dashboard/index', [], true)
 3 APPPATH\Controllers\admin.php(12): view('dashboard/index', [...])
 4 SYSTEMPATH\CodeIgniter.php(932): App\Controllers\admin->index()
 5 SYSTEMPATH\CodeIgniter.php(497): CodeIgniter\CodeIgniter->runController(Object(App\Controllers\admin))
 6 SYSTEMPATH\CodeIgniter.php(366): CodeIgniter\CodeIgniter->handleRequest(null, Object(Config\Cache), false)
 7 FCPATH\index.php(67): CodeIgniter\CodeIgniter->run()
CRITICAL - 2023-07-04 20:08:45 --> Invalid file: "dashboard/index.php"
in SYSTEMPATH\Exceptions\FrameworkException.php on line 33.
 1 SYSTEMPATH\View\View.php(212): CodeIgniter\Exceptions\FrameworkException::forInvalidFile('dashboard/index.php')
 2 SYSTEMPATH\Common.php(1180): CodeIgniter\View\View->render('dashboard/index', [], true)
 3 APPPATH\Controllers\admin.php(12): view('dashboard/index', [...])
 4 SYSTEMPATH\CodeIgniter.php(932): App\Controllers\admin->index()
 5 SYSTEMPATH\CodeIgniter.php(497): CodeIgniter\CodeIgniter->runController(Object(App\Controllers\admin))
 6 SYSTEMPATH\CodeIgniter.php(366): CodeIgniter\CodeIgniter->handleRequest(null, Object(Config\Cache), false)
 7 FCPATH\index.php(67): CodeIgniter\CodeIgniter->run()
CRITICAL - 2023-07-04 20:08:47 --> Invalid file: "dashboard/index.php"
in SYSTEMPATH\Exceptions\FrameworkException.php on line 33.
 1 SYSTEMPATH\View\View.php(212): CodeIgniter\Exceptions\FrameworkException::forInvalidFile('dashboard/index.php')
 2 SYSTEMPATH\Common.php(1180): CodeIgniter\View\View->render('dashboard/index', [], true)
 3 APPPATH\Controllers\admin.php(12): view('dashboard/index', [...])
 4 SYSTEMPATH\CodeIgniter.php(932): App\Controllers\admin->index()
 5 SYSTEMPATH\CodeIgniter.php(497): CodeIgniter\CodeIgniter->runController(Object(App\Controllers\admin))
 6 SYSTEMPATH\CodeIgniter.php(366): CodeIgniter\CodeIgniter->handleRequest(null, Object(Config\Cache), false)
 7 FCPATH\index.php(67): CodeIgniter\CodeIgniter->run()
CRITICAL - 2023-07-04 20:08:57 --> Invalid file: "dashboard/index.php"
in SYSTEMPATH\Exceptions\FrameworkException.php on line 33.
 1 SYSTEMPATH\View\View.php(212): CodeIgniter\Exceptions\FrameworkException::forInvalidFile('dashboard/index.php')
 2 SYSTEMPATH\Common.php(1180): CodeIgniter\View\View->render('dashboard/index', [], true)
 3 APPPATH\Controllers\admin.php(12): view('dashboard/index', [...])
 4 SYSTEMPATH\CodeIgniter.php(932): App\Controllers\admin->index()
 5 SYSTEMPATH\CodeIgniter.php(497): CodeIgniter\CodeIgniter->runController(Object(App\Controllers\admin))
 6 SYSTEMPATH\CodeIgniter.php(366): CodeIgniter\CodeIgniter->handleRequest(null, Object(Config\Cache), false)
 7 FCPATH\index.php(67): CodeIgniter\CodeIgniter->run()
CRITICAL - 2023-07-04 20:56:10 --> Object of class CodeIgniter\Router\RouteCollection could not be converted to string
in APPPATH\Config\Routes.php on line 37.
 1 SYSTEMPATH\Router\RouteCollection.php(678): CodeIgniter\Router\RouteCollection->Config\{closure}(Object(CodeIgniter\Router\RouteCollection))
 2 APPPATH\Config\Routes.php(35): CodeIgniter\Router\RouteCollection->group('admin', Object(Closure))
 3 SYSTEMPATH\Router\RouteCollection.php(267): require('C:\\xampp\\htdocs\\finex\\app\\Config\\Routes.php')
 4 SYSTEMPATH\CodeIgniter.php(800): CodeIgniter\Router\RouteCollection->loadRoutes()
 5 SYSTEMPATH\CodeIgniter.php(447): CodeIgniter\CodeIgniter->tryToRouteIt(null)
 6 SYSTEMPATH\CodeIgniter.php(366): CodeIgniter\CodeIgniter->handleRequest(null, Object(Config\Cache), false)
 7 FCPATH\index.php(67): CodeIgniter\CodeIgniter->run()
CRITICAL - 2023-07-04 21:32:40 --> Invalid file: "pages/mis-calculation.php"
in SYSTEMPATH\Exceptions\FrameworkException.php on line 33.
 1 SYSTEMPATH\View\View.php(212): CodeIgniter\Exceptions\FrameworkException::forInvalidFile('pages/mis-calculation.php')
 2 SYSTEMPATH\Common.php(1180): CodeIgniter\View\View->render('pages/mis-calculation', [], true)
 3 APPPATH\Controllers\admin.php(52): view('pages/mis-calculation', [...])
 4 SYSTEMPATH\CodeIgniter.php(932): App\Controllers\admin->mis()
 5 SYSTEMPATH\CodeIgniter.php(497): CodeIgniter\CodeIgniter->runController(Object(App\Controllers\admin))
 6 SYSTEMPATH\CodeIgniter.php(366): CodeIgniter\CodeIgniter->handleRequest(null, Object(Config\Cache), false)
 7 FCPATH\index.php(67): CodeIgniter\CodeIgniter->run()
CRITICAL - 2023-07-04 21:33:45 --> Invalid file: "pages/mis-calculation.php"
in SYSTEMPATH\Exceptions\FrameworkException.php on line 33.
 1 SYSTEMPATH\View\View.php(212): CodeIgniter\Exceptions\FrameworkException::forInvalidFile('pages/mis-calculation.php')
 2 SYSTEMPATH\Common.php(1180): CodeIgniter\View\View->render('pages/mis-calculation', [], true)
 3 APPPATH\Controllers\admin.php(52): view('pages/mis-calculation', [...])
 4 SYSTEMPATH\CodeIgniter.php(932): App\Controllers\admin->mis()
 5 SYSTEMPATH\CodeIgniter.php(497): CodeIgniter\CodeIgniter->runController(Object(App\Controllers\admin))
 6 SYSTEMPATH\CodeIgniter.php(366): CodeIgniter\CodeIgniter->handleRequest(null, Object(Config\Cache), false)
 7 FCPATH\index.php(67): CodeIgniter\CodeIgniter->run()
CRITICAL - 2023-07-04 21:41:20 --> Undefined variable $imagesURL
in APPPATH\Views\layouts\dashboard_layout.php on line 41.
 1 APPPATH\Views\layouts\dashboard_layout.php(41): CodeIgniter\Debug\Exceptions->errorHandler(2, 'Undefined variable $imagesURL', 'C:\\xampp\\htdocs\\finex\\app\\Views\\layouts\\dashboard_layout.php', 41)
 2 SYSTEMPATH\View\View.php(224): include('C:\\xampp\\htdocs\\finex\\app\\Views\\layouts\\dashboard_layout.php')
 3 SYSTEMPATH\View\View.php(227): CodeIgniter\View\View->CodeIgniter\View\{closure}()
 4 SYSTEMPATH\View\View.php(240): CodeIgniter\View\View->render('layouts/dashboard_layout', [], true)
 5 SYSTEMPATH\Common.php(1180): CodeIgniter\View\View->render('pages/gst-report', [], true)
 6 APPPATH\Controllers\admin.php(102): view('pages/gst-report', [...])
 7 SYSTEMPATH\CodeIgniter.php(932): App\Controllers\admin->gstreport()
 8 SYSTEMPATH\CodeIgniter.php(497): CodeIgniter\CodeIgniter->runController(Object(App\Controllers\admin))
 9 SYSTEMPATH\CodeIgniter.php(366): CodeIgniter\CodeIgniter->handleRequest(null, Object(Config\Cache), false)
10 FCPATH\index.php(67): CodeIgniter\CodeIgniter->run()
CRITICAL - 2023-07-04 21:41:26 --> Undefined variable $imagesURL
in APPPATH\Views\layouts\dashboard_layout.php on line 41.
 1 APPPATH\Views\layouts\dashboard_layout.php(41): CodeIgniter\Debug\Exceptions->errorHandler(2, 'Undefined variable $imagesURL', 'C:\\xampp\\htdocs\\finex\\app\\Views\\layouts\\dashboard_layout.php', 41)
 2 SYSTEMPATH\View\View.php(224): include('C:\\xampp\\htdocs\\finex\\app\\Views\\layouts\\dashboard_layout.php')
 3 SYSTEMPATH\View\View.php(227): CodeIgniter\View\View->CodeIgniter\View\{closure}()
 4 SYSTEMPATH\View\View.php(240): CodeIgniter\View\View->render('layouts/dashboard_layout', [], true)
 5 SYSTEMPATH\Common.php(1180): CodeIgniter\View\View->render('pages/gst-report', [], true)
 6 APPPATH\Controllers\admin.php(102): view('pages/gst-report', [...])
 7 SYSTEMPATH\CodeIgniter.php(932): App\Controllers\admin->gstreport()
 8 SYSTEMPATH\CodeIgniter.php(497): CodeIgniter\CodeIgniter->runController(Object(App\Controllers\admin))
 9 SYSTEMPATH\CodeIgniter.php(366): CodeIgniter\CodeIgniter->handleRequest(null, Object(Config\Cache), false)
10 FCPATH\index.php(67): CodeIgniter\CodeIgniter->run()
CRITICAL - 2023-07-04 21:41:40 --> Undefined variable $imagesURL
in APPPATH\Views\layouts\dashboard_layout.php on line 41.
 1 APPPATH\Views\layouts\dashboard_layout.php(41): CodeIgniter\Debug\Exceptions->errorHandler(2, 'Undefined variable $imagesURL', 'C:\\xampp\\htdocs\\finex\\app\\Views\\layouts\\dashboard_layout.php', 41)
 2 SYSTEMPATH\View\View.php(224): include('C:\\xampp\\htdocs\\finex\\app\\Views\\layouts\\dashboard_layout.php')
 3 SYSTEMPATH\View\View.php(227): CodeIgniter\View\View->CodeIgniter\View\{closure}()
 4 SYSTEMPATH\View\View.php(240): CodeIgniter\View\View->render('layouts/dashboard_layout', [], true)
 5 SYSTEMPATH\Common.php(1180): CodeIgniter\View\View->render('pages/gst-report', [], true)
 6 APPPATH\Controllers\admin.php(102): view('pages/gst-report', [...])
 7 SYSTEMPATH\CodeIgniter.php(932): App\Controllers\admin->gstreport()
 8 SYSTEMPATH\CodeIgniter.php(497): CodeIgniter\CodeIgniter->runController(Object(App\Controllers\admin))
 9 SYSTEMPATH\CodeIgniter.php(366): CodeIgniter\CodeIgniter->handleRequest(null, Object(Config\Cache), false)
10 FCPATH\index.php(67): CodeIgniter\CodeIgniter->run()
CRITICAL - 2023-07-04 21:41:41 --> Undefined variable $imagesURL
in APPPATH\Views\layouts\dashboard_layout.php on line 41.
 1 APPPATH\Views\layouts\dashboard_layout.php(41): CodeIgniter\Debug\Exceptions->errorHandler(2, 'Undefined variable $imagesURL', 'C:\\xampp\\htdocs\\finex\\app\\Views\\layouts\\dashboard_layout.php', 41)
 2 SYSTEMPATH\View\View.php(224): include('C:\\xampp\\htdocs\\finex\\app\\Views\\layouts\\dashboard_layout.php')
 3 SYSTEMPATH\View\View.php(227): CodeIgniter\View\View->CodeIgniter\View\{closure}()
 4 SYSTEMPATH\View\View.php(240): CodeIgniter\View\View->render('layouts/dashboard_layout', [], true)
 5 SYSTEMPATH\Common.php(1180): CodeIgniter\View\View->render('pages/gst-report', [], true)
 6 APPPATH\Controllers\admin.php(102): view('pages/gst-report', [...])
 7 SYSTEMPATH\CodeIgniter.php(932): App\Controllers\admin->gstreport()
 8 SYSTEMPATH\CodeIgniter.php(497): CodeIgniter\CodeIgniter->runController(Object(App\Controllers\admin))
 9 SYSTEMPATH\CodeIgniter.php(366): CodeIgniter\CodeIgniter->handleRequest(null, Object(Config\Cache), false)
10 FCPATH\index.php(67): CodeIgniter\CodeIgniter->run()
CRITICAL - 2023-07-04 21:41:47 --> Undefined variable $imagesURL
in APPPATH\Views\layouts\dashboard_layout.php on line 41.
 1 APPPATH\Views\layouts\dashboard_layout.php(41): CodeIgniter\Debug\Exceptions->errorHandler(2, 'Undefined variable $imagesURL', 'C:\\xampp\\htdocs\\finex\\app\\Views\\layouts\\dashboard_layout.php', 41)
 2 SYSTEMPATH\View\View.php(224): include('C:\\xampp\\htdocs\\finex\\app\\Views\\layouts\\dashboard_layout.php')
 3 SYSTEMPATH\View\View.php(227): CodeIgniter\View\View->CodeIgniter\View\{closure}()
 4 SYSTEMPATH\View\View.php(240): CodeIgniter\View\View->render('layouts/dashboard_layout', [], true)
 5 SYSTEMPATH\Common.php(1180): CodeIgniter\View\View->render('pages/gst-report', [], true)
 6 APPPATH\Controllers\admin.php(102): view('pages/gst-report', [...])
 7 SYSTEMPATH\CodeIgniter.php(932): App\Controllers\admin->gstreport()
 8 SYSTEMPATH\CodeIgniter.php(497): CodeIgniter\CodeIgniter->runController(Object(App\Controllers\admin))
 9 SYSTEMPATH\CodeIgniter.php(366): CodeIgniter\CodeIgniter->handleRequest(null, Object(Config\Cache), false)
10 FCPATH\index.php(67): CodeIgniter\CodeIgniter->run()
CRITICAL - 2023-07-04 21:43:23 --> Call to undefined function image_url()
in APPPATH\Views\layouts\dashboard_layout.php on line 41.
 1 SYSTEMPATH\View\View.php(224): include()
 2 SYSTEMPATH\View\View.php(227): CodeIgniter\View\View->CodeIgniter\View\{closure}()
 3 SYSTEMPATH\View\View.php(240): CodeIgniter\View\View->render('layouts/dashboard_layout', [], true)
 4 SYSTEMPATH\Common.php(1180): CodeIgniter\View\View->render('pages/gst-report', [], true)
 5 APPPATH\Controllers\admin.php(102): view('pages/gst-report', [...])
 6 SYSTEMPATH\CodeIgniter.php(932): App\Controllers\admin->gstreport()
 7 SYSTEMPATH\CodeIgniter.php(497): CodeIgniter\CodeIgniter->runController(Object(App\Controllers\admin))
 8 SYSTEMPATH\CodeIgniter.php(366): CodeIgniter\CodeIgniter->handleRequest(null, Object(Config\Cache), false)
 9 FCPATH\index.php(67): CodeIgniter\CodeIgniter->run()
