ERROR - 2024-03-05 12:08:48 --> Database query error: SELECT *
FROM `agent_master`
WHERE `email` = 'renu'
ERROR - 2024-03-05 12:08:48 --> Database query error: SELECT *
FROM `agent_master`
WHERE `email` = 'renuk'
ERROR - 2024-03-05 12:08:48 --> Database query error: SELECT *
FROM `agent_master`
WHERE `email` = 'renuka'
ERROR - 2024-03-05 12:08:48 --> Database query error: SELECT *
FROM `agent_master`
WHERE `email` = 'renuka.g'
ERROR - 2024-03-05 12:08:48 --> Database query error: SELECT *
FROM `agent_master`
WHERE `email` = 'r'
ERROR - 2024-03-05 12:08:48 --> Database query error: SELECT *
FROM `agent_master`
WHERE `email` = 'renuka.'
ERROR - 2024-03-05 12:08:48 --> Database query error: SELECT *
FROM `agent_master`
WHERE `email` = 'renuka.glansa'
ERROR - 2024-03-05 12:08:48 --> Database query error: SELECT *
FROM `agent_master`
WHERE `email` = 'renuka.glansa@g'
ERROR - 2024-03-05 12:08:48 --> Database query error: SELECT *
FROM `agent_master`
WHERE `email` = 're'
ERROR - 2024-03-05 12:08:48 --> Database query error: SELECT *
FROM `agent_master`
WHERE `email` = 'renuka.glans'
ERROR - 2024-03-05 12:08:48 --> Database query error: SELECT *
FROM `agent_master`
WHERE `email` = 'renuka.glansa@gmail'
ERROR - 2024-03-05 12:08:48 --> Database query error: SELECT *
FROM `agent_master`
WHERE `email` = 'renuka.glansa@gmail.co'
ERROR - 2024-03-05 12:08:48 --> Database query error: SELECT *
FROM `agent_master`
WHERE `email` = 'ren'
ERROR - 2024-03-05 12:08:48 --> Database query error: SELECT *
FROM `agent_master`
WHERE `email` = 'renuka.glan'
ERROR - 2024-03-05 12:08:48 --> Database query error: SELECT *
FROM `agent_master`
WHERE `email` = 'renuka.glansa@gm'
ERROR - 2024-03-05 12:08:48 --> Database query error: SELECT *
FROM `agent_master`
WHERE `email` = 'renuka.glansa@gmail.'
ERROR - 2024-03-05 12:08:48 --> Database query error: SELECT *
FROM `agent_master`
WHERE `email` = 'renuka.gl'
ERROR - 2024-03-05 12:08:48 --> Database query error: SELECT *
FROM `agent_master`
WHERE `email` = 'renuka.glansa@gmail.c'
ERROR - 2024-03-05 12:08:48 --> Database query error: SELECT *
FROM `agent_master`
WHERE `email` = 'renuka.glansa@gma'
ERROR - 2024-03-05 12:08:48 --> Database query error: SELECT *
FROM `agent_master`
WHERE `email` = 'renuka.glansa@'
ERROR - 2024-03-05 12:08:48 --> Database query error: SELECT *
FROM `agent_master`
WHERE `email` = 'renuka.gla'
ERROR - 2024-03-05 12:08:48 --> Database query error: SELECT *
FROM `agent_master`
WHERE `email` = 'renuka.glansa@gmai'
ERROR - 2024-03-05 12:08:52 --> Database query error: SELECT *
FROM `agent_master`
WHERE `email` = 'age'
ERROR - 2024-03-05 12:08:52 --> Database query error: SELECT *
FROM `agent_master`
WHERE `email` = 'agent'
ERROR - 2024-03-05 12:08:52 --> Database query error: SELECT *
FROM `agent_master`
WHERE `email` = 'ag'
ERROR - 2024-03-05 12:08:52 --> Database query error: SELECT *
FROM `agent_master`
WHERE `email` = 'agentma'
ERROR - 2024-03-05 12:08:52 --> Database query error: SELECT *
FROM `agent_master`
WHERE `email` = 'a'
ERROR - 2024-03-05 12:08:53 --> Database query error: SELECT *
FROM `agent_master`
WHERE `email` = 'agentmai'
ERROR - 2024-03-05 12:08:53 --> Database query error: SELECT *
FROM `agent_master`
WHERE `email` = 'agentmail'
ERROR - 2024-03-05 12:08:53 --> Database query error: SELECT *
FROM `agent_master`
WHERE `email` = 'agen'
ERROR - 2024-03-05 12:08:53 --> Database query error: SELECT *
FROM `agent_master`
WHERE `email` = 'agentm'
ERROR - 2024-03-05 12:08:57 --> Database query error: SELECT *
FROM `agent_master`
WHERE `email` = 'ag'
ERROR - 2024-03-05 12:08:57 --> Database query error: SELECT *
FROM `agent_master`
WHERE `email` = 'a'
ERROR - 2024-03-05 12:08:57 --> Database query error: SELECT *
FROM `agent_master`
WHERE `email` = 'age'
ERROR - 2024-03-05 12:08:57 --> Database query error: SELECT *
FROM `agent_master`
WHERE `email` = 'agen'
ERROR - 2024-03-05 12:08:57 --> Database query error: SELECT *
FROM `agent_master`
WHERE `email` = 'agentmail'
ERROR - 2024-03-05 12:08:57 --> Database query error: SELECT *
FROM `agent_master`
WHERE `email` = 'agent'
ERROR - 2024-03-05 12:08:57 --> Database query error: SELECT *
FROM `agent_master`
WHERE `email` = 'agentma'
ERROR - 2024-03-05 12:08:57 --> Database query error: SELECT *
FROM `agent_master`
WHERE `email` = 'agentm'
ERROR - 2024-03-05 12:08:57 --> Database query error: SELECT *
FROM `agent_master`
WHERE `email` = 'agentmai'
ERROR - 2024-03-05 12:09:05 --> Database query error: SELECT *
FROM `agent_master`
WHERE `email` = 'r'
ERROR - 2024-03-05 12:09:06 --> Database query error: SELECT *
FROM `agent_master`
WHERE `email` = 'renuk'
ERROR - 2024-03-05 12:09:06 --> Database query error: SELECT *
FROM `agent_master`
WHERE `email` = 'renuka.gla'
ERROR - 2024-03-05 12:09:06 --> Database query error: SELECT *
FROM `agent_master`
WHERE `email` = 're'
ERROR - 2024-03-05 12:09:06 --> Database query error: SELECT *
FROM `agent_master`
WHERE `email` = 'renuka.'
ERROR - 2024-03-05 12:09:06 --> Database query error: SELECT *
FROM `agent_master`
WHERE `email` = 'renuka.glansa@gmai'
ERROR - 2024-03-05 12:09:06 --> Database query error: SELECT *
FROM `agent_master`
WHERE `email` = 'renuka.g'
ERROR - 2024-03-05 12:09:06 --> Database query error: SELECT *
FROM `agent_master`
WHERE `email` = 'renuka.glansa@gma'
ERROR - 2024-03-05 12:09:06 --> Database query error: SELECT *
FROM `agent_master`
WHERE `email` = 'renuka.glan'
ERROR - 2024-03-05 12:09:06 --> Database query error: SELECT *
FROM `agent_master`
WHERE `email` = 'renuka.glansa@gmail.co'
ERROR - 2024-03-05 12:09:06 --> Database query error: SELECT *
FROM `agent_master`
WHERE `email` = 'renuka.glansa@'
ERROR - 2024-03-05 12:09:06 --> Database query error: SELECT *
FROM `agent_master`
WHERE `email` = 'renuka.glansa@gmail.'
ERROR - 2024-03-05 12:09:06 --> Database query error: SELECT *
FROM `agent_master`
WHERE `email` = 'renuka.glansa@gmail.c'
ERROR - 2024-03-05 12:09:06 --> Database query error: SELECT *
FROM `agent_master`
WHERE `email` = 'ren'
ERROR - 2024-03-05 12:09:06 --> Database query error: SELECT *
FROM `agent_master`
WHERE `email` = 'renuka'
ERROR - 2024-03-05 12:09:06 --> Database query error: SELECT *
FROM `agent_master`
WHERE `email` = 'renuka.glansa@gm'
ERROR - 2024-03-05 12:09:06 --> Database query error: SELECT *
FROM `agent_master`
WHERE `email` = 'renuka.glans'
ERROR - 2024-03-05 12:09:06 --> Database query error: SELECT *
FROM `agent_master`
WHERE `email` = 'renuka.glansa@g'
ERROR - 2024-03-05 12:09:06 --> Database query error: SELECT *
FROM `agent_master`
WHERE `email` = 'renuka.glansa'
ERROR - 2024-03-05 12:09:06 --> Database query error: SELECT *
FROM `agent_master`
WHERE `email` = 'renu'
ERROR - 2024-03-05 12:09:06 --> Database query error: SELECT *
FROM `agent_master`
WHERE `email` = 'renuka.gl'
ERROR - 2024-03-05 12:09:06 --> Database query error: SELECT *
FROM `agent_master`
WHERE `email` = 'renuka.glansa@gmail'
ERROR - 2024-03-05 12:09:09 --> Database query error: SELECT *
FROM `agent_master`
WHERE `email` = 'ren'
ERROR - 2024-03-05 12:09:09 --> Database query error: SELECT *
FROM `agent_master`
WHERE `email` = 'r'
ERROR - 2024-03-05 12:09:09 --> Database query error: SELECT *
FROM `agent_master`
WHERE `email` = 're'
ERROR - 2024-03-05 12:09:10 --> Database query error: SELECT *
FROM `agent_master`
WHERE `email` = 'renuka.glan'
ERROR - 2024-03-05 12:09:10 --> Database query error: SELECT *
FROM `agent_master`
WHERE `email` = 'renuka.gl'
ERROR - 2024-03-05 12:09:10 --> Database query error: SELECT *
FROM `agent_master`
WHERE `email` = 'renuka.g'
ERROR - 2024-03-05 12:09:10 --> Database query error: SELECT *
FROM `agent_master`
WHERE `email` = 'renuka.gla'
ERROR - 2024-03-05 12:09:10 --> Database query error: SELECT *
FROM `agent_master`
WHERE `email` = 'renuka.glansa@gma'
ERROR - 2024-03-05 12:09:10 --> Database query error: SELECT *
FROM `agent_master`
WHERE `email` = 'renuka.'
ERROR - 2024-03-05 12:09:10 --> Database query error: SELECT *
FROM `agent_master`
WHERE `email` = 'renuka'
ERROR - 2024-03-05 12:09:10 --> Database query error: SELECT *
FROM `agent_master`
WHERE `email` = 'renuka.glansa@gmail.co'
ERROR - 2024-03-05 12:09:10 --> Database query error: SELECT *
FROM `agent_master`
WHERE `email` = 'renu'
ERROR - 2024-03-05 12:09:10 --> Database query error: SELECT *
FROM `agent_master`
WHERE `email` = 'renuka.glansa@'
ERROR - 2024-03-05 12:09:10 --> Database query error: SELECT *
FROM `agent_master`
WHERE `email` = 'renuka.glansa@gmail.'
ERROR - 2024-03-05 12:09:10 --> Database query error: SELECT *
FROM `agent_master`
WHERE `email` = 'renuka.glansa@gm'
ERROR - 2024-03-05 12:09:10 --> Database query error: SELECT *
FROM `agent_master`
WHERE `email` = 'renuka.glans'
ERROR - 2024-03-05 12:09:10 --> Database query error: SELECT *
FROM `agent_master`
WHERE `email` = 'renuka.glansa@g'
ERROR - 2024-03-05 12:09:10 --> Database query error: SELECT *
FROM `agent_master`
WHERE `email` = 'renuka.glansa@gmail'
ERROR - 2024-03-05 12:09:10 --> Database query error: SELECT *
FROM `agent_master`
WHERE `email` = 'renuka.glansa@gmai'
ERROR - 2024-03-05 12:09:10 --> Database query error: SELECT *
FROM `agent_master`
WHERE `email` = 'renuka.glansa@gmail.c'
ERROR - 2024-03-05 12:09:10 --> Database query error: SELECT *
FROM `agent_master`
WHERE `email` = 'renuka.glansa'
ERROR - 2024-03-05 12:09:10 --> Database query error: SELECT *
FROM `agent_master`
WHERE `email` = 'renuk'
ERROR - 2024-03-05 12:09:13 --> Database query error: SELECT *
FROM `agent_master`
WHERE `email` = 'renuk'
ERROR - 2024-03-05 12:09:13 --> Database query error: SELECT *
FROM `agent_master`
WHERE `email` = 'renu'
ERROR - 2024-03-05 12:09:13 --> Database query error: SELECT *
FROM `agent_master`
WHERE `email` = 'renuka'
ERROR - 2024-03-05 12:09:13 --> Database query error: SELECT *
FROM `agent_master`
WHERE `email` = 're'
ERROR - 2024-03-05 12:09:13 --> Database query error: SELECT *
FROM `agent_master`
WHERE `email` = 'r'
ERROR - 2024-03-05 12:09:13 --> Database query error: SELECT *
FROM `agent_master`
WHERE `email` = 'ren'
ERROR - 2024-03-05 12:09:13 --> Database query error: SELECT *
FROM `agent_master`
WHERE `email` = 'renuka.gl'
ERROR - 2024-03-05 12:09:13 --> Database query error: SELECT *
FROM `agent_master`
WHERE `email` = 'renuka.glansa@gmail'
ERROR - 2024-03-05 12:09:13 --> Database query error: SELECT *
FROM `agent_master`
WHERE `email` = 'renuka.'
ERROR - 2024-03-05 12:09:13 --> Database query error: SELECT *
FROM `agent_master`
WHERE `email` = 'renuka.glans'
ERROR - 2024-03-05 12:09:13 --> Database query error: SELECT *
FROM `agent_master`
WHERE `email` = 'renuka.glansa@'
ERROR - 2024-03-05 12:09:13 --> Database query error: SELECT *
FROM `agent_master`
WHERE `email` = 'renuka.glansa'
ERROR - 2024-03-05 12:09:13 --> Database query error: SELECT *
FROM `agent_master`
WHERE `email` = 'renuka.g'
ERROR - 2024-03-05 12:09:13 --> Database query error: SELECT *
FROM `agent_master`
WHERE `email` = 'renuka.glansa@gma'
ERROR - 2024-03-05 12:09:13 --> Database query error: SELECT *
FROM `agent_master`
WHERE `email` = 'renuka.glansa@gmail.co'
ERROR - 2024-03-05 12:09:13 --> Database query error: SELECT *
FROM `agent_master`
WHERE `email` = 'renuka.gla'
ERROR - 2024-03-05 12:09:13 --> Database query error: SELECT *
FROM `agent_master`
WHERE `email` = 'renuka.glan'
ERROR - 2024-03-05 12:09:13 --> Database query error: SELECT *
FROM `agent_master`
WHERE `email` = 'renuka.glansa@g'
ERROR - 2024-03-05 12:09:13 --> Database query error: SELECT *
FROM `agent_master`
WHERE `email` = 'renuka.glansa@gmail.c'
ERROR - 2024-03-05 12:09:13 --> Database query error: SELECT *
FROM `agent_master`
WHERE `email` = 'renuka.glansa@gmai'
ERROR - 2024-03-05 12:09:13 --> Database query error: SELECT *
FROM `agent_master`
WHERE `email` = 'renuka.glansa@gm'
ERROR - 2024-03-05 12:09:13 --> Database query error: SELECT *
FROM `agent_master`
WHERE `email` = 'renuka.glansa@gmail.'
ERROR - 2024-03-05 12:09:17 --> Database query error: SELECT *
FROM `agent_master`
WHERE `email` = 'r'
ERROR - 2024-03-05 12:09:17 --> Database query error: SELECT *
FROM `agent_master`
WHERE `email` = 'ren'
ERROR - 2024-03-05 12:09:17 --> Database query error: SELECT *
FROM `agent_master`
WHERE `email` = 'renu'
ERROR - 2024-03-05 12:09:17 --> Database query error: SELECT *
FROM `agent_master`
WHERE `email` = 're'
ERROR - 2024-03-05 12:09:17 --> Database query error: SELECT *
FROM `agent_master`
WHERE `email` = 'renuka.gl'
ERROR - 2024-03-05 12:09:17 --> Database query error: SELECT *
FROM `agent_master`
WHERE `email` = 'renuk'
ERROR - 2024-03-05 12:09:17 --> Database query error: SELECT *
FROM `agent_master`
WHERE `email` = 'renuka.'
ERROR - 2024-03-05 12:09:17 --> Database query error: SELECT *
FROM `agent_master`
WHERE `email` = 'renuka'
ERROR - 2024-03-05 12:09:17 --> Database query error: SELECT *
FROM `agent_master`
WHERE `email` = 'renuka.glansa@gm'
ERROR - 2024-03-05 12:09:17 --> Database query error: SELECT *
FROM `agent_master`
WHERE `email` = 'renuka.gla'
ERROR - 2024-03-05 12:09:17 --> Database query error: SELECT *
FROM `agent_master`
WHERE `email` = 'renuka.g'
ERROR - 2024-03-05 12:09:17 --> Database query error: SELECT *
FROM `agent_master`
WHERE `email` = 'renuka.glan'
ERROR - 2024-03-05 12:09:17 --> Database query error: SELECT *
FROM `agent_master`
WHERE `email` = 'renuka.glansa@gmail.c'
ERROR - 2024-03-05 12:09:17 --> Database query error: SELECT *
FROM `agent_master`
WHERE `email` = 'renuka.glansa@gmail'
ERROR - 2024-03-05 12:09:17 --> Database query error: SELECT *
FROM `agent_master`
WHERE `email` = 'renuka.glansa@g'
ERROR - 2024-03-05 12:09:17 --> Database query error: SELECT *
FROM `agent_master`
WHERE `email` = 'renuka.glansa@'
ERROR - 2024-03-05 12:09:17 --> Database query error: SELECT *
FROM `agent_master`
WHERE `email` = 'renuka.glansa'
ERROR - 2024-03-05 12:09:17 --> Database query error: SELECT *
FROM `agent_master`
WHERE `email` = 'renuka.glansa@gmail.'
ERROR - 2024-03-05 12:09:17 --> Database query error: SELECT *
FROM `agent_master`
WHERE `email` = 'renuka.glansa@gmail.co'
ERROR - 2024-03-05 12:09:17 --> Database query error: SELECT *
FROM `agent_master`
WHERE `email` = 'renuka.glansa@gma'
ERROR - 2024-03-05 12:09:17 --> Database query error: SELECT *
FROM `agent_master`
WHERE `email` = 'renuka.glans'
ERROR - 2024-03-05 12:09:17 --> Database query error: SELECT *
FROM `agent_master`
WHERE `email` = 'renuka.glansa@gmai'
ERROR - 2024-03-05 12:09:21 --> Database query error: SELECT *
FROM `agent_master`
WHERE `email` = 'r'
ERROR - 2024-03-05 12:09:21 --> Database query error: SELECT *
FROM `agent_master`
WHERE `email` = 'renu'
ERROR - 2024-03-05 12:09:21 --> Database query error: SELECT *
FROM `agent_master`
WHERE `email` = 're'
ERROR - 2024-03-05 12:09:21 --> Database query error: SELECT *
FROM `agent_master`
WHERE `email` = 'ren'
ERROR - 2024-03-05 12:09:21 --> Database query error: SELECT *
FROM `agent_master`
WHERE `email` = 'renuka.gla'
ERROR - 2024-03-05 12:09:21 --> Database query error: SELECT *
FROM `agent_master`
WHERE `email` = 'renuka.glansa@gmai'
ERROR - 2024-03-05 12:09:21 --> Database query error: SELECT *
FROM `agent_master`
WHERE `email` = 'renuka.glansa@g'
ERROR - 2024-03-05 12:09:22 --> Database query error: SELECT *
FROM `agent_master`
WHERE `email` = 'renuka.glansa'
ERROR - 2024-03-05 12:09:22 --> Database query error: SELECT *
FROM `agent_master`
WHERE `email` = 'renuka.glansa@gmail.'
ERROR - 2024-03-05 12:09:22 --> Database query error: SELECT *
FROM `agent_master`
WHERE `email` = 'renuk'
ERROR - 2024-03-05 12:09:22 --> Database query error: SELECT *
FROM `agent_master`
WHERE `email` = 'renuka'
ERROR - 2024-03-05 12:09:22 --> Database query error: SELECT *
FROM `agent_master`
WHERE `email` = 'renuka.glansa@gm'
ERROR - 2024-03-05 12:09:22 --> Database query error: SELECT *
FROM `agent_master`
WHERE `email` = 'renuka.glansa@gmail'
ERROR - 2024-03-05 12:09:22 --> Database query error: SELECT *
FROM `agent_master`
WHERE `email` = 'renuka.glans'
ERROR - 2024-03-05 12:09:22 --> Database query error: SELECT *
FROM `agent_master`
WHERE `email` = 'renuka.glansa@gmail.co'
ERROR - 2024-03-05 12:09:22 --> Database query error: SELECT *
FROM `agent_master`
WHERE `email` = 'renuka.glansa@'
ERROR - 2024-03-05 12:09:22 --> Database query error: SELECT *
FROM `agent_master`
WHERE `email` = 'renuka.glansa@gmail.c'
ERROR - 2024-03-05 12:09:22 --> Database query error: SELECT *
FROM `agent_master`
WHERE `email` = 'renuka.g'
ERROR - 2024-03-05 12:09:22 --> Database query error: SELECT *
FROM `agent_master`
WHERE `email` = 'renuka.gl'
ERROR - 2024-03-05 12:09:22 --> Database query error: SELECT *
FROM `agent_master`
WHERE `email` = 'renuka.glan'
ERROR - 2024-03-05 12:09:22 --> Database query error: SELECT *
FROM `agent_master`
WHERE `email` = 'renuka.'
ERROR - 2024-03-05 12:09:22 --> Database query error: SELECT *
FROM `agent_master`
WHERE `email` = 'renuka.glansa@gma'
ERROR - 2024-03-05 12:11:23 --> Database query error: SELECT *
FROM `agent_master`
WHERE `email` = 'ren'
ERROR - 2024-03-05 12:11:23 --> Database query error: SELECT *
FROM `agent_master`
WHERE `email` = 're'
ERROR - 2024-03-05 12:11:23 --> Database query error: SELECT *
FROM `agent_master`
WHERE `email` = 'renu'
ERROR - 2024-03-05 12:11:23 --> Database query error: SELECT *
FROM `agent_master`
WHERE `email` = 'renuka.glansa@gma'
ERROR - 2024-03-05 12:11:23 --> Database query error: SELECT *
FROM `agent_master`
WHERE `email` = 'renuka.'
ERROR - 2024-03-05 12:11:23 --> Database query error: SELECT *
FROM `agent_master`
WHERE `email` = 'renuka.gl'
ERROR - 2024-03-05 12:11:23 --> Database query error: SELECT *
FROM `agent_master`
WHERE `email` = 'renuka.glans'
ERROR - 2024-03-05 12:11:23 --> Database query error: SELECT *
FROM `agent_master`
WHERE `email` = 'r'
ERROR - 2024-03-05 12:11:23 --> Database query error: SELECT *
FROM `agent_master`
WHERE `email` = 'renuka.glansa'
ERROR - 2024-03-05 12:11:23 --> Database query error: SELECT *
FROM `agent_master`
WHERE `email` = 'renuk'
ERROR - 2024-03-05 12:11:23 --> Database query error: SELECT *
FROM `agent_master`
WHERE `email` = 'renuka.g'
ERROR - 2024-03-05 12:11:23 --> Database query error: SELECT *
FROM `agent_master`
WHERE `email` = 'renuka'
ERROR - 2024-03-05 12:11:23 --> Database query error: SELECT *
FROM `agent_master`
WHERE `email` = 'renuka.glan'
ERROR - 2024-03-05 12:11:23 --> Database query error: SELECT *
FROM `agent_master`
WHERE `email` = 'renuka.glansa@g'
ERROR - 2024-03-05 12:11:23 --> Database query error: SELECT *
FROM `agent_master`
WHERE `email` = 'renuka.glansa@gmail.'
ERROR - 2024-03-05 12:11:23 --> Database query error: SELECT *
FROM `agent_master`
WHERE `email` = 'renuka.gla'
ERROR - 2024-03-05 12:11:24 --> Database query error: SELECT *
FROM `agent_master`
WHERE `email` = 'renuka.glansa@gm'
ERROR - 2024-03-05 12:11:24 --> Database query error: SELECT *
FROM `agent_master`
WHERE `email` = 'renuka.glansa@'
ERROR - 2024-03-05 12:11:24 --> Database query error: SELECT *
FROM `agent_master`
WHERE `email` = 'renuka.glansa@gmail'
ERROR - 2024-03-05 12:11:24 --> Database query error: SELECT *
FROM `agent_master`
WHERE `email` = 'renuka.glansa@gmai'
ERROR - 2024-03-05 12:11:24 --> Database query error: SELECT *
FROM `agent_master`
WHERE `email` = 'renuka.glansa@gmail.co'
ERROR - 2024-03-05 12:11:24 --> Database query error: SELECT *
FROM `agent_master`
WHERE `email` = 'renuka.glansa@gmail.c'
ERROR - 2024-03-05 12:11:33 --> Database query error: SELECT *
FROM `agent_master`
WHERE `email` = 'a'
ERROR - 2024-03-05 12:11:33 --> Database query error: SELECT *
FROM `agent_master`
WHERE `email` = 'ag'
ERROR - 2024-03-05 12:11:33 --> Database query error: SELECT *
FROM `agent_master`
WHERE `email` = 'agent'
ERROR - 2024-03-05 12:11:33 --> Database query error: SELECT *
FROM `agent_master`
WHERE `email` = 'agentm'
ERROR - 2024-03-05 12:11:33 --> Database query error: SELECT *
FROM `agent_master`
WHERE `email` = 'agen'
ERROR - 2024-03-05 12:11:33 --> Database query error: SELECT *
FROM `agent_master`
WHERE `email` = 'age'
ERROR - 2024-03-05 12:11:33 --> Database query error: SELECT *
FROM `agent_master`
WHERE `email` = 'agentma'
ERROR - 2024-03-05 12:11:33 --> Database query error: SELECT *
FROM `agent_master`
WHERE `email` = 'agentmai'
ERROR - 2024-03-05 12:11:33 --> Database query error: SELECT *
FROM `agent_master`
WHERE `email` = 'agentmail'
ERROR - 2024-03-05 12:11:38 --> Database query error: SELECT *
FROM `agent_master`
WHERE `email` = 'a'
ERROR - 2024-03-05 12:11:38 --> Database query error: SELECT *
FROM `agent_master`
WHERE `email` = 'age'
ERROR - 2024-03-05 12:11:38 --> Database query error: SELECT *
FROM `agent_master`
WHERE `email` = 'agentma'
ERROR - 2024-03-05 12:11:38 --> Database query error: SELECT *
FROM `agent_master`
WHERE `email` = 'agentm'
ERROR - 2024-03-05 12:11:38 --> Database query error: SELECT *
FROM `agent_master`
WHERE `email` = 'agentmai'
ERROR - 2024-03-05 12:11:38 --> Database query error: SELECT *
FROM `agent_master`
WHERE `email` = 'ag'
ERROR - 2024-03-05 12:11:38 --> Database query error: SELECT *
FROM `agent_master`
WHERE `email` = 'agen'
ERROR - 2024-03-05 12:11:38 --> Database query error: SELECT *
FROM `agent_master`
WHERE `email` = 'agentmail'
ERROR - 2024-03-05 12:11:38 --> Database query error: SELECT *
FROM `agent_master`
WHERE `email` = 'agent'
ERROR - 2024-03-05 12:11:47 --> Database query error: SELECT *
FROM `agent_master`
WHERE `email` = 'r'
ERROR - 2024-03-05 12:11:47 --> Database query error: SELECT *
FROM `agent_master`
WHERE `email` = 're'
ERROR - 2024-03-05 12:11:47 --> Database query error: SELECT *
FROM `agent_master`
WHERE `email` = 'ren'
ERROR - 2024-03-05 12:11:47 --> Database query error: SELECT *
FROM `agent_master`
WHERE `email` = 'renuka'
ERROR - 2024-03-05 12:11:47 --> Database query error: SELECT *
FROM `agent_master`
WHERE `email` = 'renuka.'
ERROR - 2024-03-05 12:11:47 --> Database query error: SELECT *
FROM `agent_master`
WHERE `email` = 'renuk'
ERROR - 2024-03-05 12:11:47 --> Database query error: SELECT *
FROM `agent_master`
WHERE `email` = 'renuka.gl'
ERROR - 2024-03-05 12:11:47 --> Database query error: SELECT *
FROM `agent_master`
WHERE `email` = 'renu'
ERROR - 2024-03-05 12:11:47 --> Database query error: SELECT *
FROM `agent_master`
WHERE `email` = 'renuka.glansa@g'
ERROR - 2024-03-05 12:11:47 --> Database query error: SELECT *
FROM `agent_master`
WHERE `email` = 'renuka.g'
ERROR - 2024-03-05 12:11:47 --> Database query error: SELECT *
FROM `agent_master`
WHERE `email` = 'renuka.glansa@gma'
ERROR - 2024-03-05 12:11:47 --> Database query error: SELECT *
FROM `agent_master`
WHERE `email` = 'renuka.gla'
ERROR - 2024-03-05 12:11:47 --> Database query error: SELECT *
FROM `agent_master`
WHERE `email` = 'renuka.glansa@gmai'
ERROR - 2024-03-05 12:11:47 --> Database query error: SELECT *
FROM `agent_master`
WHERE `email` = 'renuka.glansa@gmail'
ERROR - 2024-03-05 12:11:47 --> Database query error: SELECT *
FROM `agent_master`
WHERE `email` = 'renuka.glansa@gmail.co'
ERROR - 2024-03-05 12:11:47 --> Database query error: SELECT *
FROM `agent_master`
WHERE `email` = 'renuka.glansa@'
ERROR - 2024-03-05 12:11:47 --> Database query error: SELECT *
FROM `agent_master`
WHERE `email` = 'renuka.glansa'
ERROR - 2024-03-05 12:11:47 --> Database query error: SELECT *
FROM `agent_master`
WHERE `email` = 'renuka.glansa@gmail.c'
ERROR - 2024-03-05 12:11:47 --> Database query error: SELECT *
FROM `agent_master`
WHERE `email` = 'renuka.glansa@gmail.'
ERROR - 2024-03-05 12:11:47 --> Database query error: SELECT *
FROM `agent_master`
WHERE `email` = 'renuka.glans'
ERROR - 2024-03-05 12:11:47 --> Database query error: SELECT *
FROM `agent_master`
WHERE `email` = 'renuka.glansa@gm'
ERROR - 2024-03-05 12:11:47 --> Database query error: SELECT *
FROM `agent_master`
WHERE `email` = 'renuka.glan'
ERROR - 2024-03-05 12:11:51 --> Database query error: SELECT *
FROM `agent_master`
WHERE `email` = 'r'
ERROR - 2024-03-05 12:11:52 --> Database query error: SELECT *
FROM `agent_master`
WHERE `email` = 're'
ERROR - 2024-03-05 12:11:52 --> Database query error: SELECT *
FROM `agent_master`
WHERE `email` = 'renu'
ERROR - 2024-03-05 12:11:52 --> Database query error: SELECT *
FROM `agent_master`
WHERE `email` = 'renuka.glansa'
ERROR - 2024-03-05 12:11:52 --> Database query error: SELECT *
FROM `agent_master`
WHERE `email` = 'renuka.'
ERROR - 2024-03-05 12:11:52 --> Database query error: SELECT *
FROM `agent_master`
WHERE `email` = 'renuka.gl'
ERROR - 2024-03-05 12:11:52 --> Database query error: SELECT *
FROM `agent_master`
WHERE `email` = 'renuk'
ERROR - 2024-03-05 12:11:52 --> Database query error: SELECT *
FROM `agent_master`
WHERE `email` = 'renuka.g'
ERROR - 2024-03-05 12:11:52 --> Database query error: SELECT *
FROM `agent_master`
WHERE `email` = 'ren'
ERROR - 2024-03-05 12:11:52 --> Database query error: SELECT *
FROM `agent_master`
WHERE `email` = 'renuka.glansa@gmail.'
ERROR - 2024-03-05 12:11:52 --> Database query error: SELECT *
FROM `agent_master`
WHERE `email` = 'renuka.glansa@gma'
ERROR - 2024-03-05 12:11:52 --> Database query error: SELECT *
FROM `agent_master`
WHERE `email` = 'renuka.glansa@'
ERROR - 2024-03-05 12:11:52 --> Database query error: SELECT *
FROM `agent_master`
WHERE `email` = 'renuka.glansa@g'
ERROR - 2024-03-05 12:11:52 --> Database query error: SELECT *
FROM `agent_master`
WHERE `email` = 'renuka.glansa@gmai'
ERROR - 2024-03-05 12:11:52 --> Database query error: SELECT *
FROM `agent_master`
WHERE `email` = 'renuka.glansa@gmail.c'
ERROR - 2024-03-05 12:11:52 --> Database query error: SELECT *
FROM `agent_master`
WHERE `email` = 'renuka.glansa@gmail'
ERROR - 2024-03-05 12:11:52 --> Database query error: SELECT *
FROM `agent_master`
WHERE `email` = 'renuka.glan'
ERROR - 2024-03-05 12:11:52 --> Database query error: SELECT *
FROM `agent_master`
WHERE `email` = 'renuka.glansa@gmail.co'
ERROR - 2024-03-05 12:11:52 --> Database query error: SELECT *
FROM `agent_master`
WHERE `email` = 'renuka'
ERROR - 2024-03-05 12:11:52 --> Database query error: SELECT *
FROM `agent_master`
WHERE `email` = 'renuka.glans'
ERROR - 2024-03-05 12:11:52 --> Database query error: SELECT *
FROM `agent_master`
WHERE `email` = 'renuka.gla'
ERROR - 2024-03-05 12:11:52 --> Database query error: SELECT *
FROM `agent_master`
WHERE `email` = 'renuka.glansa@gm'
ERROR - 2024-03-05 12:11:55 --> Database query error: SELECT *
FROM `agent_master`
WHERE `email` = 'r'
ERROR - 2024-03-05 12:11:55 --> Database query error: SELECT *
FROM `agent_master`
WHERE `email` = 're'
ERROR - 2024-03-05 12:11:55 --> Database query error: SELECT *
FROM `agent_master`
WHERE `email` = 'renu'
ERROR - 2024-03-05 12:11:55 --> Database query error: SELECT *
FROM `agent_master`
WHERE `email` = 'renuka.glan'
ERROR - 2024-03-05 12:11:55 --> Database query error: SELECT *
FROM `agent_master`
WHERE `email` = 'renuka.g'
ERROR - 2024-03-05 12:11:55 --> Database query error: SELECT *
FROM `agent_master`
WHERE `email` = 'renuka.'
ERROR - 2024-03-05 12:11:56 --> Database query error: SELECT *
FROM `agent_master`
WHERE `email` = 'renuka.gla'
ERROR - 2024-03-05 12:11:56 --> Database query error: SELECT *
FROM `agent_master`
WHERE `email` = 'ren'
ERROR - 2024-03-05 12:11:56 --> Database query error: SELECT *
FROM `agent_master`
WHERE `email` = 'renuka.gl'
ERROR - 2024-03-05 12:11:56 --> Database query error: SELECT *
FROM `agent_master`
WHERE `email` = 'renuka.glansa@gmail.'
ERROR - 2024-03-05 12:11:56 --> Database query error: SELECT *
FROM `agent_master`
WHERE `email` = 'renuka.glansa@'
ERROR - 2024-03-05 12:11:56 --> Database query error: SELECT *
FROM `agent_master`
WHERE `email` = 'renuka.glansa@gm'
ERROR - 2024-03-05 12:11:56 --> Database query error: SELECT *
FROM `agent_master`
WHERE `email` = 'renuka.glansa@gma'
ERROR - 2024-03-05 12:11:56 --> Database query error: SELECT *
FROM `agent_master`
WHERE `email` = 'renuka.glansa@gmail.c'
ERROR - 2024-03-05 12:11:56 --> Database query error: SELECT *
FROM `agent_master`
WHERE `email` = 'renuka.glans'
ERROR - 2024-03-05 12:11:56 --> Database query error: SELECT *
FROM `agent_master`
WHERE `email` = 'renuka.glansa@gmail'
ERROR - 2024-03-05 12:11:56 --> Database query error: SELECT *
FROM `agent_master`
WHERE `email` = 'renuka'
ERROR - 2024-03-05 12:11:56 --> Database query error: SELECT *
FROM `agent_master`
WHERE `email` = 'renuka.glansa@g'
ERROR - 2024-03-05 12:11:56 --> Database query error: SELECT *
FROM `agent_master`
WHERE `email` = 'renuka.glansa'
ERROR - 2024-03-05 12:11:56 --> Database query error: SELECT *
FROM `agent_master`
WHERE `email` = 'renuka.glansa@gmai'
ERROR - 2024-03-05 12:11:56 --> Database query error: SELECT *
FROM `agent_master`
WHERE `email` = 'renuka.glansa@gmail.co'
ERROR - 2024-03-05 12:11:56 --> Database query error: SELECT *
FROM `agent_master`
WHERE `email` = 'renuk'
ERROR - 2024-03-05 12:12:00 --> Database query error: SELECT *
FROM `agent_master`
WHERE `email` = 'r'
ERROR - 2024-03-05 12:12:00 --> Database query error: SELECT *
FROM `agent_master`
WHERE `email` = 'renu'
ERROR - 2024-03-05 12:12:00 --> Database query error: SELECT *
FROM `agent_master`
WHERE `email` = 're'
ERROR - 2024-03-05 12:12:00 --> Database query error: SELECT *
FROM `agent_master`
WHERE `email` = 'ren'
ERROR - 2024-03-05 12:12:00 --> Database query error: SELECT *
FROM `agent_master`
WHERE `email` = 'renuka.g'
ERROR - 2024-03-05 12:12:00 --> Database query error: SELECT *
FROM `agent_master`
WHERE `email` = 'renuka'
ERROR - 2024-03-05 12:12:00 --> Database query error: SELECT *
FROM `agent_master`
WHERE `email` = 'renuk'
ERROR - 2024-03-05 12:12:01 --> Database query error: SELECT *
FROM `agent_master`
WHERE `email` = 'renuka.gla'
ERROR - 2024-03-05 12:12:01 --> Database query error: SELECT *
FROM `agent_master`
WHERE `email` = 'renuka.'
ERROR - 2024-03-05 12:12:01 --> Database query error: SELECT *
FROM `agent_master`
WHERE `email` = 'renuka.glansa'
ERROR - 2024-03-05 12:12:01 --> Database query error: SELECT *
FROM `agent_master`
WHERE `email` = 'renuka.glansa@'
ERROR - 2024-03-05 12:12:01 --> Database query error: SELECT *
FROM `agent_master`
WHERE `email` = 'renuka.glansa@gmail'
ERROR - 2024-03-05 12:12:01 --> Database query error: SELECT *
FROM `agent_master`
WHERE `email` = 'renuka.glansa@gmail.'
ERROR - 2024-03-05 12:12:01 --> Database query error: SELECT *
FROM `agent_master`
WHERE `email` = 'renuka.glansa@gmail.c'
ERROR - 2024-03-05 12:12:01 --> Database query error: SELECT *
FROM `agent_master`
WHERE `email` = 'renuka.glansa@g'
ERROR - 2024-03-05 12:12:01 --> Database query error: SELECT *
FROM `agent_master`
WHERE `email` = 'renuka.glan'
ERROR - 2024-03-05 12:12:01 --> Database query error: SELECT *
FROM `agent_master`
WHERE `email` = 'renuka.glansa@gmai'
ERROR - 2024-03-05 12:12:01 --> Database query error: SELECT *
FROM `agent_master`
WHERE `email` = 'renuka.glansa@gma'
ERROR - 2024-03-05 12:12:01 --> Database query error: SELECT *
FROM `agent_master`
WHERE `email` = 'renuka.gl'
ERROR - 2024-03-05 12:12:01 --> Database query error: SELECT *
FROM `agent_master`
WHERE `email` = 'renuka.glansa@gmail.co'
ERROR - 2024-03-05 12:12:01 --> Database query error: SELECT *
FROM `agent_master`
WHERE `email` = 'renuka.glansa@gm'
ERROR - 2024-03-05 12:12:01 --> Database query error: SELECT *
FROM `agent_master`
WHERE `email` = 'renuka.glans'
ERROR - 2024-03-05 12:12:06 --> Database query error: SELECT *
FROM `agent_master`
WHERE `email` = 'r'
ERROR - 2024-03-05 12:12:06 --> Database query error: SELECT *
FROM `agent_master`
WHERE `email` = 'renu'
ERROR - 2024-03-05 12:12:06 --> Database query error: SELECT *
FROM `agent_master`
WHERE `email` = 'renuka.'
ERROR - 2024-03-05 12:12:06 --> Database query error: SELECT *
FROM `agent_master`
WHERE `email` = 'renuka.gl'
ERROR - 2024-03-05 12:12:06 --> Database query error: SELECT *
FROM `agent_master`
WHERE `email` = 'renuka.g'
ERROR - 2024-03-05 12:12:06 --> Database query error: SELECT *
FROM `agent_master`
WHERE `email` = 'renuka.glansa@gmail.'
ERROR - 2024-03-05 12:12:06 --> Database query error: SELECT *
FROM `agent_master`
WHERE `email` = 'renuka.glansa@gma'
ERROR - 2024-03-05 12:12:06 --> Database query error: SELECT *
FROM `agent_master`
WHERE `email` = 'renuka.glansa@'
ERROR - 2024-03-05 12:12:06 --> Database query error: SELECT *
FROM `agent_master`
WHERE `email` = 'renuka.gla'
ERROR - 2024-03-05 12:12:06 --> Database query error: SELECT *
FROM `agent_master`
WHERE `email` = 'renuka.glansa@gmail.c'
ERROR - 2024-03-05 12:12:06 --> Database query error: SELECT *
FROM `agent_master`
WHERE `email` = 'renuka.glansa@gm'
ERROR - 2024-03-05 12:12:06 --> Database query error: SELECT *
FROM `agent_master`
WHERE `email` = 're'
ERROR - 2024-03-05 12:12:06 --> Database query error: SELECT *
FROM `agent_master`
WHERE `email` = 'renuka.glansa@gmail'
ERROR - 2024-03-05 12:12:06 --> Database query error: SELECT *
FROM `agent_master`
WHERE `email` = 'renuka.glans'
ERROR - 2024-03-05 12:12:06 --> Database query error: SELECT *
FROM `agent_master`
WHERE `email` = 'renuka'
ERROR - 2024-03-05 12:12:07 --> Database query error: SELECT *
FROM `agent_master`
WHERE `email` = 'renuka.glansa@g'
ERROR - 2024-03-05 12:12:07 --> Database query error: SELECT *
FROM `agent_master`
WHERE `email` = 'renuka.glansa@gmail.co'
ERROR - 2024-03-05 12:12:07 --> Database query error: SELECT *
FROM `agent_master`
WHERE `email` = 'renuka.glan'
ERROR - 2024-03-05 12:12:07 --> Database query error: SELECT *
FROM `agent_master`
WHERE `email` = 'renuka.glansa'
ERROR - 2024-03-05 12:12:07 --> Database query error: SELECT *
FROM `agent_master`
WHERE `email` = 'renuk'
ERROR - 2024-03-05 12:12:07 --> Database query error: SELECT *
FROM `agent_master`
WHERE `email` = 'ren'
ERROR - 2024-03-05 12:12:07 --> Database query error: SELECT *
FROM `agent_master`
WHERE `email` = 'renuka.glansa@gmai'
