ERROR - 2023-07-11 06:42:59 --> mysqli_sql_exception: Table 'glansxfz_fe.agent_master' doesn't exist in /home2/glansxfz/wwh.live/test/system/Database/MySQLi/Connection.php:295
Stack trace:
#0 /home2/glansxfz/wwh.live/test/system/Database/MySQLi/Connection.php(295): mysqli->query('SELECT *\nFROM `...', 0)
#1 /home2/glansxfz/wwh.live/test/system/Database/BaseConnection.php(692): CodeIgniter\Database\MySQLi\Connection->execute('SELECT *\nFROM `...')
#2 /home2/glansxfz/wwh.live/test/system/Database/BaseConnection.php(606): CodeIgniter\Database\BaseConnection->simpleQuery('SELECT *\nFROM `...')
#3 /home2/glansxfz/wwh.live/test/system/Database/BaseBuilder.php(1616): CodeIgniter\Database\BaseConnection->query('SELECT *\nFROM `...', Array, false)
#4 /home2/glansxfz/wwh.live/test/system/Model.php(241): CodeIgniter\Database\BaseBuilder->get()
#5 /home2/glansxfz/wwh.live/test/system/BaseModel.php(618): CodeIgniter\Model->doFindAll(0, 0)
#6 /home2/glansxfz/wwh.live/test/app/Controllers/agentadmin.php(43): CodeIgniter\BaseModel->findAll()
#7 /home2/glansxfz/wwh.live/test/system/CodeIgniter.php(932): App\Controllers\agentadmin->display()
#8 /home2/glansxfz/wwh.live/test/system/CodeIgniter.php(497): CodeIgniter\CodeIgniter->runController(Object(App\Controllers\agentadmin))
#9 /home2/glansxfz/wwh.live/test/system/CodeIgniter.php(366): CodeIgniter\CodeIgniter->handleRequest(NULL, Object(Config\Cache), false)
#10 /home2/glansxfz/wwh.live/test/public/index.php(67): CodeIgniter\CodeIgniter->run()
#11 {main}
CRITICAL - 2023-07-11 06:42:59 --> Table 'glansxfz_fe.agent_master' doesn't exist
in SYSTEMPATH/Database/MySQLi/Connection.php on line 295.
 1 SYSTEMPATH/Database/MySQLi/Connection.php(295): mysqli->query('SELECT *
FROM `agent_master`', 0)
 2 SYSTEMPATH/Database/BaseConnection.php(692): CodeIgniter\Database\MySQLi\Connection->execute('SELECT *
FROM `agent_master`')
 3 SYSTEMPATH/Database/BaseConnection.php(606): CodeIgniter\Database\BaseConnection->simpleQuery('SELECT *
FROM `agent_master`')
 4 SYSTEMPATH/Database/BaseBuilder.php(1616): CodeIgniter\Database\BaseConnection->query('SELECT *
FROM `agent_master`', [], false)
 5 SYSTEMPATH/Model.php(241): CodeIgniter\Database\BaseBuilder->get()
 6 SYSTEMPATH/BaseModel.php(618): CodeIgniter\Model->doFindAll(0, 0)
 7 APPPATH/Controllers/agentadmin.php(43): CodeIgniter\BaseModel->findAll()
 8 SYSTEMPATH/CodeIgniter.php(932): App\Controllers\agentadmin->display()
 9 SYSTEMPATH/CodeIgniter.php(497): CodeIgniter\CodeIgniter->runController(Object(App\Controllers\agentadmin))
10 SYSTEMPATH/CodeIgniter.php(366): CodeIgniter\CodeIgniter->handleRequest(null, Object(Config\Cache), false)
11 FCPATH/index.php(67): CodeIgniter\CodeIgniter->run()
CRITICAL - 2023-07-11 06:44:18 --> Undefined variable $user
in APPPATH/Views/pages/agent.php on line 133.
 1 APPPATH/Views/pages/agent.php(133): CodeIgniter\Debug\Exceptions->errorHandler(2, 'Undefined variable $user', '/home2/glansxfz/wwh.live/test/app/Views/pages/agent.php', 133)
 2 SYSTEMPATH/View/View.php(224): include('/home2/glansxfz/wwh.live/test/app/Views/pages/agent.php')
 3 SYSTEMPATH/View/View.php(227): CodeIgniter\View\View->CodeIgniter\View\{closure}()
 4 SYSTEMPATH/Common.php(1180): CodeIgniter\View\View->render('pages/agent', [], true)
 5 APPPATH/Controllers/agentadmin.php(28): view('pages/agent', [...])
 6 SYSTEMPATH/CodeIgniter.php(932): App\Controllers\agentadmin->agent()
 7 SYSTEMPATH/CodeIgniter.php(497): CodeIgniter\CodeIgniter->runController(Object(App\Controllers\agentadmin))
 8 SYSTEMPATH/CodeIgniter.php(366): CodeIgniter\CodeIgniter->handleRequest(null, Object(Config\Cache), false)
 9 FCPATH/index.php(67): CodeIgniter\CodeIgniter->run()
CRITICAL - 2023-07-11 06:46:00 --> Undefined variable $user
in APPPATH/Views/pages/agent.php on line 133.
 1 APPPATH/Views/pages/agent.php(133): CodeIgniter\Debug\Exceptions->errorHandler(2, 'Undefined variable $user', '/home2/glansxfz/wwh.live/test/app/Views/pages/agent.php', 133)
 2 SYSTEMPATH/View/View.php(224): include('/home2/glansxfz/wwh.live/test/app/Views/pages/agent.php')
 3 SYSTEMPATH/View/View.php(227): CodeIgniter\View\View->CodeIgniter\View\{closure}()
 4 SYSTEMPATH/Common.php(1180): CodeIgniter\View\View->render('pages/agent', [], true)
 5 APPPATH/Controllers/agentadmin.php(28): view('pages/agent', [...])
 6 SYSTEMPATH/CodeIgniter.php(932): App\Controllers\agentadmin->agent()
 7 SYSTEMPATH/CodeIgniter.php(497): CodeIgniter\CodeIgniter->runController(Object(App\Controllers\agentadmin))
 8 SYSTEMPATH/CodeIgniter.php(366): CodeIgniter\CodeIgniter->handleRequest(null, Object(Config\Cache), false)
 9 FCPATH/index.php(67): CodeIgniter\CodeIgniter->run()
ERROR - 2023-07-11 06:46:10 --> mysqli_sql_exception: Table 'glansxfz_fe.agent_master' doesn't exist in /home2/glansxfz/wwh.live/test/system/Database/MySQLi/Connection.php:295
Stack trace:
#0 /home2/glansxfz/wwh.live/test/system/Database/MySQLi/Connection.php(295): mysqli->query('SELECT *\nFROM `...', 0)
#1 /home2/glansxfz/wwh.live/test/system/Database/BaseConnection.php(692): CodeIgniter\Database\MySQLi\Connection->execute('SELECT *\nFROM `...')
#2 /home2/glansxfz/wwh.live/test/system/Database/BaseConnection.php(606): CodeIgniter\Database\BaseConnection->simpleQuery('SELECT *\nFROM `...')
#3 /home2/glansxfz/wwh.live/test/system/Database/BaseBuilder.php(1616): CodeIgniter\Database\BaseConnection->query('SELECT *\nFROM `...', Array, false)
#4 /home2/glansxfz/wwh.live/test/system/Model.php(241): CodeIgniter\Database\BaseBuilder->get()
#5 /home2/glansxfz/wwh.live/test/system/BaseModel.php(618): CodeIgniter\Model->doFindAll(0, 0)
#6 /home2/glansxfz/wwh.live/test/app/Controllers/agentadmin.php(43): CodeIgniter\BaseModel->findAll()
#7 /home2/glansxfz/wwh.live/test/system/CodeIgniter.php(932): App\Controllers\agentadmin->display()
#8 /home2/glansxfz/wwh.live/test/system/CodeIgniter.php(497): CodeIgniter\CodeIgniter->runController(Object(App\Controllers\agentadmin))
#9 /home2/glansxfz/wwh.live/test/system/CodeIgniter.php(366): CodeIgniter\CodeIgniter->handleRequest(NULL, Object(Config\Cache), false)
#10 /home2/glansxfz/wwh.live/test/public/index.php(67): CodeIgniter\CodeIgniter->run()
#11 {main}
CRITICAL - 2023-07-11 06:46:10 --> Table 'glansxfz_fe.agent_master' doesn't exist
in SYSTEMPATH/Database/MySQLi/Connection.php on line 295.
 1 SYSTEMPATH/Database/MySQLi/Connection.php(295): mysqli->query('SELECT *
FROM `agent_master`', 0)
 2 SYSTEMPATH/Database/BaseConnection.php(692): CodeIgniter\Database\MySQLi\Connection->execute('SELECT *
FROM `agent_master`')
 3 SYSTEMPATH/Database/BaseConnection.php(606): CodeIgniter\Database\BaseConnection->simpleQuery('SELECT *
FROM `agent_master`')
 4 SYSTEMPATH/Database/BaseBuilder.php(1616): CodeIgniter\Database\BaseConnection->query('SELECT *
FROM `agent_master`', [], false)
 5 SYSTEMPATH/Model.php(241): CodeIgniter\Database\BaseBuilder->get()
 6 SYSTEMPATH/BaseModel.php(618): CodeIgniter\Model->doFindAll(0, 0)
 7 APPPATH/Controllers/agentadmin.php(43): CodeIgniter\BaseModel->findAll()
 8 SYSTEMPATH/CodeIgniter.php(932): App\Controllers\agentadmin->display()
 9 SYSTEMPATH/CodeIgniter.php(497): CodeIgniter\CodeIgniter->runController(Object(App\Controllers\agentadmin))
10 SYSTEMPATH/CodeIgniter.php(366): CodeIgniter\CodeIgniter->handleRequest(null, Object(Config\Cache), false)
11 FCPATH/index.php(67): CodeIgniter\CodeIgniter->run()
ERROR - 2023-07-11 06:46:42 --> mysqli_sql_exception: Table 'glansxfz_fe.agent_master' doesn't exist in /home2/glansxfz/wwh.live/test/system/Database/MySQLi/Connection.php:295
Stack trace:
#0 /home2/glansxfz/wwh.live/test/system/Database/MySQLi/Connection.php(295): mysqli->query('SELECT *\nFROM `...', 0)
#1 /home2/glansxfz/wwh.live/test/system/Database/BaseConnection.php(692): CodeIgniter\Database\MySQLi\Connection->execute('SELECT *\nFROM `...')
#2 /home2/glansxfz/wwh.live/test/system/Database/BaseConnection.php(606): CodeIgniter\Database\BaseConnection->simpleQuery('SELECT *\nFROM `...')
#3 /home2/glansxfz/wwh.live/test/system/Database/BaseBuilder.php(1616): CodeIgniter\Database\BaseConnection->query('SELECT *\nFROM `...', Array, false)
#4 /home2/glansxfz/wwh.live/test/system/Model.php(241): CodeIgniter\Database\BaseBuilder->get()
#5 /home2/glansxfz/wwh.live/test/system/BaseModel.php(618): CodeIgniter\Model->doFindAll(0, 0)
#6 /home2/glansxfz/wwh.live/test/app/Controllers/agentadmin.php(43): CodeIgniter\BaseModel->findAll()
#7 /home2/glansxfz/wwh.live/test/system/CodeIgniter.php(932): App\Controllers\agentadmin->display()
#8 /home2/glansxfz/wwh.live/test/system/CodeIgniter.php(497): CodeIgniter\CodeIgniter->runController(Object(App\Controllers\agentadmin))
#9 /home2/glansxfz/wwh.live/test/system/CodeIgniter.php(366): CodeIgniter\CodeIgniter->handleRequest(NULL, Object(Config\Cache), false)
#10 /home2/glansxfz/wwh.live/test/public/index.php(67): CodeIgniter\CodeIgniter->run()
#11 {main}
CRITICAL - 2023-07-11 06:46:42 --> Table 'glansxfz_fe.agent_master' doesn't exist
in SYSTEMPATH/Database/MySQLi/Connection.php on line 295.
 1 SYSTEMPATH/Database/MySQLi/Connection.php(295): mysqli->query('SELECT *
FROM `agent_master`', 0)
 2 SYSTEMPATH/Database/BaseConnection.php(692): CodeIgniter\Database\MySQLi\Connection->execute('SELECT *
FROM `agent_master`')
 3 SYSTEMPATH/Database/BaseConnection.php(606): CodeIgniter\Database\BaseConnection->simpleQuery('SELECT *
FROM `agent_master`')
 4 SYSTEMPATH/Database/BaseBuilder.php(1616): CodeIgniter\Database\BaseConnection->query('SELECT *
FROM `agent_master`', [], false)
 5 SYSTEMPATH/Model.php(241): CodeIgniter\Database\BaseBuilder->get()
 6 SYSTEMPATH/BaseModel.php(618): CodeIgniter\Model->doFindAll(0, 0)
 7 APPPATH/Controllers/agentadmin.php(43): CodeIgniter\BaseModel->findAll()
 8 SYSTEMPATH/CodeIgniter.php(932): App\Controllers\agentadmin->display()
 9 SYSTEMPATH/CodeIgniter.php(497): CodeIgniter\CodeIgniter->runController(Object(App\Controllers\agentadmin))
10 SYSTEMPATH/CodeIgniter.php(366): CodeIgniter\CodeIgniter->handleRequest(null, Object(Config\Cache), false)
11 FCPATH/index.php(67): CodeIgniter\CodeIgniter->run()
CRITICAL - 2023-07-11 06:47:10 --> Undefined variable $user
in APPPATH/Views/pages/agent.php on line 133.
 1 APPPATH/Views/pages/agent.php(133): CodeIgniter\Debug\Exceptions->errorHandler(2, 'Undefined variable $user', '/home2/glansxfz/wwh.live/test/app/Views/pages/agent.php', 133)
 2 SYSTEMPATH/View/View.php(224): include('/home2/glansxfz/wwh.live/test/app/Views/pages/agent.php')
 3 SYSTEMPATH/View/View.php(227): CodeIgniter\View\View->CodeIgniter\View\{closure}()
 4 SYSTEMPATH/Common.php(1180): CodeIgniter\View\View->render('pages/agent', [], true)
 5 APPPATH/Controllers/agentadmin.php(28): view('pages/agent', [...])
 6 SYSTEMPATH/CodeIgniter.php(932): App\Controllers\agentadmin->agent()
 7 SYSTEMPATH/CodeIgniter.php(497): CodeIgniter\CodeIgniter->runController(Object(App\Controllers\agentadmin))
 8 SYSTEMPATH/CodeIgniter.php(366): CodeIgniter\CodeIgniter->handleRequest(null, Object(Config\Cache), false)
 9 FCPATH/index.php(67): CodeIgniter\CodeIgniter->run()
ERROR - 2023-07-11 06:48:33 --> mysqli_sql_exception: Table 'glansxfz_fe.agent_master' doesn't exist in /home2/glansxfz/wwh.live/test/system/Database/MySQLi/Connection.php:295
Stack trace:
#0 /home2/glansxfz/wwh.live/test/system/Database/MySQLi/Connection.php(295): mysqli->query('SELECT *\nFROM `...', 0)
#1 /home2/glansxfz/wwh.live/test/system/Database/BaseConnection.php(692): CodeIgniter\Database\MySQLi\Connection->execute('SELECT *\nFROM `...')
#2 /home2/glansxfz/wwh.live/test/system/Database/BaseConnection.php(606): CodeIgniter\Database\BaseConnection->simpleQuery('SELECT *\nFROM `...')
#3 /home2/glansxfz/wwh.live/test/system/Database/BaseBuilder.php(1616): CodeIgniter\Database\BaseConnection->query('SELECT *\nFROM `...', Array, false)
#4 /home2/glansxfz/wwh.live/test/system/Model.php(241): CodeIgniter\Database\BaseBuilder->get()
#5 /home2/glansxfz/wwh.live/test/system/BaseModel.php(618): CodeIgniter\Model->doFindAll(0, 0)
#6 /home2/glansxfz/wwh.live/test/app/Controllers/agentadmin.php(43): CodeIgniter\BaseModel->findAll()
#7 /home2/glansxfz/wwh.live/test/system/CodeIgniter.php(932): App\Controllers\agentadmin->display()
#8 /home2/glansxfz/wwh.live/test/system/CodeIgniter.php(497): CodeIgniter\CodeIgniter->runController(Object(App\Controllers\agentadmin))
#9 /home2/glansxfz/wwh.live/test/system/CodeIgniter.php(366): CodeIgniter\CodeIgniter->handleRequest(NULL, Object(Config\Cache), false)
#10 /home2/glansxfz/wwh.live/test/public/index.php(67): CodeIgniter\CodeIgniter->run()
#11 {main}
CRITICAL - 2023-07-11 06:48:33 --> Table 'glansxfz_fe.agent_master' doesn't exist
in SYSTEMPATH/Database/MySQLi/Connection.php on line 295.
 1 SYSTEMPATH/Database/MySQLi/Connection.php(295): mysqli->query('SELECT *
FROM `agent_master`', 0)
 2 SYSTEMPATH/Database/BaseConnection.php(692): CodeIgniter\Database\MySQLi\Connection->execute('SELECT *
FROM `agent_master`')
 3 SYSTEMPATH/Database/BaseConnection.php(606): CodeIgniter\Database\BaseConnection->simpleQuery('SELECT *
FROM `agent_master`')
 4 SYSTEMPATH/Database/BaseBuilder.php(1616): CodeIgniter\Database\BaseConnection->query('SELECT *
FROM `agent_master`', [], false)
 5 SYSTEMPATH/Model.php(241): CodeIgniter\Database\BaseBuilder->get()
 6 SYSTEMPATH/BaseModel.php(618): CodeIgniter\Model->doFindAll(0, 0)
 7 APPPATH/Controllers/agentadmin.php(43): CodeIgniter\BaseModel->findAll()
 8 SYSTEMPATH/CodeIgniter.php(932): App\Controllers\agentadmin->display()
 9 SYSTEMPATH/CodeIgniter.php(497): CodeIgniter\CodeIgniter->runController(Object(App\Controllers\agentadmin))
10 SYSTEMPATH/CodeIgniter.php(366): CodeIgniter\CodeIgniter->handleRequest(null, Object(Config\Cache), false)
11 FCPATH/index.php(67): CodeIgniter\CodeIgniter->run()
ERROR - 2023-07-11 06:54:39 --> mysqli_sql_exception: Table 'glansxfz_fe.agent_master' doesn't exist in /home2/glansxfz/wwh.live/test/system/Database/MySQLi/Connection.php:295
Stack trace:
#0 /home2/glansxfz/wwh.live/test/system/Database/MySQLi/Connection.php(295): mysqli->query('SELECT *\nFROM `...', 0)
#1 /home2/glansxfz/wwh.live/test/system/Database/BaseConnection.php(692): CodeIgniter\Database\MySQLi\Connection->execute('SELECT *\nFROM `...')
#2 /home2/glansxfz/wwh.live/test/system/Database/BaseConnection.php(606): CodeIgniter\Database\BaseConnection->simpleQuery('SELECT *\nFROM `...')
#3 /home2/glansxfz/wwh.live/test/system/Database/BaseBuilder.php(1616): CodeIgniter\Database\BaseConnection->query('SELECT *\nFROM `...', Array, false)
#4 /home2/glansxfz/wwh.live/test/system/Model.php(241): CodeIgniter\Database\BaseBuilder->get()
#5 /home2/glansxfz/wwh.live/test/system/BaseModel.php(618): CodeIgniter\Model->doFindAll(0, 0)
#6 /home2/glansxfz/wwh.live/test/app/Controllers/agentadmin.php(43): CodeIgniter\BaseModel->findAll()
#7 /home2/glansxfz/wwh.live/test/system/CodeIgniter.php(932): App\Controllers\agentadmin->display()
#8 /home2/glansxfz/wwh.live/test/system/CodeIgniter.php(497): CodeIgniter\CodeIgniter->runController(Object(App\Controllers\agentadmin))
#9 /home2/glansxfz/wwh.live/test/system/CodeIgniter.php(366): CodeIgniter\CodeIgniter->handleRequest(NULL, Object(Config\Cache), false)
#10 /home2/glansxfz/wwh.live/test/public/index.php(67): CodeIgniter\CodeIgniter->run()
#11 {main}
CRITICAL - 2023-07-11 06:54:39 --> Table 'glansxfz_fe.agent_master' doesn't exist
in SYSTEMPATH/Database/MySQLi/Connection.php on line 295.
 1 SYSTEMPATH/Database/MySQLi/Connection.php(295): mysqli->query('SELECT *
FROM `agent_master`', 0)
 2 SYSTEMPATH/Database/BaseConnection.php(692): CodeIgniter\Database\MySQLi\Connection->execute('SELECT *
FROM `agent_master`')
 3 SYSTEMPATH/Database/BaseConnection.php(606): CodeIgniter\Database\BaseConnection->simpleQuery('SELECT *
FROM `agent_master`')
 4 SYSTEMPATH/Database/BaseBuilder.php(1616): CodeIgniter\Database\BaseConnection->query('SELECT *
FROM `agent_master`', [], false)
 5 SYSTEMPATH/Model.php(241): CodeIgniter\Database\BaseBuilder->get()
 6 SYSTEMPATH/BaseModel.php(618): CodeIgniter\Model->doFindAll(0, 0)
 7 APPPATH/Controllers/agentadmin.php(43): CodeIgniter\BaseModel->findAll()
 8 SYSTEMPATH/CodeIgniter.php(932): App\Controllers\agentadmin->display()
 9 SYSTEMPATH/CodeIgniter.php(497): CodeIgniter\CodeIgniter->runController(Object(App\Controllers\agentadmin))
10 SYSTEMPATH/CodeIgniter.php(366): CodeIgniter\CodeIgniter->handleRequest(null, Object(Config\Cache), false)
11 FCPATH/index.php(67): CodeIgniter\CodeIgniter->run()
ERROR - 2023-07-11 06:54:53 --> mysqli_sql_exception: Table 'glansxfz_fe.agent_master' doesn't exist in /home2/glansxfz/wwh.live/test/system/Database/MySQLi/Connection.php:295
Stack trace:
#0 /home2/glansxfz/wwh.live/test/system/Database/MySQLi/Connection.php(295): mysqli->query('SELECT *\nFROM `...', 0)
#1 /home2/glansxfz/wwh.live/test/system/Database/BaseConnection.php(692): CodeIgniter\Database\MySQLi\Connection->execute('SELECT *\nFROM `...')
#2 /home2/glansxfz/wwh.live/test/system/Database/BaseConnection.php(606): CodeIgniter\Database\BaseConnection->simpleQuery('SELECT *\nFROM `...')
#3 /home2/glansxfz/wwh.live/test/system/Database/BaseBuilder.php(1616): CodeIgniter\Database\BaseConnection->query('SELECT *\nFROM `...', Array, false)
#4 /home2/glansxfz/wwh.live/test/system/Model.php(241): CodeIgniter\Database\BaseBuilder->get()
#5 /home2/glansxfz/wwh.live/test/system/BaseModel.php(618): CodeIgniter\Model->doFindAll(0, 0)
#6 /home2/glansxfz/wwh.live/test/app/Controllers/agentadmin.php(43): CodeIgniter\BaseModel->findAll()
#7 /home2/glansxfz/wwh.live/test/system/CodeIgniter.php(932): App\Controllers\agentadmin->display()
#8 /home2/glansxfz/wwh.live/test/system/CodeIgniter.php(497): CodeIgniter\CodeIgniter->runController(Object(App\Controllers\agentadmin))
#9 /home2/glansxfz/wwh.live/test/system/CodeIgniter.php(366): CodeIgniter\CodeIgniter->handleRequest(NULL, Object(Config\Cache), false)
#10 /home2/glansxfz/wwh.live/test/public/index.php(67): CodeIgniter\CodeIgniter->run()
#11 {main}
CRITICAL - 2023-07-11 06:54:53 --> Table 'glansxfz_fe.agent_master' doesn't exist
in SYSTEMPATH/Database/MySQLi/Connection.php on line 295.
 1 SYSTEMPATH/Database/MySQLi/Connection.php(295): mysqli->query('SELECT *
FROM `agent_master`', 0)
 2 SYSTEMPATH/Database/BaseConnection.php(692): CodeIgniter\Database\MySQLi\Connection->execute('SELECT *
FROM `agent_master`')
 3 SYSTEMPATH/Database/BaseConnection.php(606): CodeIgniter\Database\BaseConnection->simpleQuery('SELECT *
FROM `agent_master`')
 4 SYSTEMPATH/Database/BaseBuilder.php(1616): CodeIgniter\Database\BaseConnection->query('SELECT *
FROM `agent_master`', [], false)
 5 SYSTEMPATH/Model.php(241): CodeIgniter\Database\BaseBuilder->get()
 6 SYSTEMPATH/BaseModel.php(618): CodeIgniter\Model->doFindAll(0, 0)
 7 APPPATH/Controllers/agentadmin.php(43): CodeIgniter\BaseModel->findAll()
 8 SYSTEMPATH/CodeIgniter.php(932): App\Controllers\agentadmin->display()
 9 SYSTEMPATH/CodeIgniter.php(497): CodeIgniter\CodeIgniter->runController(Object(App\Controllers\agentadmin))
10 SYSTEMPATH/CodeIgniter.php(366): CodeIgniter\CodeIgniter->handleRequest(null, Object(Config\Cache), false)
11 FCPATH/index.php(67): CodeIgniter\CodeIgniter->run()
ERROR - 2023-07-11 06:57:39 --> mysqli_sql_exception: Table 'glansxfz_fe.agent_master' doesn't exist in /home2/glansxfz/wwh.live/test/system/Database/MySQLi/Connection.php:295
Stack trace:
#0 /home2/glansxfz/wwh.live/test/system/Database/MySQLi/Connection.php(295): mysqli->query('SELECT *\nFROM `...', 0)
#1 /home2/glansxfz/wwh.live/test/system/Database/BaseConnection.php(692): CodeIgniter\Database\MySQLi\Connection->execute('SELECT *\nFROM `...')
#2 /home2/glansxfz/wwh.live/test/system/Database/BaseConnection.php(606): CodeIgniter\Database\BaseConnection->simpleQuery('SELECT *\nFROM `...')
#3 /home2/glansxfz/wwh.live/test/system/Database/BaseBuilder.php(1616): CodeIgniter\Database\BaseConnection->query('SELECT *\nFROM `...', Array, false)
#4 /home2/glansxfz/wwh.live/test/system/Model.php(241): CodeIgniter\Database\BaseBuilder->get()
#5 /home2/glansxfz/wwh.live/test/system/BaseModel.php(618): CodeIgniter\Model->doFindAll(0, 0)
#6 /home2/glansxfz/wwh.live/test/app/Controllers/agentadmin.php(43): CodeIgniter\BaseModel->findAll()
#7 /home2/glansxfz/wwh.live/test/system/CodeIgniter.php(932): App\Controllers\agentadmin->display()
#8 /home2/glansxfz/wwh.live/test/system/CodeIgniter.php(497): CodeIgniter\CodeIgniter->runController(Object(App\Controllers\agentadmin))
#9 /home2/glansxfz/wwh.live/test/system/CodeIgniter.php(366): CodeIgniter\CodeIgniter->handleRequest(NULL, Object(Config\Cache), false)
#10 /home2/glansxfz/wwh.live/test/public/index.php(67): CodeIgniter\CodeIgniter->run()
#11 {main}
CRITICAL - 2023-07-11 06:57:39 --> Table 'glansxfz_fe.agent_master' doesn't exist
in SYSTEMPATH/Database/MySQLi/Connection.php on line 295.
 1 SYSTEMPATH/Database/MySQLi/Connection.php(295): mysqli->query('SELECT *
FROM `agent_master`', 0)
 2 SYSTEMPATH/Database/BaseConnection.php(692): CodeIgniter\Database\MySQLi\Connection->execute('SELECT *
FROM `agent_master`')
 3 SYSTEMPATH/Database/BaseConnection.php(606): CodeIgniter\Database\BaseConnection->simpleQuery('SELECT *
FROM `agent_master`')
 4 SYSTEMPATH/Database/BaseBuilder.php(1616): CodeIgniter\Database\BaseConnection->query('SELECT *
FROM `agent_master`', [], false)
 5 SYSTEMPATH/Model.php(241): CodeIgniter\Database\BaseBuilder->get()
 6 SYSTEMPATH/BaseModel.php(618): CodeIgniter\Model->doFindAll(0, 0)
 7 APPPATH/Controllers/agentadmin.php(43): CodeIgniter\BaseModel->findAll()
 8 SYSTEMPATH/CodeIgniter.php(932): App\Controllers\agentadmin->display()
 9 SYSTEMPATH/CodeIgniter.php(497): CodeIgniter\CodeIgniter->runController(Object(App\Controllers\agentadmin))
10 SYSTEMPATH/CodeIgniter.php(366): CodeIgniter\CodeIgniter->handleRequest(null, Object(Config\Cache), false)
11 FCPATH/index.php(67): CodeIgniter\CodeIgniter->run()
CRITICAL - 2023-07-11 07:45:06 --> Undefined variable $user
in APPPATH/Views/pages/staff.php on line 110.
 1 APPPATH/Views/pages/staff.php(110): CodeIgniter\Debug\Exceptions->errorHandler(2, 'Undefined variable $user', '/home2/glansxfz/wwh.live/test/app/Views/pages/staff.php', 110)
 2 SYSTEMPATH/View/View.php(224): include('/home2/glansxfz/wwh.live/test/app/Views/pages/staff.php')
 3 SYSTEMPATH/View/View.php(227): CodeIgniter\View\View->CodeIgniter\View\{closure}()
 4 SYSTEMPATH/Common.php(1180): CodeIgniter\View\View->render('pages/staff', [], true)
 5 APPPATH/Controllers/admin.php(35): view('pages/staff', [...])
 6 SYSTEMPATH/CodeIgniter.php(932): App\Controllers\admin->staff()
 7 SYSTEMPATH/CodeIgniter.php(497): CodeIgniter\CodeIgniter->runController(Object(App\Controllers\admin))
 8 SYSTEMPATH/CodeIgniter.php(366): CodeIgniter\CodeIgniter->handleRequest(null, Object(Config\Cache), false)
 9 FCPATH/index.php(67): CodeIgniter\CodeIgniter->run()
CRITICAL - 2023-07-11 07:46:02 --> Undefined variable $user
in APPPATH/Views/pages/staff.php on line 110.
 1 APPPATH/Views/pages/staff.php(110): CodeIgniter\Debug\Exceptions->errorHandler(2, 'Undefined variable $user', '/home2/glansxfz/wwh.live/test/app/Views/pages/staff.php', 110)
 2 SYSTEMPATH/View/View.php(224): include('/home2/glansxfz/wwh.live/test/app/Views/pages/staff.php')
 3 SYSTEMPATH/View/View.php(227): CodeIgniter\View\View->CodeIgniter\View\{closure}()
 4 SYSTEMPATH/Common.php(1180): CodeIgniter\View\View->render('pages/staff', [], true)
 5 APPPATH/Controllers/admin.php(35): view('pages/staff', [...])
 6 SYSTEMPATH/CodeIgniter.php(932): App\Controllers\admin->staff()
 7 SYSTEMPATH/CodeIgniter.php(497): CodeIgniter\CodeIgniter->runController(Object(App\Controllers\admin))
 8 SYSTEMPATH/CodeIgniter.php(366): CodeIgniter\CodeIgniter->handleRequest(null, Object(Config\Cache), false)
 9 FCPATH/index.php(67): CodeIgniter\CodeIgniter->run()
CRITICAL - 2023-07-11 09:10:28 --> Undefined array key "id"
in APPPATH/Views/pages/staff.php on line 133.
 1 APPPATH/Views/pages/staff.php(133): CodeIgniter\Debug\Exceptions->errorHandler(2, 'Undefined array key "id"', '/home2/glansxfz/wwh.live/test/app/Views/pages/staff.php', 133)
 2 SYSTEMPATH/View/View.php(224): include('/home2/glansxfz/wwh.live/test/app/Views/pages/staff.php')
 3 SYSTEMPATH/View/View.php(227): CodeIgniter\View\View->CodeIgniter\View\{closure}()
 4 SYSTEMPATH/Common.php(1180): CodeIgniter\View\View->render('pages/staff', [], true)
 5 APPPATH/Controllers/staffadmin.php(45): view('pages/staff', [...])
 6 SYSTEMPATH/CodeIgniter.php(932): App\Controllers\staffadmin->display()
 7 SYSTEMPATH/CodeIgniter.php(497): CodeIgniter\CodeIgniter->runController(Object(App\Controllers\staffadmin))
 8 SYSTEMPATH/CodeIgniter.php(366): CodeIgniter\CodeIgniter->handleRequest(null, Object(Config\Cache), false)
 9 FCPATH/index.php(67): CodeIgniter\CodeIgniter->run()
CRITICAL - 2023-07-11 09:10:30 --> Undefined array key "id"
in APPPATH/Views/pages/staff.php on line 133.
 1 APPPATH/Views/pages/staff.php(133): CodeIgniter\Debug\Exceptions->errorHandler(2, 'Undefined array key "id"', '/home2/glansxfz/wwh.live/test/app/Views/pages/staff.php', 133)
 2 SYSTEMPATH/View/View.php(224): include('/home2/glansxfz/wwh.live/test/app/Views/pages/staff.php')
 3 SYSTEMPATH/View/View.php(227): CodeIgniter\View\View->CodeIgniter\View\{closure}()
 4 SYSTEMPATH/Common.php(1180): CodeIgniter\View\View->render('pages/staff', [], true)
 5 APPPATH/Controllers/staffadmin.php(45): view('pages/staff', [...])
 6 SYSTEMPATH/CodeIgniter.php(932): App\Controllers\staffadmin->display()
 7 SYSTEMPATH/CodeIgniter.php(497): CodeIgniter\CodeIgniter->runController(Object(App\Controllers\staffadmin))
 8 SYSTEMPATH/CodeIgniter.php(366): CodeIgniter\CodeIgniter->handleRequest(null, Object(Config\Cache), false)
 9 FCPATH/index.php(67): CodeIgniter\CodeIgniter->run()
CRITICAL - 2023-07-11 10:26:58 --> Class "PhpOffice\PhpSpreadsheet\IOFactory" not found
in APPPATH/Controllers/ExcelController.php on line 28.
 1 SYSTEMPATH/CodeIgniter.php(932): App\Controllers\ExcelController->importExcelToDb()
 2 SYSTEMPATH/CodeIgniter.php(497): CodeIgniter\CodeIgniter->runController(Object(App\Controllers\ExcelController))
 3 SYSTEMPATH/CodeIgniter.php(366): CodeIgniter\CodeIgniter->handleRequest(null, Object(Config\Cache), false)
 4 FCPATH/index.php(67): CodeIgniter\CodeIgniter->run()
CRITICAL - 2023-07-11 10:28:42 --> Class "PhpOffice\PhpSpreadsheet\IOFactory" not found
in APPPATH/Controllers/ExcelController.php on line 28.
 1 SYSTEMPATH/CodeIgniter.php(932): App\Controllers\ExcelController->importExcelToDb()
 2 SYSTEMPATH/CodeIgniter.php(497): CodeIgniter\CodeIgniter->runController(Object(App\Controllers\ExcelController))
 3 SYSTEMPATH/CodeIgniter.php(366): CodeIgniter\CodeIgniter->handleRequest(null, Object(Config\Cache), false)
 4 FCPATH/index.php(67): CodeIgniter\CodeIgniter->run()
INFO - 2023-07-11 10:31:08 --> Session: Class initialized using 'CodeIgniter\Session\Handlers\FileHandler' driver.
CRITICAL - 2023-07-11 10:31:10 --> Class "PhpOffice\PhpSpreadsheet\IOFactory" not found
in APPPATH/Controllers/ExcelController.php on line 28.
 1 SYSTEMPATH/CodeIgniter.php(932): App\Controllers\ExcelController->importExcelToDb()
 2 SYSTEMPATH/CodeIgniter.php(497): CodeIgniter\CodeIgniter->runController(Object(App\Controllers\ExcelController))
 3 SYSTEMPATH/CodeIgniter.php(366): CodeIgniter\CodeIgniter->handleRequest(null, Object(Config\Cache), false)
 4 FCPATH/index.php(67): CodeIgniter\CodeIgniter->run()
CRITICAL - 2023-07-11 10:41:39 --> Class "PhpOffice\PhpSpreadsheet\IOFactory" not found
in APPPATH/Controllers/ExcelController.php on line 28.
 1 SYSTEMPATH/CodeIgniter.php(932): App\Controllers\ExcelController->importExcelToDb()
 2 SYSTEMPATH/CodeIgniter.php(497): CodeIgniter\CodeIgniter->runController(Object(App\Controllers\ExcelController))
 3 SYSTEMPATH/CodeIgniter.php(366): CodeIgniter\CodeIgniter->handleRequest(null, Object(Config\Cache), false)
 4 FCPATH/index.php(67): CodeIgniter\CodeIgniter->run()
CRITICAL - 2023-07-11 10:42:50 --> Class "vendors\PhpOffice\PhpSpreadsheet\IOFactory" not found
in APPPATH/Controllers/ExcelController.php on line 28.
 1 SYSTEMPATH/CodeIgniter.php(932): App\Controllers\ExcelController->importExcelToDb()
 2 SYSTEMPATH/CodeIgniter.php(497): CodeIgniter\CodeIgniter->runController(Object(App\Controllers\ExcelController))
 3 SYSTEMPATH/CodeIgniter.php(366): CodeIgniter\CodeIgniter->handleRequest(null, Object(Config\Cache), false)
 4 FCPATH/index.php(67): CodeIgniter\CodeIgniter->run()
CRITICAL - 2023-07-11 10:43:17 --> Class "admin_assets\vendors\PhpOffice\PhpSpreadsheet\IOFactory" not found
in APPPATH/Controllers/ExcelController.php on line 28.
 1 SYSTEMPATH/CodeIgniter.php(932): App\Controllers\ExcelController->importExcelToDb()
 2 SYSTEMPATH/CodeIgniter.php(497): CodeIgniter\CodeIgniter->runController(Object(App\Controllers\ExcelController))
 3 SYSTEMPATH/CodeIgniter.php(366): CodeIgniter\CodeIgniter->handleRequest(null, Object(Config\Cache), false)
 4 FCPATH/index.php(67): CodeIgniter\CodeIgniter->run()
CRITICAL - 2023-07-11 10:44:10 --> Class "admin_assets\vendors\PhpOffice\PhpSpreadsheet\IOFactory" not found
in APPPATH/Controllers/ExcelController.php on line 28.
 1 SYSTEMPATH/CodeIgniter.php(932): App\Controllers\ExcelController->importExcelToDb()
 2 SYSTEMPATH/CodeIgniter.php(497): CodeIgniter\CodeIgniter->runController(Object(App\Controllers\ExcelController))
 3 SYSTEMPATH/CodeIgniter.php(366): CodeIgniter\CodeIgniter->handleRequest(null, Object(Config\Cache), false)
 4 FCPATH/index.php(67): CodeIgniter\CodeIgniter->run()
CRITICAL - 2023-07-11 10:47:38 --> Class "admin_assets\vendors\PhpOffice\PhpSpreadsheet\IOFactory" not found
in APPPATH/Controllers/ExcelController.php on line 28.
 1 SYSTEMPATH/CodeIgniter.php(932): App\Controllers\ExcelController->importExcelToDb()
 2 SYSTEMPATH/CodeIgniter.php(497): CodeIgniter\CodeIgniter->runController(Object(App\Controllers\ExcelController))
 3 SYSTEMPATH/CodeIgniter.php(366): CodeIgniter\CodeIgniter->handleRequest(null, Object(Config\Cache), false)
 4 FCPATH/index.php(67): CodeIgniter\CodeIgniter->run()
CRITICAL - 2023-07-11 10:47:43 --> Class "admin_assets\vendors\PhpOffice\PhpSpreadsheet\IOFactory" not found
in APPPATH/Controllers/ExcelController.php on line 28.
 1 SYSTEMPATH/CodeIgniter.php(932): App\Controllers\ExcelController->importExcelToDb()
 2 SYSTEMPATH/CodeIgniter.php(497): CodeIgniter\CodeIgniter->runController(Object(App\Controllers\ExcelController))
 3 SYSTEMPATH/CodeIgniter.php(366): CodeIgniter\CodeIgniter->handleRequest(null, Object(Config\Cache), false)
 4 FCPATH/index.php(67): CodeIgniter\CodeIgniter->run()
INFO - 2023-07-11 10:47:45 --> Session: Class initialized using 'CodeIgniter\Session\Handlers\FileHandler' driver.
INFO - 2023-07-11 10:47:47 --> Session: Class initialized using 'CodeIgniter\Session\Handlers\FileHandler' driver.
CRITICAL - 2023-07-11 10:48:06 --> Class "admin_assets\vendors\PhpOffice\PhpSpreadsheet\IOFactory" not found
in APPPATH/Controllers/ExcelController.php on line 28.
 1 SYSTEMPATH/CodeIgniter.php(932): App\Controllers\ExcelController->importExcelToDb()
 2 SYSTEMPATH/CodeIgniter.php(497): CodeIgniter\CodeIgniter->runController(Object(App\Controllers\ExcelController))
 3 SYSTEMPATH/CodeIgniter.php(366): CodeIgniter\CodeIgniter->handleRequest(null, Object(Config\Cache), false)
 4 FCPATH/index.php(67): CodeIgniter\CodeIgniter->run()
CRITICAL - 2023-07-11 10:48:40 --> Class "admin_assets\vendors\PhpOffice\PhpSpreadsheet\IOFactory" not found
in APPPATH/Controllers/ExcelController.php on line 28.
 1 SYSTEMPATH/CodeIgniter.php(932): App\Controllers\ExcelController->importExcelToDb()
 2 SYSTEMPATH/CodeIgniter.php(497): CodeIgniter\CodeIgniter->runController(Object(App\Controllers\ExcelController))
 3 SYSTEMPATH/CodeIgniter.php(366): CodeIgniter\CodeIgniter->handleRequest(null, Object(Config\Cache), false)
 4 FCPATH/index.php(67): CodeIgniter\CodeIgniter->run()
CRITICAL - 2023-07-11 10:48:56 --> Class "admin_assets\vendors\PhpOffice\PhpSpreadsheet\IOFactory" not found
in APPPATH/Controllers/ExcelController.php on line 28.
 1 SYSTEMPATH/CodeIgniter.php(932): App\Controllers\ExcelController->importExcelToDb()
 2 SYSTEMPATH/CodeIgniter.php(497): CodeIgniter\CodeIgniter->runController(Object(App\Controllers\ExcelController))
 3 SYSTEMPATH/CodeIgniter.php(366): CodeIgniter\CodeIgniter->handleRequest(null, Object(Config\Cache), false)
 4 FCPATH/index.php(67): CodeIgniter\CodeIgniter->run()
INFO - 2023-07-11 10:49:22 --> Session: Class initialized using 'CodeIgniter\Session\Handlers\FileHandler' driver.
INFO - 2023-07-11 10:49:24 --> Session: Class initialized using 'CodeIgniter\Session\Handlers\FileHandler' driver.
CRITICAL - 2023-07-11 10:50:24 --> Class "PhpOffice\PhpSpreadsheet\IOFactory" not found
in APPPATH/Controllers/ExcelController.php on line 28.
 1 SYSTEMPATH/CodeIgniter.php(932): App\Controllers\ExcelController->importExcelToDb()
 2 SYSTEMPATH/CodeIgniter.php(497): CodeIgniter\CodeIgniter->runController(Object(App\Controllers\ExcelController))
 3 SYSTEMPATH/CodeIgniter.php(366): CodeIgniter\CodeIgniter->handleRequest(null, Object(Config\Cache), false)
 4 FCPATH/index.php(67): CodeIgniter\CodeIgniter->run()
CRITICAL - 2023-07-11 10:52:11 --> Class "public\vendor\PhpOffice\PhpSpreadsheet\IOFactory" not found
in APPPATH/Controllers/ExcelController.php on line 28.
 1 SYSTEMPATH/CodeIgniter.php(932): App\Controllers\ExcelController->importExcelToDb()
 2 SYSTEMPATH/CodeIgniter.php(497): CodeIgniter\CodeIgniter->runController(Object(App\Controllers\ExcelController))
 3 SYSTEMPATH/CodeIgniter.php(366): CodeIgniter\CodeIgniter->handleRequest(null, Object(Config\Cache), false)
 4 FCPATH/index.php(67): CodeIgniter\CodeIgniter->run()
CRITICAL - 2023-07-11 10:52:51 --> Class "Vendors\PhpOffice\PhpSpreadsheet\IOFactory" not found
in APPPATH/Controllers/ExcelController.php on line 28.
 1 SYSTEMPATH/CodeIgniter.php(932): App\Controllers\ExcelController->importExcelToDb()
 2 SYSTEMPATH/CodeIgniter.php(497): CodeIgniter\CodeIgniter->runController(Object(App\Controllers\ExcelController))
 3 SYSTEMPATH/CodeIgniter.php(366): CodeIgniter\CodeIgniter->handleRequest(null, Object(Config\Cache), false)
 4 FCPATH/index.php(67): CodeIgniter\CodeIgniter->run()
CRITICAL - 2023-07-11 10:53:07 --> Class "vendors\PhpOffice\PhpSpreadsheet\IOFactory" not found
in APPPATH/Controllers/ExcelController.php on line 28.
 1 SYSTEMPATH/CodeIgniter.php(932): App\Controllers\ExcelController->importExcelToDb()
 2 SYSTEMPATH/CodeIgniter.php(497): CodeIgniter\CodeIgniter->runController(Object(App\Controllers\ExcelController))
 3 SYSTEMPATH/CodeIgniter.php(366): CodeIgniter\CodeIgniter->handleRequest(null, Object(Config\Cache), false)
 4 FCPATH/index.php(67): CodeIgniter\CodeIgniter->run()
CRITICAL - 2023-07-11 10:53:54 --> Class "vendors\PhpOffice\PhpSpreadsheet\IOFactory" not found
in APPPATH/Controllers/ExcelController.php on line 28.
 1 SYSTEMPATH/CodeIgniter.php(932): App\Controllers\ExcelController->importExcelToDb()
 2 SYSTEMPATH/CodeIgniter.php(497): CodeIgniter\CodeIgniter->runController(Object(App\Controllers\ExcelController))
 3 SYSTEMPATH/CodeIgniter.php(366): CodeIgniter\CodeIgniter->handleRequest(null, Object(Config\Cache), false)
 4 FCPATH/index.php(67): CodeIgniter\CodeIgniter->run()
INFO - 2023-07-11 11:01:25 --> Session: Class initialized using 'CodeIgniter\Session\Handlers\FileHandler' driver.
INFO - 2023-07-11 11:01:25 --> Session: Class initialized using 'CodeIgniter\Session\Handlers\FileHandler' driver.
INFO - 2023-07-11 11:09:04 --> Session: Class initialized using 'CodeIgniter\Session\Handlers\FileHandler' driver.
INFO - 2023-07-11 12:10:59 --> Session: Class initialized using 'CodeIgniter\Session\Handlers\FileHandler' driver.
INFO - 2023-07-11 12:11:43 --> Session: Class initialized using 'CodeIgniter\Session\Handlers\FileHandler' driver.
INFO - 2023-07-11 12:12:21 --> Session: Class initialized using 'CodeIgniter\Session\Handlers\FileHandler' driver.
INFO - 2023-07-11 12:29:28 --> Session: Class initialized using 'CodeIgniter\Session\Handlers\FileHandler' driver.
INFO - 2023-07-11 12:29:30 --> Session: Class initialized using 'CodeIgniter\Session\Handlers\FileHandler' driver.
INFO - 2023-07-11 12:34:28 --> Session: Class initialized using 'CodeIgniter\Session\Handlers\FileHandler' driver.
INFO - 2023-07-11 12:41:48 --> Session: Class initialized using 'CodeIgniter\Session\Handlers\FileHandler' driver.
INFO - 2023-07-11 12:42:02 --> Session: Class initialized using 'CodeIgniter\Session\Handlers\FileHandler' driver.
INFO - 2023-07-11 12:42:23 --> Session: Class initialized using 'CodeIgniter\Session\Handlers\FileHandler' driver.
INFO - 2023-07-11 12:42:24 --> Session: Class initialized using 'CodeIgniter\Session\Handlers\FileHandler' driver.
CRITICAL - 2023-07-11 12:44:50 --> Invalid file: "layouts/login.php"
in SYSTEMPATH/Exceptions/FrameworkException.php on line 33.
 1 SYSTEMPATH/View/View.php(212): CodeIgniter\Exceptions\FrameworkException::forInvalidFile('layouts/login.php')
 2 SYSTEMPATH/Common.php(1180): CodeIgniter\View\View->render('layouts/login', [], true)
 3 APPPATH/Controllers/Home.php(11): view('layouts/login')
 4 SYSTEMPATH/CodeIgniter.php(932): App\Controllers\Home->index()
 5 SYSTEMPATH/CodeIgniter.php(497): CodeIgniter\CodeIgniter->runController(Object(App\Controllers\Home))
 6 SYSTEMPATH/CodeIgniter.php(366): CodeIgniter\CodeIgniter->handleRequest(null, Object(Config\Cache), false)
 7 FCPATH/index.php(67): CodeIgniter\CodeIgniter->run()
CRITICAL - 2023-07-11 12:45:23 --> Invalid file: "layouts/login.php"
in SYSTEMPATH/Exceptions/FrameworkException.php on line 33.
 1 SYSTEMPATH/View/View.php(212): CodeIgniter\Exceptions\FrameworkException::forInvalidFile('layouts/login.php')
 2 SYSTEMPATH/Common.php(1180): CodeIgniter\View\View->render('layouts/login', [], true)
 3 APPPATH/Controllers/Home.php(11): view('layouts/login')
 4 SYSTEMPATH/CodeIgniter.php(932): App\Controllers\Home->index()
 5 SYSTEMPATH/CodeIgniter.php(497): CodeIgniter\CodeIgniter->runController(Object(App\Controllers\Home))
 6 SYSTEMPATH/CodeIgniter.php(366): CodeIgniter\CodeIgniter->handleRequest(null, Object(Config\Cache), false)
 7 FCPATH/index.php(67): CodeIgniter\CodeIgniter->run()
INFO - 2023-07-11 12:47:06 --> Session: Class initialized using 'CodeIgniter\Session\Handlers\FileHandler' driver.
CRITICAL - 2023-07-11 13:07:51 --> Cannot access offset of type string on string
in APPPATH/Views/pages/view-master.php on line 62.
 1 SYSTEMPATH/View/View.php(224): include()
 2 SYSTEMPATH/View/View.php(227): CodeIgniter\View\View->CodeIgniter\View\{closure}()
 3 SYSTEMPATH/Common.php(1180): CodeIgniter\View\View->render('pages/view-master', [], true)
 4 APPPATH/Controllers/admin.php(177): view('pages/view-master', [...])
 5 SYSTEMPATH/CodeIgniter.php(932): App\Controllers\admin->viewmastersheet()
 6 SYSTEMPATH/CodeIgniter.php(497): CodeIgniter\CodeIgniter->runController(Object(App\Controllers\admin))
 7 SYSTEMPATH/CodeIgniter.php(366): CodeIgniter\CodeIgniter->handleRequest(null, Object(Config\Cache), false)
 8 FCPATH/index.php(67): CodeIgniter\CodeIgniter->run()
CRITICAL - 2023-07-11 13:10:29 --> Undefined variable $user
in APPPATH/Views/pages/view-master.php on line 58.
 1 APPPATH/Views/pages/view-master.php(58): CodeIgniter\Debug\Exceptions->errorHandler(2, 'Undefined variable $user', '/home2/glansxfz/wwh.live/test/app/Views/pages/view-master.php', 58)
 2 SYSTEMPATH/View/View.php(224): include('/home2/glansxfz/wwh.live/test/app/Views/pages/view-master.php')
 3 SYSTEMPATH/View/View.php(227): CodeIgniter\View\View->CodeIgniter\View\{closure}()
 4 SYSTEMPATH/Common.php(1180): CodeIgniter\View\View->render('pages/view-master', [], true)
 5 APPPATH/Controllers/admin.php(177): view('pages/view-master', [...])
 6 SYSTEMPATH/CodeIgniter.php(932): App\Controllers\admin->viewmastersheet()
 7 SYSTEMPATH/CodeIgniter.php(497): CodeIgniter\CodeIgniter->runController(Object(App\Controllers\admin))
 8 SYSTEMPATH/CodeIgniter.php(366): CodeIgniter\CodeIgniter->handleRequest(null, Object(Config\Cache), false)
 9 FCPATH/index.php(67): CodeIgniter\CodeIgniter->run()
CRITICAL - 2023-07-11 13:13:19 --> Undefined variable $user
in APPPATH/Views/pages/view-master.php on line 58.
 1 APPPATH/Views/pages/view-master.php(58): CodeIgniter\Debug\Exceptions->errorHandler(2, 'Undefined variable $user', '/home2/glansxfz/wwh.live/test/app/Views/pages/view-master.php', 58)
 2 SYSTEMPATH/View/View.php(224): include('/home2/glansxfz/wwh.live/test/app/Views/pages/view-master.php')
 3 SYSTEMPATH/View/View.php(227): CodeIgniter\View\View->CodeIgniter\View\{closure}()
 4 SYSTEMPATH/Common.php(1180): CodeIgniter\View\View->render('pages/view-master', [], true)
 5 APPPATH/Controllers/admin.php(177): view('pages/view-master', [...])
 6 SYSTEMPATH/CodeIgniter.php(932): App\Controllers\admin->viewmastersheet()
 7 SYSTEMPATH/CodeIgniter.php(497): CodeIgniter\CodeIgniter->runController(Object(App\Controllers\admin))
 8 SYSTEMPATH/CodeIgniter.php(366): CodeIgniter\CodeIgniter->handleRequest(null, Object(Config\Cache), false)
 9 FCPATH/index.php(67): CodeIgniter\CodeIgniter->run()
CRITICAL - 2023-07-11 13:16:32 --> Undefined variable $user
in APPPATH/Views/pages/view-master.php on line 58.
 1 APPPATH/Views/pages/view-master.php(58): CodeIgniter\Debug\Exceptions->errorHandler(2, 'Undefined variable $user', '/home2/glansxfz/wwh.live/test/app/Views/pages/view-master.php', 58)
 2 SYSTEMPATH/View/View.php(224): include('/home2/glansxfz/wwh.live/test/app/Views/pages/view-master.php')
 3 SYSTEMPATH/View/View.php(227): CodeIgniter\View\View->CodeIgniter\View\{closure}()
 4 SYSTEMPATH/Common.php(1180): CodeIgniter\View\View->render('pages/view-master', [], true)
 5 APPPATH/Controllers/admin.php(177): view('pages/view-master', [...])
 6 SYSTEMPATH/CodeIgniter.php(932): App\Controllers\admin->viewmastersheet()
 7 SYSTEMPATH/CodeIgniter.php(497): CodeIgniter\CodeIgniter->runController(Object(App\Controllers\admin))
 8 SYSTEMPATH/CodeIgniter.php(366): CodeIgniter\CodeIgniter->handleRequest(null, Object(Config\Cache), false)
 9 FCPATH/index.php(67): CodeIgniter\CodeIgniter->run()
CRITICAL - 2023-07-11 13:17:34 --> Undefined variable $user
in APPPATH/Views/pages/view-master.php on line 58.
 1 APPPATH/Views/pages/view-master.php(58): CodeIgniter\Debug\Exceptions->errorHandler(2, 'Undefined variable $user', '/home2/glansxfz/wwh.live/test/app/Views/pages/view-master.php', 58)
 2 SYSTEMPATH/View/View.php(224): include('/home2/glansxfz/wwh.live/test/app/Views/pages/view-master.php')
 3 SYSTEMPATH/View/View.php(227): CodeIgniter\View\View->CodeIgniter\View\{closure}()
 4 SYSTEMPATH/Common.php(1180): CodeIgniter\View\View->render('pages/view-master', [], true)
 5 APPPATH/Controllers/admin.php(177): view('pages/view-master', [...])
 6 SYSTEMPATH/CodeIgniter.php(932): App\Controllers\admin->viewmastersheet()
 7 SYSTEMPATH/CodeIgniter.php(497): CodeIgniter\CodeIgniter->runController(Object(App\Controllers\admin))
 8 SYSTEMPATH/CodeIgniter.php(366): CodeIgniter\CodeIgniter->handleRequest(null, Object(Config\Cache), false)
 9 FCPATH/index.php(67): CodeIgniter\CodeIgniter->run()
CRITICAL - 2023-07-11 13:17:37 --> Undefined variable $user
in APPPATH/Views/pages/view-master.php on line 58.
 1 APPPATH/Views/pages/view-master.php(58): CodeIgniter\Debug\Exceptions->errorHandler(2, 'Undefined variable $user', '/home2/glansxfz/wwh.live/test/app/Views/pages/view-master.php', 58)
 2 SYSTEMPATH/View/View.php(224): include('/home2/glansxfz/wwh.live/test/app/Views/pages/view-master.php')
 3 SYSTEMPATH/View/View.php(227): CodeIgniter\View\View->CodeIgniter\View\{closure}()
 4 SYSTEMPATH/Common.php(1180): CodeIgniter\View\View->render('pages/view-master', [], true)
 5 APPPATH/Controllers/admin.php(177): view('pages/view-master', [...])
 6 SYSTEMPATH/CodeIgniter.php(932): App\Controllers\admin->viewmastersheet()
 7 SYSTEMPATH/CodeIgniter.php(497): CodeIgniter\CodeIgniter->runController(Object(App\Controllers\admin))
 8 SYSTEMPATH/CodeIgniter.php(366): CodeIgniter\CodeIgniter->handleRequest(null, Object(Config\Cache), false)
 9 FCPATH/index.php(67): CodeIgniter\CodeIgniter->run()
CRITICAL - 2023-07-11 13:18:39 --> Undefined variable $user
in APPPATH/Views/pages/view-master.php on line 58.
 1 APPPATH/Views/pages/view-master.php(58): CodeIgniter\Debug\Exceptions->errorHandler(2, 'Undefined variable $user', '/home2/glansxfz/wwh.live/test/app/Views/pages/view-master.php', 58)
 2 SYSTEMPATH/View/View.php(224): include('/home2/glansxfz/wwh.live/test/app/Views/pages/view-master.php')
 3 SYSTEMPATH/View/View.php(227): CodeIgniter\View\View->CodeIgniter\View\{closure}()
 4 SYSTEMPATH/Common.php(1180): CodeIgniter\View\View->render('pages/view-master', [], true)
 5 APPPATH/Controllers/admin.php(177): view('pages/view-master', [...])
 6 SYSTEMPATH/CodeIgniter.php(932): App\Controllers\admin->viewmastersheet()
 7 SYSTEMPATH/CodeIgniter.php(497): CodeIgniter\CodeIgniter->runController(Object(App\Controllers\admin))
 8 SYSTEMPATH/CodeIgniter.php(366): CodeIgniter\CodeIgniter->handleRequest(null, Object(Config\Cache), false)
 9 FCPATH/index.php(67): CodeIgniter\CodeIgniter->run()
INFO - 2023-07-11 13:21:14 --> Session: Class initialized using 'CodeIgniter\Session\Handlers\FileHandler' driver.
CRITICAL - 2023-07-11 13:21:43 --> Undefined variable $user
in APPPATH/Views/pages/view-master.php on line 58.
 1 APPPATH/Views/pages/view-master.php(58): CodeIgniter\Debug\Exceptions->errorHandler(2, 'Undefined variable $user', '/home2/glansxfz/wwh.live/test/app/Views/pages/view-master.php', 58)
 2 SYSTEMPATH/View/View.php(224): include('/home2/glansxfz/wwh.live/test/app/Views/pages/view-master.php')
 3 SYSTEMPATH/View/View.php(227): CodeIgniter\View\View->CodeIgniter\View\{closure}()
 4 SYSTEMPATH/Common.php(1180): CodeIgniter\View\View->render('pages/view-master', [], true)
 5 APPPATH/Controllers/admin.php(177): view('pages/view-master', [...])
 6 SYSTEMPATH/CodeIgniter.php(932): App\Controllers\admin->viewmastersheet()
 7 SYSTEMPATH/CodeIgniter.php(497): CodeIgniter\CodeIgniter->runController(Object(App\Controllers\admin))
 8 SYSTEMPATH/CodeIgniter.php(366): CodeIgniter\CodeIgniter->handleRequest(null, Object(Config\Cache), false)
 9 FCPATH/index.php(67): CodeIgniter\CodeIgniter->run()
INFO - 2023-07-11 13:21:49 --> Session: Class initialized using 'CodeIgniter\Session\Handlers\FileHandler' driver.
INFO - 2023-07-11 13:22:10 --> Session: Class initialized using 'CodeIgniter\Session\Handlers\FileHandler' driver.
INFO - 2023-07-11 13:23:50 --> Session: Class initialized using 'CodeIgniter\Session\Handlers\FileHandler' driver.
