CRITICAL - 2024-02-05 17:48:03 --> Undefined array key 7
in APPPATH/Controllers/ExcelController.php on line 100.
 1 APPPATH/Controllers/ExcelController.php(100): CodeIgniter\Debug\Exceptions->errorHandler(2, 'Undefined array key 7', '/home2/glansxfz/wwh.live/test/app/Controllers/ExcelController.php', 100)
 2 SYSTEMPATH/CodeIgniter.php(932): App\Controllers\ExcelController->importExcelToDb()
 3 SYSTEMPATH/CodeIgniter.php(497): CodeIgniter\CodeIgniter->runController(Object(App\Controllers\ExcelController))
 4 SYSTEMPATH/CodeIgniter.php(366): CodeIgniter\CodeIgniter->handleRequest(null, Object(Config\Cache), false)
 5 FCPATH/index.php(67): CodeIgniter\CodeIgniter->run()
CRITICAL - 2024-02-05 17:54:20 --> syntax error, unexpected token "public", expecting end of file
in APPPATH/Controllers/ExcelController.php on line 245.
 1 SYSTEMPATH/Autoloader/Autoloader.php(289): CodeIgniter\Autoloader\Autoloader->includeFile('/home2/glansxfz/wwh.live/test/app/Controllers/ExcelController.php')
 2 SYSTEMPATH/Autoloader/Autoloader.php(267): CodeIgniter\Autoloader\Autoloader->loadInNamespace('App\\Controllers\\ExcelController')
 3 [internal function]: CodeIgniter\Autoloader\Autoloader->loadClass('App\\Controllers\\ExcelController')
 4 SYSTEMPATH/CodeIgniter.php(890): class_exists('\\App\\Controllers\\ExcelController', true)
 5 SYSTEMPATH/CodeIgniter.php(484): CodeIgniter\CodeIgniter->startController()
 6 SYSTEMPATH/CodeIgniter.php(366): CodeIgniter\CodeIgniter->handleRequest(null, Object(Config\Cache), false)
 7 FCPATH/index.php(67): CodeIgniter\CodeIgniter->run()
CRITICAL - 2024-02-05 18:00:21 --> Call to undefined method PhpOffice\PhpSpreadsheet\Worksheet\RowCellIterator::extract()
in APPPATH/Controllers/ExcelController.php on line 74.
 1 SYSTEMPATH/CodeIgniter.php(932): App\Controllers\ExcelController->importExcelToDb()
 2 SYSTEMPATH/CodeIgniter.php(497): CodeIgniter\CodeIgniter->runController(Object(App\Controllers\ExcelController))
 3 SYSTEMPATH/CodeIgniter.php(366): CodeIgniter\CodeIgniter->handleRequest(null, Object(Config\Cache), false)
 4 FCPATH/index.php(67): CodeIgniter\CodeIgniter->run()
WARNING - 2024-02-05 18:01:08 --> [DEPRECATED] Creation of dynamic property App\Controllers\admin::$model is deprecated in APPPATH/Controllers/admin.php on line 19.
 1 SYSTEMPATH/CodeIgniter.php(904): App\Controllers\admin->__construct()
 2 SYSTEMPATH/CodeIgniter.php(488): CodeIgniter\CodeIgniter->createController()
 3 SYSTEMPATH/CodeIgniter.php(366): CodeIgniter\CodeIgniter->handleRequest(null, Object(Config\Cache), false)
 4 FCPATH/index.php(67): CodeIgniter\CodeIgniter->run()
INFO - 2024-02-05 18:01:08 --> Session: Class initialized using 'CodeIgniter\Session\Handlers\FileHandler' driver.
WARNING - 2024-02-05 18:01:08 --> [DEPRECATED] Creation of dynamic property App\Controllers\admin::$session is deprecated in APPPATH/Controllers/BaseController.php on line 57.
 1 SYSTEMPATH/CodeIgniter.php(905): App\Controllers\BaseController->initController(Object(CodeIgniter\HTTP\IncomingRequest), Object(CodeIgniter\HTTP\Response), Object(CodeIgniter\Log\Logger))
 2 SYSTEMPATH/CodeIgniter.php(488): CodeIgniter\CodeIgniter->createController()
 3 SYSTEMPATH/CodeIgniter.php(366): CodeIgniter\CodeIgniter->handleRequest(null, Object(Config\Cache), false)
 4 FCPATH/index.php(67): CodeIgniter\CodeIgniter->run()
WARNING - 2024-02-05 18:01:21 --> [DEPRECATED] Creation of dynamic property App\Controllers\ExcelController::$model is deprecated in APPPATH/Controllers/ExcelController.php on line 23.
 1 SYSTEMPATH/CodeIgniter.php(904): App\Controllers\ExcelController->__construct()
 2 SYSTEMPATH/CodeIgniter.php(488): CodeIgniter\CodeIgniter->createController()
 3 SYSTEMPATH/CodeIgniter.php(366): CodeIgniter\CodeIgniter->handleRequest(null, Object(Config\Cache), false)
 4 FCPATH/index.php(67): CodeIgniter\CodeIgniter->run()
WARNING - 2024-02-05 18:01:21 --> [DEPRECATED] Creation of dynamic property App\Controllers\ExcelController::$usermodel is deprecated in APPPATH/Controllers/ExcelController.php on line 24.
 1 SYSTEMPATH/CodeIgniter.php(904): App\Controllers\ExcelController->__construct()
 2 SYSTEMPATH/CodeIgniter.php(488): CodeIgniter\CodeIgniter->createController()
 3 SYSTEMPATH/CodeIgniter.php(366): CodeIgniter\CodeIgniter->handleRequest(null, Object(Config\Cache), false)
 4 FCPATH/index.php(67): CodeIgniter\CodeIgniter->run()
CRITICAL - 2024-02-05 18:01:22 --> Call to undefined method PhpOffice\PhpSpreadsheet\Worksheet\RowCellIterator::extract()
in APPPATH/Controllers/ExcelController.php on line 74.
 1 SYSTEMPATH/CodeIgniter.php(932): App\Controllers\ExcelController->importExcelToDb()
 2 SYSTEMPATH/CodeIgniter.php(497): CodeIgniter\CodeIgniter->runController(Object(App\Controllers\ExcelController))
 3 SYSTEMPATH/CodeIgniter.php(366): CodeIgniter\CodeIgniter->handleRequest(null, Object(Config\Cache), false)
 4 FCPATH/index.php(67): CodeIgniter\CodeIgniter->run()
WARNING - 2024-02-05 18:03:48 --> [DEPRECATED] Creation of dynamic property App\Controllers\ExcelController::$model is deprecated in APPPATH/Controllers/ExcelController.php on line 23.
 1 SYSTEMPATH/CodeIgniter.php(904): App\Controllers\ExcelController->__construct()
 2 SYSTEMPATH/CodeIgniter.php(488): CodeIgniter\CodeIgniter->createController()
 3 SYSTEMPATH/CodeIgniter.php(366): CodeIgniter\CodeIgniter->handleRequest(null, Object(Config\Cache), false)
 4 FCPATH/index.php(67): CodeIgniter\CodeIgniter->run()
WARNING - 2024-02-05 18:03:48 --> [DEPRECATED] Creation of dynamic property App\Controllers\ExcelController::$usermodel is deprecated in APPPATH/Controllers/ExcelController.php on line 24.
 1 SYSTEMPATH/CodeIgniter.php(904): App\Controllers\ExcelController->__construct()
 2 SYSTEMPATH/CodeIgniter.php(488): CodeIgniter\CodeIgniter->createController()
 3 SYSTEMPATH/CodeIgniter.php(366): CodeIgniter\CodeIgniter->handleRequest(null, Object(Config\Cache), false)
 4 FCPATH/index.php(67): CodeIgniter\CodeIgniter->run()
WARNING - 2024-02-05 18:03:48 --> [DEPRECATED] Creation of dynamic property App\Controllers\admin::$model is deprecated in APPPATH/Controllers/admin.php on line 19.
 1 SYSTEMPATH/CodeIgniter.php(904): App\Controllers\admin->__construct()
 2 SYSTEMPATH/CodeIgniter.php(488): CodeIgniter\CodeIgniter->createController()
 3 SYSTEMPATH/CodeIgniter.php(366): CodeIgniter\CodeIgniter->handleRequest(null, Object(Config\Cache), false)
 4 FCPATH/index.php(67): CodeIgniter\CodeIgniter->run()
INFO - 2024-02-05 18:03:48 --> Session: Class initialized using 'CodeIgniter\Session\Handlers\FileHandler' driver.
WARNING - 2024-02-05 18:03:48 --> [DEPRECATED] Creation of dynamic property App\Controllers\admin::$session is deprecated in APPPATH/Controllers/BaseController.php on line 57.
 1 SYSTEMPATH/CodeIgniter.php(905): App\Controllers\BaseController->initController(Object(CodeIgniter\HTTP\IncomingRequest), Object(CodeIgniter\HTTP\Response), Object(CodeIgniter\Log\Logger))
 2 SYSTEMPATH/CodeIgniter.php(488): CodeIgniter\CodeIgniter->createController()
 3 SYSTEMPATH/CodeIgniter.php(366): CodeIgniter\CodeIgniter->handleRequest(null, Object(Config\Cache), false)
 4 FCPATH/index.php(67): CodeIgniter\CodeIgniter->run()
WARNING - 2024-02-05 18:04:04 --> [DEPRECATED] Creation of dynamic property App\Controllers\ExcelController::$model is deprecated in APPPATH/Controllers/ExcelController.php on line 23.
 1 SYSTEMPATH/CodeIgniter.php(904): App\Controllers\ExcelController->__construct()
 2 SYSTEMPATH/CodeIgniter.php(488): CodeIgniter\CodeIgniter->createController()
 3 SYSTEMPATH/CodeIgniter.php(366): CodeIgniter\CodeIgniter->handleRequest(null, Object(Config\Cache), false)
 4 FCPATH/index.php(67): CodeIgniter\CodeIgniter->run()
WARNING - 2024-02-05 18:04:04 --> [DEPRECATED] Creation of dynamic property App\Controllers\ExcelController::$usermodel is deprecated in APPPATH/Controllers/ExcelController.php on line 24.
 1 SYSTEMPATH/CodeIgniter.php(904): App\Controllers\ExcelController->__construct()
 2 SYSTEMPATH/CodeIgniter.php(488): CodeIgniter\CodeIgniter->createController()
 3 SYSTEMPATH/CodeIgniter.php(366): CodeIgniter\CodeIgniter->handleRequest(null, Object(Config\Cache), false)
 4 FCPATH/index.php(67): CodeIgniter\CodeIgniter->run()
WARNING - 2024-02-05 18:04:04 --> [DEPRECATED] Creation of dynamic property App\Controllers\admin::$model is deprecated in APPPATH/Controllers/admin.php on line 19.
 1 SYSTEMPATH/CodeIgniter.php(904): App\Controllers\admin->__construct()
 2 SYSTEMPATH/CodeIgniter.php(488): CodeIgniter\CodeIgniter->createController()
 3 SYSTEMPATH/CodeIgniter.php(366): CodeIgniter\CodeIgniter->handleRequest(null, Object(Config\Cache), false)
 4 FCPATH/index.php(67): CodeIgniter\CodeIgniter->run()
INFO - 2024-02-05 18:04:04 --> Session: Class initialized using 'CodeIgniter\Session\Handlers\FileHandler' driver.
WARNING - 2024-02-05 18:04:04 --> [DEPRECATED] Creation of dynamic property App\Controllers\admin::$session is deprecated in APPPATH/Controllers/BaseController.php on line 57.
 1 SYSTEMPATH/CodeIgniter.php(905): App\Controllers\BaseController->initController(Object(CodeIgniter\HTTP\IncomingRequest), Object(CodeIgniter\HTTP\Response), Object(CodeIgniter\Log\Logger))
 2 SYSTEMPATH/CodeIgniter.php(488): CodeIgniter\CodeIgniter->createController()
 3 SYSTEMPATH/CodeIgniter.php(366): CodeIgniter\CodeIgniter->handleRequest(null, Object(Config\Cache), false)
 4 FCPATH/index.php(67): CodeIgniter\CodeIgniter->run()
WARNING - 2024-02-05 18:04:36 --> [DEPRECATED] Creation of dynamic property App\Controllers\ExcelController::$model is deprecated in APPPATH/Controllers/ExcelController.php on line 23.
 1 SYSTEMPATH/CodeIgniter.php(904): App\Controllers\ExcelController->__construct()
 2 SYSTEMPATH/CodeIgniter.php(488): CodeIgniter\CodeIgniter->createController()
 3 SYSTEMPATH/CodeIgniter.php(366): CodeIgniter\CodeIgniter->handleRequest(null, Object(Config\Cache), false)
 4 FCPATH/index.php(67): CodeIgniter\CodeIgniter->run()
WARNING - 2024-02-05 18:04:36 --> [DEPRECATED] Creation of dynamic property App\Controllers\ExcelController::$usermodel is deprecated in APPPATH/Controllers/ExcelController.php on line 24.
 1 SYSTEMPATH/CodeIgniter.php(904): App\Controllers\ExcelController->__construct()
 2 SYSTEMPATH/CodeIgniter.php(488): CodeIgniter\CodeIgniter->createController()
 3 SYSTEMPATH/CodeIgniter.php(366): CodeIgniter\CodeIgniter->handleRequest(null, Object(Config\Cache), false)
 4 FCPATH/index.php(67): CodeIgniter\CodeIgniter->run()
WARNING - 2024-02-05 18:04:37 --> [DEPRECATED] Creation of dynamic property App\Controllers\admin::$model is deprecated in APPPATH/Controllers/admin.php on line 19.
 1 SYSTEMPATH/CodeIgniter.php(904): App\Controllers\admin->__construct()
 2 SYSTEMPATH/CodeIgniter.php(488): CodeIgniter\CodeIgniter->createController()
 3 SYSTEMPATH/CodeIgniter.php(366): CodeIgniter\CodeIgniter->handleRequest(null, Object(Config\Cache), false)
 4 FCPATH/index.php(67): CodeIgniter\CodeIgniter->run()
INFO - 2024-02-05 18:04:37 --> Session: Class initialized using 'CodeIgniter\Session\Handlers\FileHandler' driver.
WARNING - 2024-02-05 18:04:37 --> [DEPRECATED] Creation of dynamic property App\Controllers\admin::$session is deprecated in APPPATH/Controllers/BaseController.php on line 57.
 1 SYSTEMPATH/CodeIgniter.php(905): App\Controllers\BaseController->initController(Object(CodeIgniter\HTTP\IncomingRequest), Object(CodeIgniter\HTTP\Response), Object(CodeIgniter\Log\Logger))
 2 SYSTEMPATH/CodeIgniter.php(488): CodeIgniter\CodeIgniter->createController()
 3 SYSTEMPATH/CodeIgniter.php(366): CodeIgniter\CodeIgniter->handleRequest(null, Object(Config\Cache), false)
 4 FCPATH/index.php(67): CodeIgniter\CodeIgniter->run()
WARNING - 2024-02-05 18:12:10 --> [DEPRECATED] Creation of dynamic property App\Controllers\admin::$model is deprecated in APPPATH/Controllers/admin.php on line 19.
 1 SYSTEMPATH/CodeIgniter.php(904): App\Controllers\admin->__construct()
 2 SYSTEMPATH/CodeIgniter.php(488): CodeIgniter\CodeIgniter->createController()
 3 SYSTEMPATH/CodeIgniter.php(366): CodeIgniter\CodeIgniter->handleRequest(null, Object(Config\Cache), false)
 4 FCPATH/index.php(67): CodeIgniter\CodeIgniter->run()
INFO - 2024-02-05 18:12:10 --> Session: Class initialized using 'CodeIgniter\Session\Handlers\FileHandler' driver.
WARNING - 2024-02-05 18:12:10 --> [DEPRECATED] Creation of dynamic property App\Controllers\admin::$session is deprecated in APPPATH/Controllers/BaseController.php on line 57.
 1 SYSTEMPATH/CodeIgniter.php(905): App\Controllers\BaseController->initController(Object(CodeIgniter\HTTP\IncomingRequest), Object(CodeIgniter\HTTP\Response), Object(CodeIgniter\Log\Logger))
 2 SYSTEMPATH/CodeIgniter.php(488): CodeIgniter\CodeIgniter->createController()
 3 SYSTEMPATH/CodeIgniter.php(366): CodeIgniter\CodeIgniter->handleRequest(null, Object(Config\Cache), false)
 4 FCPATH/index.php(67): CodeIgniter\CodeIgniter->run()
WARNING - 2024-02-05 18:12:23 --> [DEPRECATED] Creation of dynamic property App\Controllers\ExcelController::$model is deprecated in APPPATH/Controllers/ExcelController.php on line 23.
 1 SYSTEMPATH/CodeIgniter.php(904): App\Controllers\ExcelController->__construct()
 2 SYSTEMPATH/CodeIgniter.php(488): CodeIgniter\CodeIgniter->createController()
 3 SYSTEMPATH/CodeIgniter.php(366): CodeIgniter\CodeIgniter->handleRequest(null, Object(Config\Cache), false)
 4 FCPATH/index.php(67): CodeIgniter\CodeIgniter->run()
WARNING - 2024-02-05 18:12:23 --> [DEPRECATED] Creation of dynamic property App\Controllers\ExcelController::$usermodel is deprecated in APPPATH/Controllers/ExcelController.php on line 24.
 1 SYSTEMPATH/CodeIgniter.php(904): App\Controllers\ExcelController->__construct()
 2 SYSTEMPATH/CodeIgniter.php(488): CodeIgniter\CodeIgniter->createController()
 3 SYSTEMPATH/CodeIgniter.php(366): CodeIgniter\CodeIgniter->handleRequest(null, Object(Config\Cache), false)
 4 FCPATH/index.php(67): CodeIgniter\CodeIgniter->run()
WARNING - 2024-02-05 18:12:36 --> [DEPRECATED] Creation of dynamic property App\Controllers\admin::$model is deprecated in APPPATH/Controllers/admin.php on line 19.
 1 SYSTEMPATH/CodeIgniter.php(904): App\Controllers\admin->__construct()
 2 SYSTEMPATH/CodeIgniter.php(488): CodeIgniter\CodeIgniter->createController()
 3 SYSTEMPATH/CodeIgniter.php(366): CodeIgniter\CodeIgniter->handleRequest(null, Object(Config\Cache), false)
 4 FCPATH/index.php(67): CodeIgniter\CodeIgniter->run()
INFO - 2024-02-05 18:12:36 --> Session: Class initialized using 'CodeIgniter\Session\Handlers\FileHandler' driver.
WARNING - 2024-02-05 18:12:36 --> [DEPRECATED] Creation of dynamic property App\Controllers\admin::$session is deprecated in APPPATH/Controllers/BaseController.php on line 57.
 1 SYSTEMPATH/CodeIgniter.php(905): App\Controllers\BaseController->initController(Object(CodeIgniter\HTTP\IncomingRequest), Object(CodeIgniter\HTTP\Response), Object(CodeIgniter\Log\Logger))
 2 SYSTEMPATH/CodeIgniter.php(488): CodeIgniter\CodeIgniter->createController()
 3 SYSTEMPATH/CodeIgniter.php(366): CodeIgniter\CodeIgniter->handleRequest(null, Object(Config\Cache), false)
 4 FCPATH/index.php(67): CodeIgniter\CodeIgniter->run()
WARNING - 2024-02-05 18:13:01 --> [DEPRECATED] Creation of dynamic property App\Controllers\admin::$model is deprecated in APPPATH/Controllers/admin.php on line 19.
 1 SYSTEMPATH/CodeIgniter.php(904): App\Controllers\admin->__construct()
 2 SYSTEMPATH/CodeIgniter.php(488): CodeIgniter\CodeIgniter->createController()
 3 SYSTEMPATH/CodeIgniter.php(366): CodeIgniter\CodeIgniter->handleRequest(null, Object(Config\Cache), false)
 4 FCPATH/index.php(67): CodeIgniter\CodeIgniter->run()
INFO - 2024-02-05 18:13:01 --> Session: Class initialized using 'CodeIgniter\Session\Handlers\FileHandler' driver.
WARNING - 2024-02-05 18:13:01 --> [DEPRECATED] Creation of dynamic property App\Controllers\admin::$session is deprecated in APPPATH/Controllers/BaseController.php on line 57.
 1 SYSTEMPATH/CodeIgniter.php(905): App\Controllers\BaseController->initController(Object(CodeIgniter\HTTP\IncomingRequest), Object(CodeIgniter\HTTP\Response), Object(CodeIgniter\Log\Logger))
 2 SYSTEMPATH/CodeIgniter.php(488): CodeIgniter\CodeIgniter->createController()
 3 SYSTEMPATH/CodeIgniter.php(366): CodeIgniter\CodeIgniter->handleRequest(null, Object(Config\Cache), false)
 4 FCPATH/index.php(67): CodeIgniter\CodeIgniter->run()
WARNING - 2024-02-05 18:13:27 --> [DEPRECATED] Creation of dynamic property App\Controllers\ExcelController::$model is deprecated in APPPATH/Controllers/ExcelController.php on line 23.
 1 SYSTEMPATH/CodeIgniter.php(904): App\Controllers\ExcelController->__construct()
 2 SYSTEMPATH/CodeIgniter.php(488): CodeIgniter\CodeIgniter->createController()
 3 SYSTEMPATH/CodeIgniter.php(366): CodeIgniter\CodeIgniter->handleRequest(null, Object(Config\Cache), false)
 4 FCPATH/index.php(67): CodeIgniter\CodeIgniter->run()
WARNING - 2024-02-05 18:13:27 --> [DEPRECATED] Creation of dynamic property App\Controllers\ExcelController::$usermodel is deprecated in APPPATH/Controllers/ExcelController.php on line 24.
 1 SYSTEMPATH/CodeIgniter.php(904): App\Controllers\ExcelController->__construct()
 2 SYSTEMPATH/CodeIgniter.php(488): CodeIgniter\CodeIgniter->createController()
 3 SYSTEMPATH/CodeIgniter.php(366): CodeIgniter\CodeIgniter->handleRequest(null, Object(Config\Cache), false)
 4 FCPATH/index.php(67): CodeIgniter\CodeIgniter->run()
CRITICAL - 2024-02-05 18:13:27 --> Undefined array key 9
in APPPATH/Controllers/ExcelController.php on line 102.
 1 APPPATH/Controllers/ExcelController.php(102): CodeIgniter\Debug\Exceptions->errorHandler(2, 'Undefined array key 9', '/home2/glansxfz/wwh.live/test/app/Controllers/ExcelController.php', 102)
 2 SYSTEMPATH/CodeIgniter.php(932): App\Controllers\ExcelController->importExcelToDb()
 3 SYSTEMPATH/CodeIgniter.php(497): CodeIgniter\CodeIgniter->runController(Object(App\Controllers\ExcelController))
 4 SYSTEMPATH/CodeIgniter.php(366): CodeIgniter\CodeIgniter->handleRequest(null, Object(Config\Cache), false)
 5 FCPATH/index.php(67): CodeIgniter\CodeIgniter->run()
CRITICAL - 2024-02-05 18:21:50 --> Undefined array key 9
in APPPATH/Controllers/ExcelController.php on line 102.
 1 APPPATH/Controllers/ExcelController.php(102): CodeIgniter\Debug\Exceptions->errorHandler(2, 'Undefined array key 9', '/home2/glansxfz/wwh.live/test/app/Controllers/ExcelController.php', 102)
 2 SYSTEMPATH/CodeIgniter.php(932): App\Controllers\ExcelController->importExcelToDb()
 3 SYSTEMPATH/CodeIgniter.php(497): CodeIgniter\CodeIgniter->runController(Object(App\Controllers\ExcelController))
 4 SYSTEMPATH/CodeIgniter.php(366): CodeIgniter\CodeIgniter->handleRequest(null, Object(Config\Cache), false)
 5 FCPATH/index.php(67): CodeIgniter\CodeIgniter->run()
