ERROR - 2024-04-18 10:37:01 --> Database query error: SELECT *
FROM `agent_master`
WHERE `email` = 'r'
ERROR - 2024-04-18 10:37:01 --> Database query error: SELECT *
FROM `agent_master`
WHERE `email` = 'renuka.glan'
ERROR - 2024-04-18 10:37:01 --> Database query error: SELECT *
FROM `agent_master`
WHERE `email` = 're'
ERROR - 2024-04-18 10:37:01 --> Database query error: SELECT *
FROM `agent_master`
WHERE `email` = 'ren'
ERROR - 2024-04-18 10:37:01 --> Database query error: SELECT *
FROM `agent_master`
WHERE `email` = 'renuka.glansa@gmai'
ERROR - 2024-04-18 10:37:01 --> Database query error: SELECT *
FROM `agent_master`
WHERE `email` = 'renuka.gla'
ERROR - 2024-04-18 10:37:01 --> Database query error: SELECT *
FROM `agent_master`
WHERE `email` = 'renuka.glansa@g'
ERROR - 2024-04-18 10:37:01 --> Database query error: SELECT *
FROM `agent_master`
WHERE `email` = 'renuka.glansa@gmail.c'
ERROR - 2024-04-18 10:37:01 --> Database query error: SELECT *
FROM `agent_master`
WHERE `email` = 'renuka.glansa@gma'
ERROR - 2024-04-18 10:37:01 --> Database query error: SELECT *
FROM `agent_master`
WHERE `email` = 'renuka.g'
ERROR - 2024-04-18 10:37:01 --> Database query error: SELECT *
FROM `agent_master`
WHERE `email` = 'renuka.glansa@gmail'
ERROR - 2024-04-18 10:37:01 --> Database query error: SELECT *
FROM `agent_master`
WHERE `email` = 'renuka.glansa@gmail.'
ERROR - 2024-04-18 10:37:01 --> Database query error: SELECT *
FROM `agent_master`
WHERE `email` = 'renuka'
ERROR - 2024-04-18 10:37:01 --> Database query error: SELECT *
FROM `agent_master`
WHERE `email` = 'renuka.'
ERROR - 2024-04-18 10:37:01 --> Database query error: SELECT *
FROM `agent_master`
WHERE `email` = 'renuka.gl'
ERROR - 2024-04-18 10:37:01 --> Database query error: SELECT *
FROM `agent_master`
WHERE `email` = 'renuka.glansa@gmail.co'
ERROR - 2024-04-18 10:37:02 --> Database query error: SELECT *
FROM `agent_master`
WHERE `email` = 'renuk'
ERROR - 2024-04-18 10:37:02 --> Database query error: SELECT *
FROM `agent_master`
WHERE `email` = 'renuka.glans'
ERROR - 2024-04-18 10:37:02 --> Database query error: SELECT *
FROM `agent_master`
WHERE `email` = 'renuka.glansa'
ERROR - 2024-04-18 10:37:02 --> Database query error: SELECT *
FROM `agent_master`
WHERE `email` = 'renuka.glansa@'
ERROR - 2024-04-18 10:37:02 --> Database query error: SELECT *
FROM `agent_master`
WHERE `email` = 'renuka.glansa@gm'
ERROR - 2024-04-18 10:37:02 --> Database query error: SELECT *
FROM `agent_master`
WHERE `email` = 'renu'
ERROR - 2024-04-18 10:37:11 --> Database query error: SELECT *
FROM `agent_master`
WHERE `email` = 'age'
ERROR - 2024-04-18 10:37:11 --> Database query error: SELECT *
FROM `agent_master`
WHERE `email` = 'agentmail'
ERROR - 2024-04-18 10:37:11 --> Database query error: SELECT *
FROM `agent_master`
WHERE `email` = 'agentma'
ERROR - 2024-04-18 10:37:11 --> Database query error: SELECT *
FROM `agent_master`
WHERE `email` = 'ag'
ERROR - 2024-04-18 10:37:11 --> Database query error: SELECT *
FROM `agent_master`
WHERE `email` = 'agentm'
ERROR - 2024-04-18 10:37:11 --> Database query error: SELECT *
FROM `agent_master`
WHERE `email` = 'agent'
ERROR - 2024-04-18 10:37:11 --> Database query error: SELECT *
FROM `agent_master`
WHERE `email` = 'agen'
ERROR - 2024-04-18 10:37:11 --> Database query error: SELECT *
FROM `agent_master`
WHERE `email` = 'a'
ERROR - 2024-04-18 10:37:11 --> Database query error: SELECT *
FROM `agent_master`
WHERE `email` = 'agentmai'
ERROR - 2024-04-18 10:37:19 --> Database query error: SELECT *
FROM `agent_master`
WHERE `email` = 'ag'
ERROR - 2024-04-18 10:37:19 --> Database query error: SELECT *
FROM `agent_master`
WHERE `email` = 'age'
ERROR - 2024-04-18 10:37:20 --> Database query error: SELECT *
FROM `agent_master`
WHERE `email` = 'agen'
ERROR - 2024-04-18 10:37:20 --> Database query error: SELECT *
FROM `agent_master`
WHERE `email` = 'a'
ERROR - 2024-04-18 10:37:20 --> Database query error: SELECT *
FROM `agent_master`
WHERE `email` = 'agentma'
ERROR - 2024-04-18 10:37:20 --> Database query error: SELECT *
FROM `agent_master`
WHERE `email` = 'agentmai'
ERROR - 2024-04-18 10:37:20 --> Database query error: SELECT *
FROM `agent_master`
WHERE `email` = 'agent'
ERROR - 2024-04-18 10:37:20 --> Database query error: SELECT *
FROM `agent_master`
WHERE `email` = 'agentmail'
ERROR - 2024-04-18 10:37:20 --> Database query error: SELECT *
FROM `agent_master`
WHERE `email` = 'agentm'
ERROR - 2024-04-18 10:37:36 --> Database query error: SELECT *
FROM `agent_master`
WHERE `email` = 'renuka.'
ERROR - 2024-04-18 10:37:36 --> Database query error: SELECT *
FROM `agent_master`
WHERE `email` = 'r'
ERROR - 2024-04-18 10:37:36 --> Database query error: SELECT *
FROM `agent_master`
WHERE `email` = 'ren'
ERROR - 2024-04-18 10:37:36 --> Database query error: SELECT *
FROM `agent_master`
WHERE `email` = 'renuka.glansa@gmail'
ERROR - 2024-04-18 10:37:36 --> Database query error: SELECT *
FROM `agent_master`
WHERE `email` = 'renuka.glansa@gmail.co'
ERROR - 2024-04-18 10:37:36 --> Database query error: SELECT *
FROM `agent_master`
WHERE `email` = 'renuk'
ERROR - 2024-04-18 10:37:36 --> Database query error: SELECT *
FROM `agent_master`
WHERE `email` = 'renuka'
ERROR - 2024-04-18 10:37:36 --> Database query error: SELECT *
FROM `agent_master`
WHERE `email` = 'renuka.glansa@gm'
ERROR - 2024-04-18 10:37:36 --> Database query error: SELECT *
FROM `agent_master`
WHERE `email` = 'renu'
ERROR - 2024-04-18 10:37:36 --> Database query error: SELECT *
FROM `agent_master`
WHERE `email` = 'renuka.glansa@'
ERROR - 2024-04-18 10:37:36 --> Database query error: SELECT *
FROM `agent_master`
WHERE `email` = 'renuka.glansa@g'
ERROR - 2024-04-18 10:37:36 --> Database query error: SELECT *
FROM `agent_master`
WHERE `email` = 'renuka.glansa@gma'
ERROR - 2024-04-18 10:37:36 --> Database query error: SELECT *
FROM `agent_master`
WHERE `email` = 'renuka.glansa@gmail.'
ERROR - 2024-04-18 10:37:36 --> Database query error: SELECT *
FROM `agent_master`
WHERE `email` = 'renuka.glans'
ERROR - 2024-04-18 10:37:37 --> Database query error: SELECT *
FROM `agent_master`
WHERE `email` = 'renuka.glan'
ERROR - 2024-04-18 10:37:37 --> Database query error: SELECT *
FROM `agent_master`
WHERE `email` = 'renuka.glansa@gmai'
ERROR - 2024-04-18 10:37:37 --> Database query error: SELECT *
FROM `agent_master`
WHERE `email` = 'renuka.glansa@gmail.c'
ERROR - 2024-04-18 10:37:37 --> Database query error: SELECT *
FROM `agent_master`
WHERE `email` = 'renuka.gla'
ERROR - 2024-04-18 10:37:37 --> Database query error: SELECT *
FROM `agent_master`
WHERE `email` = 're'
ERROR - 2024-04-18 10:37:37 --> Database query error: SELECT *
FROM `agent_master`
WHERE `email` = 'renuka.g'
ERROR - 2024-04-18 10:37:37 --> Database query error: SELECT *
FROM `agent_master`
WHERE `email` = 'renuka.gl'
ERROR - 2024-04-18 10:37:37 --> Database query error: SELECT *
FROM `agent_master`
WHERE `email` = 'renuka.glansa'
ERROR - 2024-04-18 10:37:42 --> Database query error: SELECT *
FROM `agent_master`
WHERE `email` = 'renu'
ERROR - 2024-04-18 10:37:42 --> Database query error: SELECT *
FROM `agent_master`
WHERE `email` = 'renuka'
ERROR - 2024-04-18 10:37:42 --> Database query error: SELECT *
FROM `agent_master`
WHERE `email` = 're'
ERROR - 2024-04-18 10:37:42 --> Database query error: SELECT *
FROM `agent_master`
WHERE `email` = 'ren'
ERROR - 2024-04-18 10:37:42 --> Database query error: SELECT *
FROM `agent_master`
WHERE `email` = 'renuka.'
ERROR - 2024-04-18 10:37:42 --> Database query error: SELECT *
FROM `agent_master`
WHERE `email` = 'r'
ERROR - 2024-04-18 10:37:42 --> Database query error: SELECT *
FROM `agent_master`
WHERE `email` = 'renuka.g'
ERROR - 2024-04-18 10:37:42 --> Database query error: SELECT *
FROM `agent_master`
WHERE `email` = 'renuka.glansa@gmai'
ERROR - 2024-04-18 10:37:42 --> Database query error: SELECT *
FROM `agent_master`
WHERE `email` = 'renuka.glansa@gm'
ERROR - 2024-04-18 10:37:42 --> Database query error: SELECT *
FROM `agent_master`
WHERE `email` = 'renuka.glansa@gmail.co'
ERROR - 2024-04-18 10:37:42 --> Database query error: SELECT *
FROM `agent_master`
WHERE `email` = 'renuka.glansa@'
ERROR - 2024-04-18 10:37:42 --> Database query error: SELECT *
FROM `agent_master`
WHERE `email` = 'renuka.glansa@gma'
ERROR - 2024-04-18 10:37:42 --> Database query error: SELECT *
FROM `agent_master`
WHERE `email` = 'renuka.glansa@gmail.c'
ERROR - 2024-04-18 10:37:43 --> Database query error: SELECT *
FROM `agent_master`
WHERE `email` = 'renuka.glan'
ERROR - 2024-04-18 10:37:43 --> Database query error: SELECT *
FROM `agent_master`
WHERE `email` = 'renuka.glansa@gmail'
ERROR - 2024-04-18 10:37:43 --> Database query error: SELECT *
FROM `agent_master`
WHERE `email` = 'renuk'
ERROR - 2024-04-18 10:37:43 --> Database query error: SELECT *
FROM `agent_master`
WHERE `email` = 'renuka.gla'
ERROR - 2024-04-18 10:37:43 --> Database query error: SELECT *
FROM `agent_master`
WHERE `email` = 'renuka.glansa'
ERROR - 2024-04-18 10:37:43 --> Database query error: SELECT *
FROM `agent_master`
WHERE `email` = 'renuka.glans'
ERROR - 2024-04-18 10:37:43 --> Database query error: SELECT *
FROM `agent_master`
WHERE `email` = 'renuka.gl'
ERROR - 2024-04-18 10:37:43 --> Database query error: SELECT *
FROM `agent_master`
WHERE `email` = 'renuka.glansa@gmail.'
ERROR - 2024-04-18 10:37:43 --> Database query error: SELECT *
FROM `agent_master`
WHERE `email` = 'renuka.glansa@g'
