ERROR - 2023-07-12 05:43:39 --> mysqli_sql_exception: Column 'is_admin' cannot be null in /home2/glansxfz/wwh.live/test/system/Database/MySQLi/Connection.php:295
Stack trace:
#0 /home2/glansxfz/wwh.live/test/system/Database/MySQLi/Connection.php(295): mysqli->query('INSERT INTO `st...', 0)
#1 /home2/glansxfz/wwh.live/test/system/Database/BaseConnection.php(692): CodeIgniter\Database\MySQLi\Connection->execute('INSERT INTO `st...')
#2 /home2/glansxfz/wwh.live/test/system/Database/BaseConnection.php(606): CodeIgniter\Database\BaseConnection->simpleQuery('INSERT INTO `st...')
#3 /home2/glansxfz/wwh.live/test/system/Database/BaseBuilder.php(2309): CodeIgniter\Database\BaseConnection->query('INSERT INTO `st...', Array, false)
#4 /home2/glansxfz/wwh.live/test/system/Model.php(330): CodeIgniter\Database\BaseBuilder->insert()
#5 /home2/glansxfz/wwh.live/test/system/BaseModel.php(782): CodeIgniter\Model->doInsert(Array)
#6 /home2/glansxfz/wwh.live/test/system/Model.php(730): CodeIgniter\BaseModel->insert(Array, true)
#7 /home2/glansxfz/wwh.live/test/app/Controllers/staffadmin.php(60): CodeIgniter\Model->insert(Array)
#8 /home2/glansxfz/wwh.live/test/system/CodeIgniter.php(932): App\Controllers\staffadmin->insert()
#9 /home2/glansxfz/wwh.live/test/system/CodeIgniter.php(497): CodeIgniter\CodeIgniter->runController(Object(App\Controllers\staffadmin))
#10 /home2/glansxfz/wwh.live/test/system/CodeIgniter.php(366): CodeIgniter\CodeIgniter->handleRequest(NULL, Object(Config\Cache), false)
#11 /home2/glansxfz/wwh.live/test/index.php(67): CodeIgniter\CodeIgniter->run()
#12 {main}
CRITICAL - 2023-07-12 05:43:39 --> Column 'is_admin' cannot be null
in SYSTEMPATH/Database/MySQLi/Connection.php on line 295.
 1 SYSTEMPATH/Database/MySQLi/Connection.php(295): mysqli->query('INSERT INTO `staff_master` (`name`, `type`, `is_admin`, `password`) VALUES (\'Anita\', \'superadmin\', NULL, \'\')', 0)
 2 SYSTEMPATH/Database/BaseConnection.php(692): CodeIgniter\Database\MySQLi\Connection->execute('INSERT INTO `staff_master` (`name`, `type`, `is_admin`, `password`) VALUES (\'Anita\', \'superadmin\', NULL, \'\')')
 3 SYSTEMPATH/Database/BaseConnection.php(606): CodeIgniter\Database\BaseConnection->simpleQuery('INSERT INTO `staff_master` (`name`, `type`, `is_admin`, `password`) VALUES (\'Anita\', \'superadmin\', NULL, \'\')')
 4 SYSTEMPATH/Database/BaseBuilder.php(2309): CodeIgniter\Database\BaseConnection->query('INSERT INTO `staff_master` (`name`, `type`, `is_admin`, `password`) VALUES (:name:, :type:, :is_admin:, :password:)', [...], false)
 5 SYSTEMPATH/Model.php(330): CodeIgniter\Database\BaseBuilder->insert()
 6 SYSTEMPATH/BaseModel.php(782): CodeIgniter\Model->doInsert([...])
 7 SYSTEMPATH/Model.php(730): CodeIgniter\BaseModel->insert([...], true)
 8 APPPATH/Controllers/staffadmin.php(60): CodeIgniter\Model->insert([...])
 9 SYSTEMPATH/CodeIgniter.php(932): App\Controllers\staffadmin->insert()
10 SYSTEMPATH/CodeIgniter.php(497): CodeIgniter\CodeIgniter->runController(Object(App\Controllers\staffadmin))
11 SYSTEMPATH/CodeIgniter.php(366): CodeIgniter\CodeIgniter->handleRequest(null, Object(Config\Cache), false)
12 FCPATH/index.php(67): CodeIgniter\CodeIgniter->run()
ERROR - 2023-07-12 05:46:12 --> mysqli_sql_exception: Column 'is_admin' cannot be null in /home2/glansxfz/wwh.live/test/system/Database/MySQLi/Connection.php:295
Stack trace:
#0 /home2/glansxfz/wwh.live/test/system/Database/MySQLi/Connection.php(295): mysqli->query('INSERT INTO `st...', 0)
#1 /home2/glansxfz/wwh.live/test/system/Database/BaseConnection.php(692): CodeIgniter\Database\MySQLi\Connection->execute('INSERT INTO `st...')
#2 /home2/glansxfz/wwh.live/test/system/Database/BaseConnection.php(606): CodeIgniter\Database\BaseConnection->simpleQuery('INSERT INTO `st...')
#3 /home2/glansxfz/wwh.live/test/system/Database/BaseBuilder.php(2309): CodeIgniter\Database\BaseConnection->query('INSERT INTO `st...', Array, false)
#4 /home2/glansxfz/wwh.live/test/system/Model.php(330): CodeIgniter\Database\BaseBuilder->insert()
#5 /home2/glansxfz/wwh.live/test/system/BaseModel.php(782): CodeIgniter\Model->doInsert(Array)
#6 /home2/glansxfz/wwh.live/test/system/Model.php(730): CodeIgniter\BaseModel->insert(Array, true)
#7 /home2/glansxfz/wwh.live/test/app/Controllers/staffadmin.php(60): CodeIgniter\Model->insert(Array)
#8 /home2/glansxfz/wwh.live/test/system/CodeIgniter.php(932): App\Controllers\staffadmin->insert()
#9 /home2/glansxfz/wwh.live/test/system/CodeIgniter.php(497): CodeIgniter\CodeIgniter->runController(Object(App\Controllers\staffadmin))
#10 /home2/glansxfz/wwh.live/test/system/CodeIgniter.php(366): CodeIgniter\CodeIgniter->handleRequest(NULL, Object(Config\Cache), false)
#11 /home2/glansxfz/wwh.live/test/index.php(67): CodeIgniter\CodeIgniter->run()
#12 {main}
CRITICAL - 2023-07-12 05:46:12 --> Column 'is_admin' cannot be null
in SYSTEMPATH/Database/MySQLi/Connection.php on line 295.
 1 SYSTEMPATH/Database/MySQLi/Connection.php(295): mysqli->query('INSERT INTO `staff_master` (`name`, `type`, `is_admin`, `password`) VALUES (\'anita\', \'superadmin\', NULL, \'\')', 0)
 2 SYSTEMPATH/Database/BaseConnection.php(692): CodeIgniter\Database\MySQLi\Connection->execute('INSERT INTO `staff_master` (`name`, `type`, `is_admin`, `password`) VALUES (\'anita\', \'superadmin\', NULL, \'\')')
 3 SYSTEMPATH/Database/BaseConnection.php(606): CodeIgniter\Database\BaseConnection->simpleQuery('INSERT INTO `staff_master` (`name`, `type`, `is_admin`, `password`) VALUES (\'anita\', \'superadmin\', NULL, \'\')')
 4 SYSTEMPATH/Database/BaseBuilder.php(2309): CodeIgniter\Database\BaseConnection->query('INSERT INTO `staff_master` (`name`, `type`, `is_admin`, `password`) VALUES (:name:, :type:, :is_admin:, :password:)', [...], false)
 5 SYSTEMPATH/Model.php(330): CodeIgniter\Database\BaseBuilder->insert()
 6 SYSTEMPATH/BaseModel.php(782): CodeIgniter\Model->doInsert([...])
 7 SYSTEMPATH/Model.php(730): CodeIgniter\BaseModel->insert([...], true)
 8 APPPATH/Controllers/staffadmin.php(60): CodeIgniter\Model->insert([...])
 9 SYSTEMPATH/CodeIgniter.php(932): App\Controllers\staffadmin->insert()
10 SYSTEMPATH/CodeIgniter.php(497): CodeIgniter\CodeIgniter->runController(Object(App\Controllers\staffadmin))
11 SYSTEMPATH/CodeIgniter.php(366): CodeIgniter\CodeIgniter->handleRequest(null, Object(Config\Cache), false)
12 FCPATH/index.php(67): CodeIgniter\CodeIgniter->run()
ERROR - 2023-07-12 18:28:52 --> mysqli_sql_exception: Column 'password' cannot be null in /home2/glansxfz/wwh.live/test/system/Database/MySQLi/Connection.php:295
Stack trace:
#0 /home2/glansxfz/wwh.live/test/system/Database/MySQLi/Connection.php(295): mysqli->query('INSERT INTO `st...', 0)
#1 /home2/glansxfz/wwh.live/test/system/Database/BaseConnection.php(692): CodeIgniter\Database\MySQLi\Connection->execute('INSERT INTO `st...')
#2 /home2/glansxfz/wwh.live/test/system/Database/BaseConnection.php(606): CodeIgniter\Database\BaseConnection->simpleQuery('INSERT INTO `st...')
#3 /home2/glansxfz/wwh.live/test/system/Database/BaseBuilder.php(2309): CodeIgniter\Database\BaseConnection->query('INSERT INTO `st...', Array, false)
#4 /home2/glansxfz/wwh.live/test/system/Model.php(330): CodeIgniter\Database\BaseBuilder->insert()
#5 /home2/glansxfz/wwh.live/test/system/BaseModel.php(782): CodeIgniter\Model->doInsert(Array)
#6 /home2/glansxfz/wwh.live/test/system/Model.php(730): CodeIgniter\BaseModel->insert(Array, true)
#7 /home2/glansxfz/wwh.live/test/app/Controllers/staffadmin.php(103): CodeIgniter\Model->insert(Array)
#8 /home2/glansxfz/wwh.live/test/system/CodeIgniter.php(932): App\Controllers\staffadmin->insert()
#9 /home2/glansxfz/wwh.live/test/system/CodeIgniter.php(497): CodeIgniter\CodeIgniter->runController(Object(App\Controllers\staffadmin))
#10 /home2/glansxfz/wwh.live/test/system/CodeIgniter.php(366): CodeIgniter\CodeIgniter->handleRequest(NULL, Object(Config\Cache), false)
#11 /home2/glansxfz/wwh.live/test/index.php(67): CodeIgniter\CodeIgniter->run()
#12 {main}
CRITICAL - 2023-07-12 18:28:52 --> Column 'password' cannot be null
in SYSTEMPATH/Database/MySQLi/Connection.php on line 295.
 1 SYSTEMPATH/Database/MySQLi/Connection.php(295): mysqli->query('INSERT INTO `staff_master` (`name`, `type`, `role`, `password`) VALUES (\'SBI\', \'admin\', \'Super Admin\', NULL)', 0)
 2 SYSTEMPATH/Database/BaseConnection.php(692): CodeIgniter\Database\MySQLi\Connection->execute('INSERT INTO `staff_master` (`name`, `type`, `role`, `password`) VALUES (\'SBI\', \'admin\', \'Super Admin\', NULL)')
 3 SYSTEMPATH/Database/BaseConnection.php(606): CodeIgniter\Database\BaseConnection->simpleQuery('INSERT INTO `staff_master` (`name`, `type`, `role`, `password`) VALUES (\'SBI\', \'admin\', \'Super Admin\', NULL)')
 4 SYSTEMPATH/Database/BaseBuilder.php(2309): CodeIgniter\Database\BaseConnection->query('INSERT INTO `staff_master` (`name`, `type`, `role`, `password`) VALUES (:name:, :type:, :role:, :password:)', [...], false)
 5 SYSTEMPATH/Model.php(330): CodeIgniter\Database\BaseBuilder->insert()
 6 SYSTEMPATH/BaseModel.php(782): CodeIgniter\Model->doInsert([...])
 7 SYSTEMPATH/Model.php(730): CodeIgniter\BaseModel->insert([...], true)
 8 APPPATH/Controllers/staffadmin.php(103): CodeIgniter\Model->insert([...])
 9 SYSTEMPATH/CodeIgniter.php(932): App\Controllers\staffadmin->insert()
10 SYSTEMPATH/CodeIgniter.php(497): CodeIgniter\CodeIgniter->runController(Object(App\Controllers\staffadmin))
11 SYSTEMPATH/CodeIgniter.php(366): CodeIgniter\CodeIgniter->handleRequest(null, Object(Config\Cache), false)
12 FCPATH/index.php(67): CodeIgniter\CodeIgniter->run()
ERROR - 2023-07-12 18:29:20 --> mysqli_sql_exception: Column 'password' cannot be null in /home2/glansxfz/wwh.live/test/system/Database/MySQLi/Connection.php:295
Stack trace:
#0 /home2/glansxfz/wwh.live/test/system/Database/MySQLi/Connection.php(295): mysqli->query('INSERT INTO `st...', 0)
#1 /home2/glansxfz/wwh.live/test/system/Database/BaseConnection.php(692): CodeIgniter\Database\MySQLi\Connection->execute('INSERT INTO `st...')
#2 /home2/glansxfz/wwh.live/test/system/Database/BaseConnection.php(606): CodeIgniter\Database\BaseConnection->simpleQuery('INSERT INTO `st...')
#3 /home2/glansxfz/wwh.live/test/system/Database/BaseBuilder.php(2309): CodeIgniter\Database\BaseConnection->query('INSERT INTO `st...', Array, false)
#4 /home2/glansxfz/wwh.live/test/system/Model.php(330): CodeIgniter\Database\BaseBuilder->insert()
#5 /home2/glansxfz/wwh.live/test/system/BaseModel.php(782): CodeIgniter\Model->doInsert(Array)
#6 /home2/glansxfz/wwh.live/test/system/Model.php(730): CodeIgniter\BaseModel->insert(Array, true)
#7 /home2/glansxfz/wwh.live/test/app/Controllers/staffadmin.php(103): CodeIgniter\Model->insert(Array)
#8 /home2/glansxfz/wwh.live/test/system/CodeIgniter.php(932): App\Controllers\staffadmin->insert()
#9 /home2/glansxfz/wwh.live/test/system/CodeIgniter.php(497): CodeIgniter\CodeIgniter->runController(Object(App\Controllers\staffadmin))
#10 /home2/glansxfz/wwh.live/test/system/CodeIgniter.php(366): CodeIgniter\CodeIgniter->handleRequest(NULL, Object(Config\Cache), false)
#11 /home2/glansxfz/wwh.live/test/index.php(67): CodeIgniter\CodeIgniter->run()
#12 {main}
CRITICAL - 2023-07-12 18:29:20 --> Column 'password' cannot be null
in SYSTEMPATH/Database/MySQLi/Connection.php on line 295.
 1 SYSTEMPATH/Database/MySQLi/Connection.php(295): mysqli->query('INSERT INTO `staff_master` (`name`, `type`, `role`, `password`) VALUES (\'SBI\', \'admin\', \'Super Admin\', NULL)', 0)
 2 SYSTEMPATH/Database/BaseConnection.php(692): CodeIgniter\Database\MySQLi\Connection->execute('INSERT INTO `staff_master` (`name`, `type`, `role`, `password`) VALUES (\'SBI\', \'admin\', \'Super Admin\', NULL)')
 3 SYSTEMPATH/Database/BaseConnection.php(606): CodeIgniter\Database\BaseConnection->simpleQuery('INSERT INTO `staff_master` (`name`, `type`, `role`, `password`) VALUES (\'SBI\', \'admin\', \'Super Admin\', NULL)')
 4 SYSTEMPATH/Database/BaseBuilder.php(2309): CodeIgniter\Database\BaseConnection->query('INSERT INTO `staff_master` (`name`, `type`, `role`, `password`) VALUES (:name:, :type:, :role:, :password:)', [...], false)
 5 SYSTEMPATH/Model.php(330): CodeIgniter\Database\BaseBuilder->insert()
 6 SYSTEMPATH/BaseModel.php(782): CodeIgniter\Model->doInsert([...])
 7 SYSTEMPATH/Model.php(730): CodeIgniter\BaseModel->insert([...], true)
 8 APPPATH/Controllers/staffadmin.php(103): CodeIgniter\Model->insert([...])
 9 SYSTEMPATH/CodeIgniter.php(932): App\Controllers\staffadmin->insert()
10 SYSTEMPATH/CodeIgniter.php(497): CodeIgniter\CodeIgniter->runController(Object(App\Controllers\staffadmin))
11 SYSTEMPATH/CodeIgniter.php(366): CodeIgniter\CodeIgniter->handleRequest(null, Object(Config\Cache), false)
12 FCPATH/index.php(67): CodeIgniter\CodeIgniter->run()
